[3.129s] DEBUG:colcon:Command line arguments: ['/usr/bin/colcon', 'build']
[3.129s] DEBUG:colcon:Parsed command line arguments: Namespace(log_base=None, log_level=None, verb_name='build', build_base='build', install_base='install', merge_install=False, symlink_install=False, test_result_base=None, continue_on_error=False, executor='parallel', parallel_workers=12, event_handlers=None, ignore_user_meta=False, metas=['./colcon.meta'], base_paths=['.'], packages_ignore=None, packages_ignore_regex=None, paths=None, packages_up_to=None, packages_up_to_regex=None, packages_above=None, packages_above_and_dependencies=None, packages_above_depth=None, packages_select_by_dep=None, packages_skip_by_dep=None, packages_skip_up_to=None, packages_select_build_failed=False, packages_skip_build_finished=False, packages_select_test_failures=False, packages_skip_test_passed=False, packages_select=None, packages_skip=None, packages_select_regex=None, packages_skip_regex=None, packages_start=None, packages_end=None, allow_overriding=[], cmake_args=None, cmake_target=None, cmake_target_skip_unavailable=False, cmake_clean_cache=False, cmake_clean_first=False, cmake_force_configure=False, ament_cmake_args=None, catkin_cmake_args=None, catkin_skip_building_tests=False, verb_parser=<colcon_defaults.argument_parser.defaults.DefaultArgumentsDecorator object at 0x7ffa3075d9f0>, verb_extension=<colcon_core.verb.build.BuildVerb object at 0x7ffa30fe4130>, main=<bound method BuildVerb.main of <colcon_core.verb.build.BuildVerb object at 0x7ffa30fe4130>>)
[3.421s] Level 1:colcon.colcon_core.package_discovery:discover_packages(colcon_meta) check parameters
[3.421s] Level 1:colcon.colcon_core.package_discovery:discover_packages(recursive) check parameters
[3.421s] Level 1:colcon.colcon_core.package_discovery:discover_packages(ignore) check parameters
[3.421s] Level 1:colcon.colcon_core.package_discovery:discover_packages(path) check parameters
[3.421s] Level 1:colcon.colcon_core.package_discovery:discover_packages(colcon_meta) discover
[3.421s] Level 1:colcon.colcon_core.package_discovery:discover_packages(recursive) discover
[3.421s] INFO:colcon.colcon_core.package_discovery:Crawling recursively for packages in '/home/tony/autonav_software_2024'
[3.421s] Level 1:colcon.colcon_core.package_identification:_identify(.) by extensions ['ignore', 'ignore_ament_install']
[3.421s] Level 1:colcon.colcon_core.package_identification:_identify(.) by extension 'ignore'
[3.421s] Level 1:colcon.colcon_core.package_identification:_identify(.) by extension 'ignore_ament_install'
[3.421s] Level 1:colcon.colcon_core.package_identification:_identify(.) by extensions ['colcon_pkg']
[3.421s] Level 1:colcon.colcon_core.package_identification:_identify(.) by extension 'colcon_pkg'
[3.422s] Level 1:colcon.colcon_core.package_identification:_identify(.) by extensions ['colcon_meta']
[3.422s] Level 1:colcon.colcon_core.package_identification:_identify(.) by extension 'colcon_meta'
[3.422s] Level 1:colcon.colcon_core.package_identification:_identify(.) by extensions ['ros']
[3.422s] Level 1:colcon.colcon_core.package_identification:_identify(.) by extension 'ros'
[3.466s] Level 1:colcon.colcon_core.package_identification:_identify(.) by extensions ['cmake', 'python']
[3.466s] Level 1:colcon.colcon_core.package_identification:_identify(.) by extension 'cmake'
[3.466s] Level 1:colcon.colcon_core.package_identification:_identify(.) by extension 'python'
[3.466s] Level 1:colcon.colcon_core.package_identification:_identify(.) by extensions ['python_setup_py']
[3.466s] Level 1:colcon.colcon_core.package_identification:_identify(.) by extension 'python_setup_py'
[3.467s] Level 1:colcon.colcon_core.package_identification:_identify(autonav_ws) by extensions ['ignore', 'ignore_ament_install']
[3.467s] Level 1:colcon.colcon_core.package_identification:_identify(autonav_ws) by extension 'ignore'
[3.467s] Level 1:colcon.colcon_core.package_identification:_identify(autonav_ws) by extension 'ignore_ament_install'
[3.467s] Level 1:colcon.colcon_core.package_identification:_identify(autonav_ws) by extensions ['colcon_pkg']
[3.467s] Level 1:colcon.colcon_core.package_identification:_identify(autonav_ws) by extension 'colcon_pkg'
[3.467s] Level 1:colcon.colcon_core.package_identification:_identify(autonav_ws) by extensions ['colcon_meta']
[3.467s] Level 1:colcon.colcon_core.package_identification:_identify(autonav_ws) by extension 'colcon_meta'
[3.467s] Level 1:colcon.colcon_core.package_identification:_identify(autonav_ws) by extensions ['ros']
[3.467s] Level 1:colcon.colcon_core.package_identification:_identify(autonav_ws) by extension 'ros'
[3.467s] Level 1:colcon.colcon_core.package_identification:_identify(autonav_ws) by extensions ['cmake', 'python']
[3.467s] Level 1:colcon.colcon_core.package_identification:_identify(autonav_ws) by extension 'cmake'
[3.467s] Level 1:colcon.colcon_core.package_identification:_identify(autonav_ws) by extension 'python'
[3.467s] Level 1:colcon.colcon_core.package_identification:_identify(autonav_ws) by extensions ['python_setup_py']
[3.467s] Level 1:colcon.colcon_core.package_identification:_identify(autonav_ws) by extension 'python_setup_py'
[3.467s] Level 1:colcon.colcon_core.package_identification:_identify(autonav_ws/autonav_filters) by extensions ['ignore', 'ignore_ament_install']
[3.467s] Level 1:colcon.colcon_core.package_identification:_identify(autonav_ws/autonav_filters) by extension 'ignore'
[3.467s] Level 1:colcon.colcon_core.package_identification:_identify(autonav_ws/autonav_filters) by extension 'ignore_ament_install'
[3.467s] Level 1:colcon.colcon_core.package_identification:_identify(autonav_ws/autonav_filters) by extensions ['colcon_pkg']
[3.467s] Level 1:colcon.colcon_core.package_identification:_identify(autonav_ws/autonav_filters) by extension 'colcon_pkg'
[3.467s] Level 1:colcon.colcon_core.package_identification:_identify(autonav_ws/autonav_filters) by extensions ['colcon_meta']
[3.467s] Level 1:colcon.colcon_core.package_identification:_identify(autonav_ws/autonav_filters) by extension 'colcon_meta'
[3.467s] Level 1:colcon.colcon_core.package_identification:_identify(autonav_ws/autonav_filters) by extensions ['ros']
[3.467s] Level 1:colcon.colcon_core.package_identification:_identify(autonav_ws/autonav_filters) by extension 'ros'
[3.501s] DEBUG:colcon.colcon_core.package_identification:Package 'autonav_ws/autonav_filters' with type 'ros.ament_cmake' and name 'autonav_filters'
[3.501s] Level 1:colcon.colcon_core.package_identification:_identify(build) by extensions ['ignore', 'ignore_ament_install']
[3.501s] Level 1:colcon.colcon_core.package_identification:_identify(build) by extension 'ignore'
[3.501s] Level 1:colcon.colcon_core.package_identification:_identify(build) ignored
[3.501s] Level 1:colcon.colcon_core.package_identification:_identify(install) by extensions ['ignore', 'ignore_ament_install']
[3.502s] Level 1:colcon.colcon_core.package_identification:_identify(install) by extension 'ignore'
[3.502s] Level 1:colcon.colcon_core.package_identification:_identify(install) ignored
[3.502s] Level 1:colcon.colcon_core.package_identification:_identify(log) by extensions ['ignore', 'ignore_ament_install']
[3.502s] Level 1:colcon.colcon_core.package_identification:_identify(log) by extension 'ignore'
[3.502s] Level 1:colcon.colcon_core.package_identification:_identify(log) ignored
[3.502s] Level 1:colcon.colcon_core.package_identification:_identify(scripts) by extensions ['ignore', 'ignore_ament_install']
[3.502s] Level 1:colcon.colcon_core.package_identification:_identify(scripts) by extension 'ignore'
[3.502s] Level 1:colcon.colcon_core.package_identification:_identify(scripts) by extension 'ignore_ament_install'
[3.502s] Level 1:colcon.colcon_core.package_identification:_identify(scripts) by extensions ['colcon_pkg']
[3.502s] Level 1:colcon.colcon_core.package_identification:_identify(scripts) by extension 'colcon_pkg'
[3.502s] Level 1:colcon.colcon_core.package_identification:_identify(scripts) by extensions ['colcon_meta']
[3.502s] Level 1:colcon.colcon_core.package_identification:_identify(scripts) by extension 'colcon_meta'
[3.502s] Level 1:colcon.colcon_core.package_identification:_identify(scripts) by extensions ['ros']
[3.502s] Level 1:colcon.colcon_core.package_identification:_identify(scripts) by extension 'ros'
[3.502s] Level 1:colcon.colcon_core.package_identification:_identify(scripts) by extensions ['cmake', 'python']
[3.502s] Level 1:colcon.colcon_core.package_identification:_identify(scripts) by extension 'cmake'
[3.502s] Level 1:colcon.colcon_core.package_identification:_identify(scripts) by extension 'python'
[3.502s] Level 1:colcon.colcon_core.package_identification:_identify(scripts) by extensions ['python_setup_py']
[3.502s] Level 1:colcon.colcon_core.package_identification:_identify(scripts) by extension 'python_setup_py'
[3.517s] Level 1:colcon.colcon_core.package_identification:_identify(scripts/format_package) by extensions ['ignore', 'ignore_ament_install']
[3.517s] Level 1:colcon.colcon_core.package_identification:_identify(scripts/format_package) by extension 'ignore'
[3.517s] Level 1:colcon.colcon_core.package_identification:_identify(scripts/format_package) by extension 'ignore_ament_install'
[3.517s] Level 1:colcon.colcon_core.package_identification:_identify(scripts/format_package) by extensions ['colcon_pkg']
[3.517s] Level 1:colcon.colcon_core.package_identification:_identify(scripts/format_package) by extension 'colcon_pkg'
[3.517s] Level 1:colcon.colcon_core.package_identification:_identify(scripts/format_package) by extensions ['colcon_meta']
[3.517s] Level 1:colcon.colcon_core.package_identification:_identify(scripts/format_package) by extension 'colcon_meta'
[3.517s] Level 1:colcon.colcon_core.package_identification:_identify(scripts/format_package) by extensions ['ros']
[3.517s] Level 1:colcon.colcon_core.package_identification:_identify(scripts/format_package) by extension 'ros'
[3.517s] Level 1:colcon.colcon_core.package_identification:_identify(scripts/format_package) by extensions ['cmake', 'python']
[3.517s] Level 1:colcon.colcon_core.package_identification:_identify(scripts/format_package) by extension 'cmake'
[3.517s] Level 1:colcon.colcon_core.package_identification:_identify(scripts/format_package) by extension 'python'
[3.517s] Level 1:colcon.colcon_core.package_identification:_identify(scripts/format_package) by extensions ['python_setup_py']
[3.517s] Level 1:colcon.colcon_core.package_identification:_identify(scripts/format_package) by extension 'python_setup_py'
[3.517s] Level 1:colcon.colcon_core.package_discovery:discover_packages(recursive) using defaults
[3.517s] Level 1:colcon.colcon_core.package_discovery:discover_packages(ignore) discover
[3.517s] Level 1:colcon.colcon_core.package_discovery:discover_packages(ignore) using defaults
[3.517s] Level 1:colcon.colcon_core.package_discovery:discover_packages(path) discover
[3.517s] Level 1:colcon.colcon_core.package_discovery:discover_packages(path) using defaults
[3.628s] Level 1:colcon.colcon_core.package_discovery:discover_packages(prefix_path) check parameters
[3.628s] Level 1:colcon.colcon_core.package_discovery:discover_packages(prefix_path) discover
[3.629s] Level 1:colcon.colcon_core.package_discovery:discover_packages(prefix_path) using defaults
[3.630s] Level 5:colcon.colcon_core.verb:set package 'autonav_filters' build argument 'cmake_args' from command line to 'None'
[3.630s] Level 5:colcon.colcon_core.verb:set package 'autonav_filters' build argument 'cmake_target' from command line to 'None'
[3.630s] Level 5:colcon.colcon_core.verb:set package 'autonav_filters' build argument 'cmake_target_skip_unavailable' from command line to 'False'
[3.630s] Level 5:colcon.colcon_core.verb:set package 'autonav_filters' build argument 'cmake_clean_cache' from command line to 'False'
[3.630s] Level 5:colcon.colcon_core.verb:set package 'autonav_filters' build argument 'cmake_clean_first' from command line to 'False'
[3.630s] Level 5:colcon.colcon_core.verb:set package 'autonav_filters' build argument 'cmake_force_configure' from command line to 'False'
[3.630s] Level 5:colcon.colcon_core.verb:set package 'autonav_filters' build argument 'ament_cmake_args' from command line to 'None'
[3.630s] Level 5:colcon.colcon_core.verb:set package 'autonav_filters' build argument 'catkin_cmake_args' from command line to 'None'
[3.630s] Level 5:colcon.colcon_core.verb:set package 'autonav_filters' build argument 'catkin_skip_building_tests' from command line to 'False'
[3.630s] DEBUG:colcon.colcon_core.verb:Building package 'autonav_filters' with the following arguments: {'ament_cmake_args': None, 'build_base': '/home/tony/autonav_software_2024/build/autonav_filters', 'catkin_cmake_args': None, 'catkin_skip_building_tests': False, 'cmake_args': None, 'cmake_clean_cache': False, 'cmake_clean_first': False, 'cmake_force_configure': False, 'cmake_target': None, 'cmake_target_skip_unavailable': False, 'install_base': '/home/tony/autonav_software_2024/install/autonav_filters', 'merge_install': False, 'path': '/home/tony/autonav_software_2024/autonav_ws/autonav_filters', 'symlink_install': False, 'test_result_base': None}
[3.630s] INFO:colcon.colcon_core.executor:Executing jobs using 'parallel' executor
[3.633s] DEBUG:colcon.colcon_parallel_executor.executor.parallel:run_until_complete
[3.633s] INFO:colcon.colcon_ros.task.ament_cmake.build:Building ROS package in '/home/tony/autonav_software_2024/autonav_ws/autonav_filters' with build type 'ament_cmake'
[3.633s] INFO:colcon.colcon_cmake.task.cmake.build:Building CMake package in '/home/tony/autonav_software_2024/autonav_ws/autonav_filters'
[3.657s] INFO:colcon.colcon_core.plugin_system:Skipping extension 'colcon_core.shell.bat': Not used on non-Windows systems
[3.657s] INFO:colcon.colcon_core.shell:Skip shell extension 'powershell' for command environment: Not usable outside of PowerShell
[3.657s] DEBUG:colcon.colcon_core.shell:Skip shell extension 'dsv' for command environment
[3.660s] DEBUG:colcon.colcon_core.event_handler.log_command:Invoking command in '/home/tony/autonav_software_2024/build/autonav_filters': /usr/bin/cmake /home/tony/autonav_software_2024/autonav_ws/autonav_filters -DCMAKE_INSTALL_PREFIX=/home/tony/autonav_software_2024/install/autonav_filters
[5.749s] DEBUG:colcon.colcon_core.event_handler.log_command:Invoked command in '/home/tony/autonav_software_2024/build/autonav_filters' returned '1': /usr/bin/cmake /home/tony/autonav_software_2024/autonav_ws/autonav_filters -DCMAKE_INSTALL_PREFIX=/home/tony/autonav_software_2024/install/autonav_filters
[5.756s] Level 1:colcon.colcon_core.environment:create_environment_scripts_only(autonav_filters)
[5.779s] Level 1:colcon.colcon_core.environment:checking '/home/tony/autonav_software_2024/install/autonav_filters' for CMake module files
[5.779s] Level 1:colcon.colcon_core.environment:checking '/home/tony/autonav_software_2024/install/autonav_filters' for CMake config files
[5.780s] Level 1:colcon.colcon_core.environment:checking '/home/tony/autonav_software_2024/install/autonav_filters/bin'
[5.780s] Level 1:colcon.colcon_core.environment:checking '/home/tony/autonav_software_2024/install/autonav_filters/lib/pkgconfig/autonav_filters.pc'
[5.781s] Level 1:colcon.colcon_core.environment:checking '/home/tony/autonav_software_2024/install/autonav_filters/lib/python3.10/site-packages'
[5.781s] Level 1:colcon.colcon_core.environment:checking '/home/tony/autonav_software_2024/install/autonav_filters/bin'
[5.782s] INFO:colcon.colcon_core.shell:Creating package script '/home/tony/autonav_software_2024/install/autonav_filters/share/autonav_filters/package.ps1'
[5.783s] INFO:colcon.colcon_core.shell:Creating package descriptor '/home/tony/autonav_software_2024/install/autonav_filters/share/autonav_filters/package.dsv'
[5.783s] INFO:colcon.colcon_core.shell:Creating package script '/home/tony/autonav_software_2024/install/autonav_filters/share/autonav_filters/package.sh'
[5.784s] INFO:colcon.colcon_core.shell:Creating package script '/home/tony/autonav_software_2024/install/autonav_filters/share/autonav_filters/package.bash'
[5.784s] INFO:colcon.colcon_core.shell:Creating package script '/home/tony/autonav_software_2024/install/autonav_filters/share/autonav_filters/package.zsh'
[5.785s] Level 1:colcon.colcon_core.environment:create_file_with_runtime_dependencies(/home/tony/autonav_software_2024/install/autonav_filters/share/colcon-core/packages/autonav_filters)
[5.795s] DEBUG:colcon.colcon_parallel_executor.executor.parallel:closing loop
[5.795s] DEBUG:colcon.colcon_parallel_executor.executor.parallel:loop closed
[5.795s] DEBUG:colcon.colcon_parallel_executor.executor.parallel:run_until_complete finished with '1'
[5.795s] DEBUG:colcon.colcon_core.event_reactor:joining thread
[5.799s] INFO:colcon.colcon_core.plugin_system:Skipping extension 'colcon_notification.desktop_notification.terminal_notifier': Not used on non-Darwin systems
[5.799s] INFO:colcon.colcon_core.plugin_system:Skipping extension 'colcon_notification.desktop_notification.win32': Not used on non-Windows systems
[5.799s] INFO:colcon.colcon_notification.desktop_notification:Sending desktop notification using 'notify2'
[5.822s] DEBUG:colcon.colcon_core.event_reactor:joined thread
[5.823s] INFO:colcon.colcon_core.shell:Creating prefix script '/home/tony/autonav_software_2024/install/local_setup.ps1'
[5.824s] INFO:colcon.colcon_core.shell:Creating prefix util module '/home/tony/autonav_software_2024/install/_local_setup_util_ps1.py'
[5.825s] INFO:colcon.colcon_core.shell:Creating prefix chain script '/home/tony/autonav_software_2024/install/setup.ps1'
[5.826s] INFO:colcon.colcon_core.shell:Creating prefix script '/home/tony/autonav_software_2024/install/local_setup.sh'
[5.826s] INFO:colcon.colcon_core.shell:Creating prefix util module '/home/tony/autonav_software_2024/install/_local_setup_util_sh.py'
[5.826s] INFO:colcon.colcon_core.shell:Creating prefix chain script '/home/tony/autonav_software_2024/install/setup.sh'
[5.827s] INFO:colcon.colcon_core.shell:Creating prefix script '/home/tony/autonav_software_2024/install/local_setup.bash'
[5.827s] INFO:colcon.colcon_core.shell:Creating prefix chain script '/home/tony/autonav_software_2024/install/setup.bash'
[5.828s] INFO:colcon.colcon_core.shell:Creating prefix script '/home/tony/autonav_software_2024/install/local_setup.zsh'
[5.828s] INFO:colcon.colcon_core.shell:Creating prefix chain script '/home/tony/autonav_software_2024/install/setup.zsh'
