[0.186s] DEBUG:colcon:Command line arguments: ['/usr/bin/colcon', 'build']
[0.186s] DEBUG:colcon:Parsed command line arguments: Namespace(log_base=None, log_level=None, verb_name='build', build_base='build', install_base='install', merge_install=False, symlink_install=False, test_result_base=None, continue_on_error=False, executor='parallel', parallel_workers=12, event_handlers=None, ignore_user_meta=False, metas=['./colcon.meta'], base_paths=['.'], packages_ignore=None, packages_ignore_regex=None, paths=None, packages_up_to=None, packages_up_to_regex=None, packages_above=None, packages_above_and_dependencies=None, packages_above_depth=None, packages_select_by_dep=None, packages_skip_by_dep=None, packages_skip_up_to=None, packages_select_build_failed=False, packages_skip_build_finished=False, packages_select_test_failures=False, packages_skip_test_passed=False, packages_select=None, packages_skip=None, packages_select_regex=None, packages_skip_regex=None, packages_start=None, packages_end=None, allow_overriding=[], cmake_args=None, cmake_target=None, cmake_target_skip_unavailable=False, cmake_clean_cache=False, cmake_clean_first=False, cmake_force_configure=False, ament_cmake_args=None, catkin_cmake_args=None, catkin_skip_building_tests=False, verb_parser=<colcon_defaults.argument_parser.defaults.DefaultArgumentsDecorator object at 0x7f5b29955d80>, verb_extension=<colcon_core.verb.build.BuildVerb object at 0x7f5b2a839f30>, main=<bound method BuildVerb.main of <colcon_core.verb.build.BuildVerb object at 0x7f5b2a839f30>>)
[0.206s] Level 1:colcon.colcon_core.package_discovery:discover_packages(colcon_meta) check parameters
[0.206s] Level 1:colcon.colcon_core.package_discovery:discover_packages(recursive) check parameters
[0.206s] Level 1:colcon.colcon_core.package_discovery:discover_packages(ignore) check parameters
[0.206s] Level 1:colcon.colcon_core.package_discovery:discover_packages(path) check parameters
[0.206s] Level 1:colcon.colcon_core.package_discovery:discover_packages(colcon_meta) discover
[0.206s] Level 1:colcon.colcon_core.package_discovery:discover_packages(recursive) discover
[0.206s] INFO:colcon.colcon_core.package_discovery:Crawling recursively for packages in '/home/tony/autonav_software_2024'
[0.207s] Level 1:colcon.colcon_core.package_identification:_identify(.) by extensions ['ignore', 'ignore_ament_install']
[0.207s] Level 1:colcon.colcon_core.package_identification:_identify(.) by extension 'ignore'
[0.207s] Level 1:colcon.colcon_core.package_identification:_identify(.) by extension 'ignore_ament_install'
[0.207s] Level 1:colcon.colcon_core.package_identification:_identify(.) by extensions ['colcon_pkg']
[0.207s] Level 1:colcon.colcon_core.package_identification:_identify(.) by extension 'colcon_pkg'
[0.207s] Level 1:colcon.colcon_core.package_identification:_identify(.) by extensions ['colcon_meta']
[0.207s] Level 1:colcon.colcon_core.package_identification:_identify(.) by extension 'colcon_meta'
[0.207s] Level 1:colcon.colcon_core.package_identification:_identify(.) by extensions ['ros']
[0.207s] Level 1:colcon.colcon_core.package_identification:_identify(.) by extension 'ros'
[0.214s] Level 1:colcon.colcon_core.package_identification:_identify(.) by extensions ['cmake', 'python']
[0.214s] Level 1:colcon.colcon_core.package_identification:_identify(.) by extension 'cmake'
[0.214s] Level 1:colcon.colcon_core.package_identification:_identify(.) by extension 'python'
[0.215s] Level 1:colcon.colcon_core.package_identification:_identify(.) by extensions ['python_setup_py']
[0.215s] Level 1:colcon.colcon_core.package_identification:_identify(.) by extension 'python_setup_py'
[0.215s] Level 1:colcon.colcon_core.package_identification:_identify(autonav_ws) by extensions ['ignore', 'ignore_ament_install']
[0.215s] Level 1:colcon.colcon_core.package_identification:_identify(autonav_ws) by extension 'ignore'
[0.215s] Level 1:colcon.colcon_core.package_identification:_identify(autonav_ws) by extension 'ignore_ament_install'
[0.215s] Level 1:colcon.colcon_core.package_identification:_identify(autonav_ws) by extensions ['colcon_pkg']
[0.215s] Level 1:colcon.colcon_core.package_identification:_identify(autonav_ws) by extension 'colcon_pkg'
[0.215s] Level 1:colcon.colcon_core.package_identification:_identify(autonav_ws) by extensions ['colcon_meta']
[0.215s] Level 1:colcon.colcon_core.package_identification:_identify(autonav_ws) by extension 'colcon_meta'
[0.215s] Level 1:colcon.colcon_core.package_identification:_identify(autonav_ws) by extensions ['ros']
[0.215s] Level 1:colcon.colcon_core.package_identification:_identify(autonav_ws) by extension 'ros'
[0.215s] Level 1:colcon.colcon_core.package_identification:_identify(autonav_ws) by extensions ['cmake', 'python']
[0.215s] Level 1:colcon.colcon_core.package_identification:_identify(autonav_ws) by extension 'cmake'
[0.215s] Level 1:colcon.colcon_core.package_identification:_identify(autonav_ws) by extension 'python'
[0.215s] Level 1:colcon.colcon_core.package_identification:_identify(autonav_ws) by extensions ['python_setup_py']
[0.215s] Level 1:colcon.colcon_core.package_identification:_identify(autonav_ws) by extension 'python_setup_py'
[0.215s] Level 1:colcon.colcon_core.package_identification:_identify(autonav_ws/autonav_filters) by extensions ['ignore', 'ignore_ament_install']
[0.215s] Level 1:colcon.colcon_core.package_identification:_identify(autonav_ws/autonav_filters) by extension 'ignore'
[0.215s] Level 1:colcon.colcon_core.package_identification:_identify(autonav_ws/autonav_filters) by extension 'ignore_ament_install'
[0.215s] Level 1:colcon.colcon_core.package_identification:_identify(autonav_ws/autonav_filters) by extensions ['colcon_pkg']
[0.215s] Level 1:colcon.colcon_core.package_identification:_identify(autonav_ws/autonav_filters) by extension 'colcon_pkg'
[0.215s] Level 1:colcon.colcon_core.package_identification:_identify(autonav_ws/autonav_filters) by extensions ['colcon_meta']
[0.215s] Level 1:colcon.colcon_core.package_identification:_identify(autonav_ws/autonav_filters) by extension 'colcon_meta'
[0.215s] Level 1:colcon.colcon_core.package_identification:_identify(autonav_ws/autonav_filters) by extensions ['ros']
[0.215s] Level 1:colcon.colcon_core.package_identification:_identify(autonav_ws/autonav_filters) by extension 'ros'
[0.217s] DEBUG:colcon.colcon_core.package_identification:Package 'autonav_ws/autonav_filters' with type 'ros.ament_cmake' and name 'autonav_filters'
[0.217s] Level 1:colcon.colcon_core.package_identification:_identify(build) by extensions ['ignore', 'ignore_ament_install']
[0.217s] Level 1:colcon.colcon_core.package_identification:_identify(build) by extension 'ignore'
[0.217s] Level 1:colcon.colcon_core.package_identification:_identify(build) ignored
[0.217s] Level 1:colcon.colcon_core.package_identification:_identify(install) by extensions ['ignore', 'ignore_ament_install']
[0.217s] Level 1:colcon.colcon_core.package_identification:_identify(install) by extension 'ignore'
[0.217s] Level 1:colcon.colcon_core.package_identification:_identify(install) ignored
[0.217s] Level 1:colcon.colcon_core.package_identification:_identify(log) by extensions ['ignore', 'ignore_ament_install']
[0.217s] Level 1:colcon.colcon_core.package_identification:_identify(log) by extension 'ignore'
[0.218s] Level 1:colcon.colcon_core.package_identification:_identify(log) ignored
[0.218s] Level 1:colcon.colcon_core.package_identification:_identify(scripts) by extensions ['ignore', 'ignore_ament_install']
[0.218s] Level 1:colcon.colcon_core.package_identification:_identify(scripts) by extension 'ignore'
[0.218s] Level 1:colcon.colcon_core.package_identification:_identify(scripts) by extension 'ignore_ament_install'
[0.218s] Level 1:colcon.colcon_core.package_identification:_identify(scripts) by extensions ['colcon_pkg']
[0.218s] Level 1:colcon.colcon_core.package_identification:_identify(scripts) by extension 'colcon_pkg'
[0.218s] Level 1:colcon.colcon_core.package_identification:_identify(scripts) by extensions ['colcon_meta']
[0.218s] Level 1:colcon.colcon_core.package_identification:_identify(scripts) by extension 'colcon_meta'
[0.218s] Level 1:colcon.colcon_core.package_identification:_identify(scripts) by extensions ['ros']
[0.218s] Level 1:colcon.colcon_core.package_identification:_identify(scripts) by extension 'ros'
[0.218s] Level 1:colcon.colcon_core.package_identification:_identify(scripts) by extensions ['cmake', 'python']
[0.218s] Level 1:colcon.colcon_core.package_identification:_identify(scripts) by extension 'cmake'
[0.218s] Level 1:colcon.colcon_core.package_identification:_identify(scripts) by extension 'python'
[0.218s] Level 1:colcon.colcon_core.package_identification:_identify(scripts) by extensions ['python_setup_py']
[0.218s] Level 1:colcon.colcon_core.package_identification:_identify(scripts) by extension 'python_setup_py'
[0.218s] Level 1:colcon.colcon_core.package_identification:_identify(scripts/format_package) by extensions ['ignore', 'ignore_ament_install']
[0.218s] Level 1:colcon.colcon_core.package_identification:_identify(scripts/format_package) by extension 'ignore'
[0.218s] Level 1:colcon.colcon_core.package_identification:_identify(scripts/format_package) by extension 'ignore_ament_install'
[0.218s] Level 1:colcon.colcon_core.package_identification:_identify(scripts/format_package) by extensions ['colcon_pkg']
[0.218s] Level 1:colcon.colcon_core.package_identification:_identify(scripts/format_package) by extension 'colcon_pkg'
[0.218s] Level 1:colcon.colcon_core.package_identification:_identify(scripts/format_package) by extensions ['colcon_meta']
[0.218s] Level 1:colcon.colcon_core.package_identification:_identify(scripts/format_package) by extension 'colcon_meta'
[0.218s] Level 1:colcon.colcon_core.package_identification:_identify(scripts/format_package) by extensions ['ros']
[0.218s] Level 1:colcon.colcon_core.package_identification:_identify(scripts/format_package) by extension 'ros'
[0.218s] Level 1:colcon.colcon_core.package_identification:_identify(scripts/format_package) by extensions ['cmake', 'python']
[0.218s] Level 1:colcon.colcon_core.package_identification:_identify(scripts/format_package) by extension 'cmake'
[0.218s] Level 1:colcon.colcon_core.package_identification:_identify(scripts/format_package) by extension 'python'
[0.218s] Level 1:colcon.colcon_core.package_identification:_identify(scripts/format_package) by extensions ['python_setup_py']
[0.218s] Level 1:colcon.colcon_core.package_identification:_identify(scripts/format_package) by extension 'python_setup_py'
[0.219s] Level 1:colcon.colcon_core.package_discovery:discover_packages(recursive) using defaults
[0.219s] Level 1:colcon.colcon_core.package_discovery:discover_packages(ignore) discover
[0.219s] Level 1:colcon.colcon_core.package_discovery:discover_packages(ignore) using defaults
[0.219s] Level 1:colcon.colcon_core.package_discovery:discover_packages(path) discover
[0.219s] Level 1:colcon.colcon_core.package_discovery:discover_packages(path) using defaults
[0.234s] Level 1:colcon.colcon_core.package_discovery:discover_packages(prefix_path) check parameters
[0.234s] Level 1:colcon.colcon_core.package_discovery:discover_packages(prefix_path) discover
[0.236s] DEBUG:colcon.colcon_installed_package_information.package_discovery:Found 1 installed packages in /home/tony/autonav_software_2024/install
[0.236s] Level 1:colcon.colcon_core.package_discovery:discover_packages(prefix_path) using defaults
[0.237s] Level 5:colcon.colcon_core.verb:set package 'autonav_filters' build argument 'cmake_args' from command line to 'None'
[0.237s] Level 5:colcon.colcon_core.verb:set package 'autonav_filters' build argument 'cmake_target' from command line to 'None'
[0.237s] Level 5:colcon.colcon_core.verb:set package 'autonav_filters' build argument 'cmake_target_skip_unavailable' from command line to 'False'
[0.237s] Level 5:colcon.colcon_core.verb:set package 'autonav_filters' build argument 'cmake_clean_cache' from command line to 'False'
[0.237s] Level 5:colcon.colcon_core.verb:set package 'autonav_filters' build argument 'cmake_clean_first' from command line to 'False'
[0.237s] Level 5:colcon.colcon_core.verb:set package 'autonav_filters' build argument 'cmake_force_configure' from command line to 'False'
[0.237s] Level 5:colcon.colcon_core.verb:set package 'autonav_filters' build argument 'ament_cmake_args' from command line to 'None'
[0.237s] Level 5:colcon.colcon_core.verb:set package 'autonav_filters' build argument 'catkin_cmake_args' from command line to 'None'
[0.237s] Level 5:colcon.colcon_core.verb:set package 'autonav_filters' build argument 'catkin_skip_building_tests' from command line to 'False'
[0.237s] DEBUG:colcon.colcon_core.verb:Building package 'autonav_filters' with the following arguments: {'ament_cmake_args': None, 'build_base': '/home/tony/autonav_software_2024/build/autonav_filters', 'catkin_cmake_args': None, 'catkin_skip_building_tests': False, 'cmake_args': None, 'cmake_clean_cache': False, 'cmake_clean_first': False, 'cmake_force_configure': False, 'cmake_target': None, 'cmake_target_skip_unavailable': False, 'install_base': '/home/tony/autonav_software_2024/install/autonav_filters', 'merge_install': False, 'path': '/home/tony/autonav_software_2024/autonav_ws/autonav_filters', 'symlink_install': False, 'test_result_base': None}
[0.237s] INFO:colcon.colcon_core.executor:Executing jobs using 'parallel' executor
[0.240s] DEBUG:colcon.colcon_parallel_executor.executor.parallel:run_until_complete
[0.240s] INFO:colcon.colcon_ros.task.ament_cmake.build:Building ROS package in '/home/tony/autonav_software_2024/autonav_ws/autonav_filters' with build type 'ament_cmake'
[0.240s] INFO:colcon.colcon_cmake.task.cmake.build:Building CMake package in '/home/tony/autonav_software_2024/autonav_ws/autonav_filters'
[0.242s] INFO:colcon.colcon_core.plugin_system:Skipping extension 'colcon_core.shell.bat': Not used on non-Windows systems
[0.243s] INFO:colcon.colcon_core.shell:Skip shell extension 'powershell' for command environment: Not usable outside of PowerShell
[0.243s] DEBUG:colcon.colcon_core.shell:Skip shell extension 'dsv' for command environment
[0.247s] DEBUG:colcon.colcon_core.event_handler.log_command:Invoking command in '/home/tony/autonav_software_2024/build/autonav_filters': /usr/bin/cmake /home/tony/autonav_software_2024/autonav_ws/autonav_filters -DCMAKE_INSTALL_PREFIX=/home/tony/autonav_software_2024/install/autonav_filters
[0.262s] DEBUG:colcon.colcon_core.event_handler.log_command:Invoked command in '/home/tony/autonav_software_2024/build/autonav_filters' returned '1': /usr/bin/cmake /home/tony/autonav_software_2024/autonav_ws/autonav_filters -DCMAKE_INSTALL_PREFIX=/home/tony/autonav_software_2024/install/autonav_filters
[0.268s] Level 1:colcon.colcon_core.environment:create_environment_scripts_only(autonav_filters)
[0.271s] Level 1:colcon.colcon_core.environment:checking '/home/tony/autonav_software_2024/install/autonav_filters' for CMake module files
[0.271s] Level 1:colcon.colcon_core.environment:checking '/home/tony/autonav_software_2024/install/autonav_filters' for CMake config files
[0.272s] Level 1:colcon.colcon_core.environment:checking '/home/tony/autonav_software_2024/install/autonav_filters/bin'
[0.272s] Level 1:colcon.colcon_core.environment:checking '/home/tony/autonav_software_2024/install/autonav_filters/lib/pkgconfig/autonav_filters.pc'
[0.273s] Level 1:colcon.colcon_core.environment:checking '/home/tony/autonav_software_2024/install/autonav_filters/lib/python3.10/site-packages'
[0.273s] Level 1:colcon.colcon_core.environment:checking '/home/tony/autonav_software_2024/install/autonav_filters/bin'
[0.274s] INFO:colcon.colcon_core.shell:Creating package script '/home/tony/autonav_software_2024/install/autonav_filters/share/autonav_filters/package.ps1'
[0.274s] INFO:colcon.colcon_core.shell:Creating package descriptor '/home/tony/autonav_software_2024/install/autonav_filters/share/autonav_filters/package.dsv'
[0.274s] INFO:colcon.colcon_core.shell:Creating package script '/home/tony/autonav_software_2024/install/autonav_filters/share/autonav_filters/package.sh'
[0.275s] INFO:colcon.colcon_core.shell:Creating package script '/home/tony/autonav_software_2024/install/autonav_filters/share/autonav_filters/package.bash'
[0.275s] INFO:colcon.colcon_core.shell:Creating package script '/home/tony/autonav_software_2024/install/autonav_filters/share/autonav_filters/package.zsh'
[0.276s] Level 1:colcon.colcon_core.environment:create_file_with_runtime_dependencies(/home/tony/autonav_software_2024/install/autonav_filters/share/colcon-core/packages/autonav_filters)
[0.286s] DEBUG:colcon.colcon_parallel_executor.executor.parallel:closing loop
[0.286s] DEBUG:colcon.colcon_parallel_executor.executor.parallel:loop closed
[0.286s] DEBUG:colcon.colcon_parallel_executor.executor.parallel:run_until_complete finished with '1'
[0.286s] DEBUG:colcon.colcon_core.event_reactor:joining thread
[0.290s] INFO:colcon.colcon_core.plugin_system:Skipping extension 'colcon_notification.desktop_notification.terminal_notifier': Not used on non-Darwin systems
[0.290s] INFO:colcon.colcon_core.plugin_system:Skipping extension 'colcon_notification.desktop_notification.win32': Not used on non-Windows systems
[0.290s] INFO:colcon.colcon_notification.desktop_notification:Sending desktop notification using 'notify2'
[0.297s] DEBUG:colcon.colcon_core.event_reactor:joined thread
[0.298s] INFO:colcon.colcon_core.shell:Creating prefix script '/home/tony/autonav_software_2024/install/local_setup.ps1'
[0.299s] INFO:colcon.colcon_core.shell:Creating prefix util module '/home/tony/autonav_software_2024/install/_local_setup_util_ps1.py'
[0.300s] INFO:colcon.colcon_core.shell:Creating prefix chain script '/home/tony/autonav_software_2024/install/setup.ps1'
[0.300s] INFO:colcon.colcon_core.shell:Creating prefix script '/home/tony/autonav_software_2024/install/local_setup.sh'
[0.301s] INFO:colcon.colcon_core.shell:Creating prefix util module '/home/tony/autonav_software_2024/install/_local_setup_util_sh.py'
[0.301s] INFO:colcon.colcon_core.shell:Creating prefix chain script '/home/tony/autonav_software_2024/install/setup.sh'
[0.302s] INFO:colcon.colcon_core.shell:Creating prefix script '/home/tony/autonav_software_2024/install/local_setup.bash'
[0.302s] INFO:colcon.colcon_core.shell:Creating prefix chain script '/home/tony/autonav_software_2024/install/setup.bash'
[0.303s] INFO:colcon.colcon_core.shell:Creating prefix script '/home/tony/autonav_software_2024/install/local_setup.zsh'
[0.303s] INFO:colcon.colcon_core.shell:Creating prefix chain script '/home/tony/autonav_software_2024/install/setup.zsh'
