[0.237s] DEBUG:colcon:Command line arguments: ['/usr/bin/colcon', 'build']
[0.237s] DEBUG:colcon:Parsed command line arguments: Namespace(log_base=None, log_level=None, verb_name='build', build_base='build', install_base='install', merge_install=False, symlink_install=False, test_result_base=None, continue_on_error=False, executor='parallel', parallel_workers=12, event_handlers=None, ignore_user_meta=False, metas=['./colcon.meta'], base_paths=['.'], packages_ignore=None, packages_ignore_regex=None, paths=None, packages_up_to=None, packages_up_to_regex=None, packages_above=None, packages_above_and_dependencies=None, packages_above_depth=None, packages_select_by_dep=None, packages_skip_by_dep=None, packages_skip_up_to=None, packages_select_build_failed=False, packages_skip_build_finished=False, packages_select_test_failures=False, packages_skip_test_passed=False, packages_select=None, packages_skip=None, packages_select_regex=None, packages_skip_regex=None, packages_start=None, packages_end=None, allow_overriding=[], cmake_args=None, cmake_target=None, cmake_target_skip_unavailable=False, cmake_clean_cache=False, cmake_clean_first=False, cmake_force_configure=False, ament_cmake_args=None, catkin_cmake_args=None, catkin_skip_building_tests=False, verb_parser=<colcon_defaults.argument_parser.defaults.DefaultArgumentsDecorator object at 0x7f8559296ec0>, verb_extension=<colcon_core.verb.build.BuildVerb object at 0x7f8559ab0d00>, main=<bound method BuildVerb.main of <colcon_core.verb.build.BuildVerb object at 0x7f8559ab0d00>>)
[1.144s] Level 1:colcon.colcon_core.package_discovery:discover_packages(colcon_meta) check parameters
[1.145s] Level 1:colcon.colcon_core.package_discovery:discover_packages(recursive) check parameters
[1.145s] Level 1:colcon.colcon_core.package_discovery:discover_packages(ignore) check parameters
[1.145s] Level 1:colcon.colcon_core.package_discovery:discover_packages(path) check parameters
[1.145s] Level 1:colcon.colcon_core.package_discovery:discover_packages(colcon_meta) discover
[1.145s] Level 1:colcon.colcon_core.package_discovery:discover_packages(recursive) discover
[1.145s] INFO:colcon.colcon_core.package_discovery:Crawling recursively for packages in '/home/tony/autonav_software_2024/autonav_ws'
[1.145s] Level 1:colcon.colcon_core.package_identification:_identify(.) by extensions ['ignore', 'ignore_ament_install']
[1.145s] Level 1:colcon.colcon_core.package_identification:_identify(.) by extension 'ignore'
[1.145s] Level 1:colcon.colcon_core.package_identification:_identify(.) by extension 'ignore_ament_install'
[1.145s] Level 1:colcon.colcon_core.package_identification:_identify(.) by extensions ['colcon_pkg']
[1.145s] Level 1:colcon.colcon_core.package_identification:_identify(.) by extension 'colcon_pkg'
[1.145s] Level 1:colcon.colcon_core.package_identification:_identify(.) by extensions ['colcon_meta']
[1.145s] Level 1:colcon.colcon_core.package_identification:_identify(.) by extension 'colcon_meta'
[1.145s] Level 1:colcon.colcon_core.package_identification:_identify(.) by extensions ['ros']
[1.145s] Level 1:colcon.colcon_core.package_identification:_identify(.) by extension 'ros'
[1.153s] Level 1:colcon.colcon_core.package_identification:_identify(.) by extensions ['cmake', 'python']
[1.153s] Level 1:colcon.colcon_core.package_identification:_identify(.) by extension 'cmake'
[1.153s] Level 1:colcon.colcon_core.package_identification:_identify(.) by extension 'python'
[1.153s] Level 1:colcon.colcon_core.package_identification:_identify(.) by extensions ['python_setup_py']
[1.153s] Level 1:colcon.colcon_core.package_identification:_identify(.) by extension 'python_setup_py'
[1.153s] Level 1:colcon.colcon_core.package_identification:_identify(autonav_filters) by extensions ['ignore', 'ignore_ament_install']
[1.153s] Level 1:colcon.colcon_core.package_identification:_identify(autonav_filters) by extension 'ignore'
[1.153s] Level 1:colcon.colcon_core.package_identification:_identify(autonav_filters) by extension 'ignore_ament_install'
[1.153s] Level 1:colcon.colcon_core.package_identification:_identify(autonav_filters) by extensions ['colcon_pkg']
[1.153s] Level 1:colcon.colcon_core.package_identification:_identify(autonav_filters) by extension 'colcon_pkg'
[1.153s] Level 1:colcon.colcon_core.package_identification:_identify(autonav_filters) by extensions ['colcon_meta']
[1.153s] Level 1:colcon.colcon_core.package_identification:_identify(autonav_filters) by extension 'colcon_meta'
[1.153s] Level 1:colcon.colcon_core.package_identification:_identify(autonav_filters) by extensions ['ros']
[1.153s] Level 1:colcon.colcon_core.package_identification:_identify(autonav_filters) by extension 'ros'
[1.155s] DEBUG:colcon.colcon_core.package_identification:Package 'autonav_filters' with type 'ros.ament_cmake' and name 'autonav_filters'
[1.155s] Level 1:colcon.colcon_core.package_identification:_identify(build) by extensions ['ignore', 'ignore_ament_install']
[1.155s] Level 1:colcon.colcon_core.package_identification:_identify(build) by extension 'ignore'
[1.155s] Level 1:colcon.colcon_core.package_identification:_identify(build) ignored
[1.155s] Level 1:colcon.colcon_core.package_identification:_identify(install) by extensions ['ignore', 'ignore_ament_install']
[1.155s] Level 1:colcon.colcon_core.package_identification:_identify(install) by extension 'ignore'
[1.155s] Level 1:colcon.colcon_core.package_identification:_identify(install) ignored
[1.156s] Level 1:colcon.colcon_core.package_identification:_identify(log) by extensions ['ignore', 'ignore_ament_install']
[1.156s] Level 1:colcon.colcon_core.package_identification:_identify(log) by extension 'ignore'
[1.156s] Level 1:colcon.colcon_core.package_identification:_identify(log) ignored
[1.156s] Level 1:colcon.colcon_core.package_identification:_identify(my_package) by extensions ['ignore', 'ignore_ament_install']
[1.156s] Level 1:colcon.colcon_core.package_identification:_identify(my_package) by extension 'ignore'
[1.156s] Level 1:colcon.colcon_core.package_identification:_identify(my_package) by extension 'ignore_ament_install'
[1.156s] Level 1:colcon.colcon_core.package_identification:_identify(my_package) by extensions ['colcon_pkg']
[1.156s] Level 1:colcon.colcon_core.package_identification:_identify(my_package) by extension 'colcon_pkg'
[1.156s] Level 1:colcon.colcon_core.package_identification:_identify(my_package) by extensions ['colcon_meta']
[1.156s] Level 1:colcon.colcon_core.package_identification:_identify(my_package) by extension 'colcon_meta'
[1.156s] Level 1:colcon.colcon_core.package_identification:_identify(my_package) by extensions ['ros']
[1.156s] Level 1:colcon.colcon_core.package_identification:_identify(my_package) by extension 'ros'
[1.156s] DEBUG:colcon.colcon_core.package_identification:Package 'my_package' with type 'ros.ament_cmake' and name 'add_your_package_name_in_cmakelists_and_packagexml'
[1.156s] Level 1:colcon.colcon_core.package_discovery:discover_packages(recursive) using defaults
[1.157s] Level 1:colcon.colcon_core.package_discovery:discover_packages(ignore) discover
[1.157s] Level 1:colcon.colcon_core.package_discovery:discover_packages(ignore) using defaults
[1.157s] Level 1:colcon.colcon_core.package_discovery:discover_packages(path) discover
[1.157s] Level 1:colcon.colcon_core.package_discovery:discover_packages(path) using defaults
[1.178s] Level 1:colcon.colcon_core.package_discovery:discover_packages(prefix_path) check parameters
[1.179s] Level 1:colcon.colcon_core.package_discovery:discover_packages(prefix_path) discover
[1.180s] DEBUG:colcon.colcon_installed_package_information.package_discovery:Found 4 installed packages in /home/tony/autonav_software_2024/autonav_ws/install
[1.181s] DEBUG:colcon.colcon_installed_package_information.package_discovery:Found 275 installed packages in /opt/ros/humble
[1.182s] Level 1:colcon.colcon_core.package_discovery:discover_packages(prefix_path) using defaults
[1.224s] Level 5:colcon.colcon_core.verb:set package 'add_your_package_name_in_cmakelists_and_packagexml' build argument 'cmake_args' from command line to 'None'
[1.224s] Level 5:colcon.colcon_core.verb:set package 'add_your_package_name_in_cmakelists_and_packagexml' build argument 'cmake_target' from command line to 'None'
[1.224s] Level 5:colcon.colcon_core.verb:set package 'add_your_package_name_in_cmakelists_and_packagexml' build argument 'cmake_target_skip_unavailable' from command line to 'False'
[1.224s] Level 5:colcon.colcon_core.verb:set package 'add_your_package_name_in_cmakelists_and_packagexml' build argument 'cmake_clean_cache' from command line to 'False'
[1.224s] Level 5:colcon.colcon_core.verb:set package 'add_your_package_name_in_cmakelists_and_packagexml' build argument 'cmake_clean_first' from command line to 'False'
[1.224s] Level 5:colcon.colcon_core.verb:set package 'add_your_package_name_in_cmakelists_and_packagexml' build argument 'cmake_force_configure' from command line to 'False'
[1.224s] Level 5:colcon.colcon_core.verb:set package 'add_your_package_name_in_cmakelists_and_packagexml' build argument 'ament_cmake_args' from command line to 'None'
[1.224s] Level 5:colcon.colcon_core.verb:set package 'add_your_package_name_in_cmakelists_and_packagexml' build argument 'catkin_cmake_args' from command line to 'None'
[1.224s] Level 5:colcon.colcon_core.verb:set package 'add_your_package_name_in_cmakelists_and_packagexml' build argument 'catkin_skip_building_tests' from command line to 'False'
[1.224s] DEBUG:colcon.colcon_core.verb:Building package 'add_your_package_name_in_cmakelists_and_packagexml' with the following arguments: {'ament_cmake_args': None, 'build_base': '/home/tony/autonav_software_2024/autonav_ws/build/add_your_package_name_in_cmakelists_and_packagexml', 'catkin_cmake_args': None, 'catkin_skip_building_tests': False, 'cmake_args': None, 'cmake_clean_cache': False, 'cmake_clean_first': False, 'cmake_force_configure': False, 'cmake_target': None, 'cmake_target_skip_unavailable': False, 'install_base': '/home/tony/autonav_software_2024/autonav_ws/install/add_your_package_name_in_cmakelists_and_packagexml', 'merge_install': False, 'path': '/home/tony/autonav_software_2024/autonav_ws/my_package', 'symlink_install': False, 'test_result_base': None}
[1.225s] Level 5:colcon.colcon_core.verb:set package 'autonav_filters' build argument 'cmake_args' from command line to 'None'
[1.225s] Level 5:colcon.colcon_core.verb:set package 'autonav_filters' build argument 'cmake_target' from command line to 'None'
[1.225s] Level 5:colcon.colcon_core.verb:set package 'autonav_filters' build argument 'cmake_target_skip_unavailable' from command line to 'False'
[1.225s] Level 5:colcon.colcon_core.verb:set package 'autonav_filters' build argument 'cmake_clean_cache' from command line to 'False'
[1.225s] Level 5:colcon.colcon_core.verb:set package 'autonav_filters' build argument 'cmake_clean_first' from command line to 'False'
[1.225s] Level 5:colcon.colcon_core.verb:set package 'autonav_filters' build argument 'cmake_force_configure' from command line to 'False'
[1.225s] Level 5:colcon.colcon_core.verb:set package 'autonav_filters' build argument 'ament_cmake_args' from command line to 'None'
[1.225s] Level 5:colcon.colcon_core.verb:set package 'autonav_filters' build argument 'catkin_cmake_args' from command line to 'None'
[1.225s] Level 5:colcon.colcon_core.verb:set package 'autonav_filters' build argument 'catkin_skip_building_tests' from command line to 'False'
[1.225s] DEBUG:colcon.colcon_core.verb:Building package 'autonav_filters' with the following arguments: {'ament_cmake_args': None, 'build_base': '/home/tony/autonav_software_2024/autonav_ws/build/autonav_filters', 'catkin_cmake_args': None, 'catkin_skip_building_tests': False, 'cmake_args': None, 'cmake_clean_cache': False, 'cmake_clean_first': False, 'cmake_force_configure': False, 'cmake_target': None, 'cmake_target_skip_unavailable': False, 'install_base': '/home/tony/autonav_software_2024/autonav_ws/install/autonav_filters', 'merge_install': False, 'path': '/home/tony/autonav_software_2024/autonav_ws/autonav_filters', 'symlink_install': False, 'test_result_base': None}
[1.226s] INFO:colcon.colcon_core.executor:Executing jobs using 'parallel' executor
[1.228s] DEBUG:colcon.colcon_parallel_executor.executor.parallel:run_until_complete
[1.228s] INFO:colcon.colcon_ros.task.ament_cmake.build:Building ROS package in '/home/tony/autonav_software_2024/autonav_ws/my_package' with build type 'ament_cmake'
[1.228s] INFO:colcon.colcon_cmake.task.cmake.build:Building CMake package in '/home/tony/autonav_software_2024/autonav_ws/my_package'
[1.231s] INFO:colcon.colcon_core.plugin_system:Skipping extension 'colcon_core.shell.bat': Not used on non-Windows systems
[1.231s] INFO:colcon.colcon_core.shell:Skip shell extension 'powershell' for command environment: Not usable outside of PowerShell
[1.231s] DEBUG:colcon.colcon_core.shell:Skip shell extension 'dsv' for command environment
[1.234s] INFO:colcon.colcon_ros.task.ament_cmake.build:Building ROS package in '/home/tony/autonav_software_2024/autonav_ws/autonav_filters' with build type 'ament_cmake'
[1.234s] INFO:colcon.colcon_cmake.task.cmake.build:Building CMake package in '/home/tony/autonav_software_2024/autonav_ws/autonav_filters'
[1.235s] INFO:colcon.colcon_core.shell:Skip shell extension 'powershell' for command environment: Not usable outside of PowerShell
[1.235s] DEBUG:colcon.colcon_core.shell:Skip shell extension 'dsv' for command environment
[1.241s] DEBUG:colcon.colcon_core.event_handler.log_command:Invoking command in '/home/tony/autonav_software_2024/autonav_ws/build/add_your_package_name_in_cmakelists_and_packagexml': CMAKE_PREFIX_PATH=${CMAKE_PREFIX_PATH}:/opt/ros/humble /usr/bin/cmake --build /home/tony/autonav_software_2024/autonav_ws/build/add_your_package_name_in_cmakelists_and_packagexml -- -j12 -l12
[1.243s] DEBUG:colcon.colcon_core.event_handler.log_command:Invoking command in '/home/tony/autonav_software_2024/autonav_ws/build/autonav_filters': CMAKE_PREFIX_PATH=${CMAKE_PREFIX_PATH}:/opt/ros/humble /usr/bin/cmake --build /home/tony/autonav_software_2024/autonav_ws/build/autonav_filters -- -j12 -l12
[1.327s] DEBUG:colcon.colcon_core.event_handler.log_command:Invoked command in '/home/tony/autonav_software_2024/autonav_ws/build/autonav_filters' returned '0': CMAKE_PREFIX_PATH=${CMAKE_PREFIX_PATH}:/opt/ros/humble /usr/bin/cmake --build /home/tony/autonav_software_2024/autonav_ws/build/autonav_filters -- -j12 -l12
[1.348s] DEBUG:colcon.colcon_core.event_handler.log_command:Invoking command in '/home/tony/autonav_software_2024/autonav_ws/build/autonav_filters': CMAKE_PREFIX_PATH=${CMAKE_PREFIX_PATH}:/opt/ros/humble /usr/bin/cmake --install /home/tony/autonav_software_2024/autonav_ws/build/autonav_filters
[1.354s] Level 1:colcon.colcon_core.environment:create_environment_scripts_only(autonav_filters)
[1.355s] DEBUG:colcon.colcon_core.event_handler.log_command:Invoked command in '/home/tony/autonav_software_2024/autonav_ws/build/autonav_filters' returned '0': CMAKE_PREFIX_PATH=${CMAKE_PREFIX_PATH}:/opt/ros/humble /usr/bin/cmake --install /home/tony/autonav_software_2024/autonav_ws/build/autonav_filters
[1.357s] Level 1:colcon.colcon_core.environment:checking '/home/tony/autonav_software_2024/autonav_ws/install/autonav_filters' for CMake module files
[1.358s] Level 1:colcon.colcon_core.environment:checking '/home/tony/autonav_software_2024/autonav_ws/install/autonav_filters' for CMake config files
[1.358s] Level 1:colcon.colcon_core.shell:create_environment_hook('autonav_filters', 'cmake_prefix_path')
[1.359s] INFO:colcon.colcon_core.shell:Creating environment hook '/home/tony/autonav_software_2024/autonav_ws/install/autonav_filters/share/autonav_filters/hook/cmake_prefix_path.ps1'
[1.359s] INFO:colcon.colcon_core.shell:Creating environment descriptor '/home/tony/autonav_software_2024/autonav_ws/install/autonav_filters/share/autonav_filters/hook/cmake_prefix_path.dsv'
[1.359s] INFO:colcon.colcon_core.shell:Creating environment hook '/home/tony/autonav_software_2024/autonav_ws/install/autonav_filters/share/autonav_filters/hook/cmake_prefix_path.sh'
[1.360s] Level 1:colcon.colcon_core.environment:checking '/home/tony/autonav_software_2024/autonav_ws/install/autonav_filters/lib'
[1.360s] Level 1:colcon.colcon_core.environment:checking '/home/tony/autonav_software_2024/autonav_ws/install/autonav_filters/bin'
[1.360s] Level 1:colcon.colcon_core.environment:checking '/home/tony/autonav_software_2024/autonav_ws/install/autonav_filters/lib/pkgconfig/autonav_filters.pc'
[1.360s] Level 1:colcon.colcon_core.environment:checking '/home/tony/autonav_software_2024/autonav_ws/install/autonav_filters/lib/python3.10/site-packages'
[1.360s] Level 1:colcon.colcon_core.environment:checking '/home/tony/autonav_software_2024/autonav_ws/install/autonav_filters/bin'
[1.361s] INFO:colcon.colcon_core.shell:Creating package script '/home/tony/autonav_software_2024/autonav_ws/install/autonav_filters/share/autonav_filters/package.ps1'
[1.362s] INFO:colcon.colcon_core.shell:Creating package descriptor '/home/tony/autonav_software_2024/autonav_ws/install/autonav_filters/share/autonav_filters/package.dsv'
[1.362s] INFO:colcon.colcon_core.shell:Creating package script '/home/tony/autonav_software_2024/autonav_ws/install/autonav_filters/share/autonav_filters/package.sh'
[1.363s] INFO:colcon.colcon_core.shell:Creating package script '/home/tony/autonav_software_2024/autonav_ws/install/autonav_filters/share/autonav_filters/package.bash'
[1.363s] INFO:colcon.colcon_core.shell:Creating package script '/home/tony/autonav_software_2024/autonav_ws/install/autonav_filters/share/autonav_filters/package.zsh'
[1.363s] Level 1:colcon.colcon_core.environment:create_file_with_runtime_dependencies(/home/tony/autonav_software_2024/autonav_ws/install/autonav_filters/share/colcon-core/packages/autonav_filters)
[1.379s] Level 1:colcon.colcon_core.environment:create_environment_scripts_only(autonav_filters)
[1.381s] Level 1:colcon.colcon_core.environment:checking '/home/tony/autonav_software_2024/autonav_ws/install/autonav_filters' for CMake module files
[1.381s] Level 1:colcon.colcon_core.environment:checking '/home/tony/autonav_software_2024/autonav_ws/install/autonav_filters' for CMake config files
[1.381s] Level 1:colcon.colcon_core.shell:create_environment_hook('autonav_filters', 'cmake_prefix_path')
[1.382s] INFO:colcon.colcon_core.shell:Creating environment hook '/home/tony/autonav_software_2024/autonav_ws/install/autonav_filters/share/autonav_filters/hook/cmake_prefix_path.ps1'
[1.382s] INFO:colcon.colcon_core.shell:Creating environment descriptor '/home/tony/autonav_software_2024/autonav_ws/install/autonav_filters/share/autonav_filters/hook/cmake_prefix_path.dsv'
[1.382s] INFO:colcon.colcon_core.shell:Creating environment hook '/home/tony/autonav_software_2024/autonav_ws/install/autonav_filters/share/autonav_filters/hook/cmake_prefix_path.sh'
[1.383s] Level 1:colcon.colcon_core.environment:checking '/home/tony/autonav_software_2024/autonav_ws/install/autonav_filters/lib'
[1.383s] Level 1:colcon.colcon_core.environment:checking '/home/tony/autonav_software_2024/autonav_ws/install/autonav_filters/bin'
[1.383s] Level 1:colcon.colcon_core.environment:checking '/home/tony/autonav_software_2024/autonav_ws/install/autonav_filters/lib/pkgconfig/autonav_filters.pc'
[1.383s] Level 1:colcon.colcon_core.environment:checking '/home/tony/autonav_software_2024/autonav_ws/install/autonav_filters/lib/python3.10/site-packages'
[1.383s] Level 1:colcon.colcon_core.environment:checking '/home/tony/autonav_software_2024/autonav_ws/install/autonav_filters/bin'
[1.384s] INFO:colcon.colcon_core.shell:Creating package script '/home/tony/autonav_software_2024/autonav_ws/install/autonav_filters/share/autonav_filters/package.ps1'
[1.384s] INFO:colcon.colcon_core.shell:Creating package descriptor '/home/tony/autonav_software_2024/autonav_ws/install/autonav_filters/share/autonav_filters/package.dsv'
[1.385s] INFO:colcon.colcon_core.shell:Creating package script '/home/tony/autonav_software_2024/autonav_ws/install/autonav_filters/share/autonav_filters/package.sh'
[1.385s] INFO:colcon.colcon_core.shell:Creating package script '/home/tony/autonav_software_2024/autonav_ws/install/autonav_filters/share/autonav_filters/package.bash'
[1.385s] INFO:colcon.colcon_core.shell:Creating package script '/home/tony/autonav_software_2024/autonav_ws/install/autonav_filters/share/autonav_filters/package.zsh'
[1.385s] Level 1:colcon.colcon_core.environment:create_file_with_runtime_dependencies(/home/tony/autonav_software_2024/autonav_ws/install/autonav_filters/share/colcon-core/packages/autonav_filters)
[1.823s] DEBUG:colcon.colcon_core.event_handler.log_command:Invoked command in '/home/tony/autonav_software_2024/autonav_ws/build/add_your_package_name_in_cmakelists_and_packagexml' returned '0': CMAKE_PREFIX_PATH=${CMAKE_PREFIX_PATH}:/opt/ros/humble /usr/bin/cmake --build /home/tony/autonav_software_2024/autonav_ws/build/add_your_package_name_in_cmakelists_and_packagexml -- -j12 -l12
[1.835s] DEBUG:colcon.colcon_core.event_handler.log_command:Invoking command in '/home/tony/autonav_software_2024/autonav_ws/build/add_your_package_name_in_cmakelists_and_packagexml': CMAKE_PREFIX_PATH=${CMAKE_PREFIX_PATH}:/opt/ros/humble /usr/bin/cmake --install /home/tony/autonav_software_2024/autonav_ws/build/add_your_package_name_in_cmakelists_and_packagexml
[1.841s] Level 1:colcon.colcon_core.environment:create_environment_scripts_only(add_your_package_name_in_cmakelists_and_packagexml)
[1.843s] Level 1:colcon.colcon_core.environment:checking '/home/tony/autonav_software_2024/autonav_ws/install/add_your_package_name_in_cmakelists_and_packagexml' for CMake module files
[1.843s] DEBUG:colcon.colcon_core.event_handler.log_command:Invoked command in '/home/tony/autonav_software_2024/autonav_ws/build/add_your_package_name_in_cmakelists_and_packagexml' returned '0': CMAKE_PREFIX_PATH=${CMAKE_PREFIX_PATH}:/opt/ros/humble /usr/bin/cmake --install /home/tony/autonav_software_2024/autonav_ws/build/add_your_package_name_in_cmakelists_and_packagexml
[1.843s] Level 1:colcon.colcon_core.environment:checking '/home/tony/autonav_software_2024/autonav_ws/install/add_your_package_name_in_cmakelists_and_packagexml' for CMake config files
[1.843s] Level 1:colcon.colcon_core.shell:create_environment_hook('add_your_package_name_in_cmakelists_and_packagexml', 'cmake_prefix_path')
[1.844s] INFO:colcon.colcon_core.shell:Creating environment hook '/home/tony/autonav_software_2024/autonav_ws/install/add_your_package_name_in_cmakelists_and_packagexml/share/add_your_package_name_in_cmakelists_and_packagexml/hook/cmake_prefix_path.ps1'
[1.844s] INFO:colcon.colcon_core.shell:Creating environment descriptor '/home/tony/autonav_software_2024/autonav_ws/install/add_your_package_name_in_cmakelists_and_packagexml/share/add_your_package_name_in_cmakelists_and_packagexml/hook/cmake_prefix_path.dsv'
[1.845s] INFO:colcon.colcon_core.shell:Creating environment hook '/home/tony/autonav_software_2024/autonav_ws/install/add_your_package_name_in_cmakelists_and_packagexml/share/add_your_package_name_in_cmakelists_and_packagexml/hook/cmake_prefix_path.sh'
[1.845s] Level 1:colcon.colcon_core.environment:checking '/home/tony/autonav_software_2024/autonav_ws/install/add_your_package_name_in_cmakelists_and_packagexml/bin'
[1.845s] Level 1:colcon.colcon_core.environment:checking '/home/tony/autonav_software_2024/autonav_ws/install/add_your_package_name_in_cmakelists_and_packagexml/lib/pkgconfig/add_your_package_name_in_cmakelists_and_packagexml.pc'
[1.845s] Level 1:colcon.colcon_core.environment:checking '/home/tony/autonav_software_2024/autonav_ws/install/add_your_package_name_in_cmakelists_and_packagexml/lib/python3.10/site-packages'
[1.845s] Level 1:colcon.colcon_core.environment:checking '/home/tony/autonav_software_2024/autonav_ws/install/add_your_package_name_in_cmakelists_and_packagexml/bin'
[1.846s] INFO:colcon.colcon_core.shell:Creating package script '/home/tony/autonav_software_2024/autonav_ws/install/add_your_package_name_in_cmakelists_and_packagexml/share/add_your_package_name_in_cmakelists_and_packagexml/package.ps1'
[1.846s] INFO:colcon.colcon_core.shell:Creating package descriptor '/home/tony/autonav_software_2024/autonav_ws/install/add_your_package_name_in_cmakelists_and_packagexml/share/add_your_package_name_in_cmakelists_and_packagexml/package.dsv'
[1.847s] INFO:colcon.colcon_core.shell:Creating package script '/home/tony/autonav_software_2024/autonav_ws/install/add_your_package_name_in_cmakelists_and_packagexml/share/add_your_package_name_in_cmakelists_and_packagexml/package.sh'
[1.847s] INFO:colcon.colcon_core.shell:Creating package script '/home/tony/autonav_software_2024/autonav_ws/install/add_your_package_name_in_cmakelists_and_packagexml/share/add_your_package_name_in_cmakelists_and_packagexml/package.bash'
[1.847s] INFO:colcon.colcon_core.shell:Creating package script '/home/tony/autonav_software_2024/autonav_ws/install/add_your_package_name_in_cmakelists_and_packagexml/share/add_your_package_name_in_cmakelists_and_packagexml/package.zsh'
[1.847s] Level 1:colcon.colcon_core.environment:create_file_with_runtime_dependencies(/home/tony/autonav_software_2024/autonav_ws/install/add_your_package_name_in_cmakelists_and_packagexml/share/colcon-core/packages/add_your_package_name_in_cmakelists_and_packagexml)
[1.860s] Level 1:colcon.colcon_core.environment:create_environment_scripts_only(add_your_package_name_in_cmakelists_and_packagexml)
[1.861s] Level 1:colcon.colcon_core.environment:checking '/home/tony/autonav_software_2024/autonav_ws/install/add_your_package_name_in_cmakelists_and_packagexml' for CMake module files
[1.862s] Level 1:colcon.colcon_core.environment:checking '/home/tony/autonav_software_2024/autonav_ws/install/add_your_package_name_in_cmakelists_and_packagexml' for CMake config files
[1.862s] Level 1:colcon.colcon_core.shell:create_environment_hook('add_your_package_name_in_cmakelists_and_packagexml', 'cmake_prefix_path')
[1.862s] INFO:colcon.colcon_core.shell:Creating environment hook '/home/tony/autonav_software_2024/autonav_ws/install/add_your_package_name_in_cmakelists_and_packagexml/share/add_your_package_name_in_cmakelists_and_packagexml/hook/cmake_prefix_path.ps1'
[1.863s] INFO:colcon.colcon_core.shell:Creating environment descriptor '/home/tony/autonav_software_2024/autonav_ws/install/add_your_package_name_in_cmakelists_and_packagexml/share/add_your_package_name_in_cmakelists_and_packagexml/hook/cmake_prefix_path.dsv'
[1.863s] INFO:colcon.colcon_core.shell:Creating environment hook '/home/tony/autonav_software_2024/autonav_ws/install/add_your_package_name_in_cmakelists_and_packagexml/share/add_your_package_name_in_cmakelists_and_packagexml/hook/cmake_prefix_path.sh'
[1.863s] Level 1:colcon.colcon_core.environment:checking '/home/tony/autonav_software_2024/autonav_ws/install/add_your_package_name_in_cmakelists_and_packagexml/bin'
[1.863s] Level 1:colcon.colcon_core.environment:checking '/home/tony/autonav_software_2024/autonav_ws/install/add_your_package_name_in_cmakelists_and_packagexml/lib/pkgconfig/add_your_package_name_in_cmakelists_and_packagexml.pc'
[1.863s] Level 1:colcon.colcon_core.environment:checking '/home/tony/autonav_software_2024/autonav_ws/install/add_your_package_name_in_cmakelists_and_packagexml/lib/python3.10/site-packages'
[1.864s] Level 1:colcon.colcon_core.environment:checking '/home/tony/autonav_software_2024/autonav_ws/install/add_your_package_name_in_cmakelists_and_packagexml/bin'
[1.865s] INFO:colcon.colcon_core.shell:Creating package script '/home/tony/autonav_software_2024/autonav_ws/install/add_your_package_name_in_cmakelists_and_packagexml/share/add_your_package_name_in_cmakelists_and_packagexml/package.ps1'
[1.865s] INFO:colcon.colcon_core.shell:Creating package descriptor '/home/tony/autonav_software_2024/autonav_ws/install/add_your_package_name_in_cmakelists_and_packagexml/share/add_your_package_name_in_cmakelists_and_packagexml/package.dsv'
[1.865s] INFO:colcon.colcon_core.shell:Creating package script '/home/tony/autonav_software_2024/autonav_ws/install/add_your_package_name_in_cmakelists_and_packagexml/share/add_your_package_name_in_cmakelists_and_packagexml/package.sh'
[1.865s] INFO:colcon.colcon_core.shell:Creating package script '/home/tony/autonav_software_2024/autonav_ws/install/add_your_package_name_in_cmakelists_and_packagexml/share/add_your_package_name_in_cmakelists_and_packagexml/package.bash'
[1.866s] INFO:colcon.colcon_core.shell:Creating package script '/home/tony/autonav_software_2024/autonav_ws/install/add_your_package_name_in_cmakelists_and_packagexml/share/add_your_package_name_in_cmakelists_and_packagexml/package.zsh'
[1.866s] Level 1:colcon.colcon_core.environment:create_file_with_runtime_dependencies(/home/tony/autonav_software_2024/autonav_ws/install/add_your_package_name_in_cmakelists_and_packagexml/share/colcon-core/packages/add_your_package_name_in_cmakelists_and_packagexml)
[1.866s] DEBUG:colcon.colcon_parallel_executor.executor.parallel:closing loop
[1.866s] DEBUG:colcon.colcon_parallel_executor.executor.parallel:loop closed
[1.866s] DEBUG:colcon.colcon_parallel_executor.executor.parallel:run_until_complete finished with '0'
[1.866s] DEBUG:colcon.colcon_core.event_reactor:joining thread
[1.870s] INFO:colcon.colcon_core.plugin_system:Skipping extension 'colcon_notification.desktop_notification.terminal_notifier': Not used on non-Darwin systems
[1.870s] INFO:colcon.colcon_core.plugin_system:Skipping extension 'colcon_notification.desktop_notification.win32': Not used on non-Windows systems
[1.870s] INFO:colcon.colcon_notification.desktop_notification:Sending desktop notification using 'notify2'
[1.878s] DEBUG:colcon.colcon_core.event_reactor:joined thread
[1.879s] INFO:colcon.colcon_core.shell:Creating prefix script '/home/tony/autonav_software_2024/autonav_ws/install/local_setup.ps1'
[1.879s] INFO:colcon.colcon_core.shell:Creating prefix util module '/home/tony/autonav_software_2024/autonav_ws/install/_local_setup_util_ps1.py'
[1.880s] INFO:colcon.colcon_core.shell:Creating prefix chain script '/home/tony/autonav_software_2024/autonav_ws/install/setup.ps1'
[1.881s] INFO:colcon.colcon_core.shell:Creating prefix script '/home/tony/autonav_software_2024/autonav_ws/install/local_setup.sh'
[1.882s] INFO:colcon.colcon_core.shell:Creating prefix util module '/home/tony/autonav_software_2024/autonav_ws/install/_local_setup_util_sh.py'
[1.882s] INFO:colcon.colcon_core.shell:Creating prefix chain script '/home/tony/autonav_software_2024/autonav_ws/install/setup.sh'
[1.883s] INFO:colcon.colcon_core.shell:Creating prefix script '/home/tony/autonav_software_2024/autonav_ws/install/local_setup.bash'
[1.883s] INFO:colcon.colcon_core.shell:Creating prefix chain script '/home/tony/autonav_software_2024/autonav_ws/install/setup.bash'
[1.884s] INFO:colcon.colcon_core.shell:Creating prefix script '/home/tony/autonav_software_2024/autonav_ws/install/local_setup.zsh'
[1.884s] INFO:colcon.colcon_core.shell:Creating prefix chain script '/home/tony/autonav_software_2024/autonav_ws/install/setup.zsh'
