[0.225s] DEBUG:colcon:Command line arguments: ['/usr/bin/colcon', 'build']
[0.225s] DEBUG:colcon:Parsed command line arguments: Namespace(log_base=None, log_level=None, verb_name='build', build_base='build', install_base='install', merge_install=False, symlink_install=False, test_result_base=None, continue_on_error=False, executor='parallel', parallel_workers=12, event_handlers=None, ignore_user_meta=False, metas=['./colcon.meta'], base_paths=['.'], packages_ignore=None, packages_ignore_regex=None, paths=None, packages_up_to=None, packages_up_to_regex=None, packages_above=None, packages_above_and_dependencies=None, packages_above_depth=None, packages_select_by_dep=None, packages_skip_by_dep=None, packages_skip_up_to=None, packages_select_build_failed=False, packages_skip_build_finished=False, packages_select_test_failures=False, packages_skip_test_passed=False, packages_select=None, packages_skip=None, packages_select_regex=None, packages_skip_regex=None, packages_start=None, packages_end=None, allow_overriding=[], cmake_args=None, cmake_target=None, cmake_target_skip_unavailable=False, cmake_clean_cache=False, cmake_clean_first=False, cmake_force_configure=False, ament_cmake_args=None, catkin_cmake_args=None, catkin_skip_building_tests=False, verb_parser=<colcon_defaults.argument_parser.defaults.DefaultArgumentsDecorator object at 0x7fe2a79c2d40>, verb_extension=<colcon_core.verb.build.BuildVerb object at 0x7fe2a81dc9d0>, main=<bound method BuildVerb.main of <colcon_core.verb.build.BuildVerb object at 0x7fe2a81dc9d0>>)
[0.246s] Level 1:colcon.colcon_core.package_discovery:discover_packages(colcon_meta) check parameters
[0.246s] Level 1:colcon.colcon_core.package_discovery:discover_packages(recursive) check parameters
[0.246s] Level 1:colcon.colcon_core.package_discovery:discover_packages(ignore) check parameters
[0.246s] Level 1:colcon.colcon_core.package_discovery:discover_packages(path) check parameters
[0.246s] Level 1:colcon.colcon_core.package_discovery:discover_packages(colcon_meta) discover
[0.246s] Level 1:colcon.colcon_core.package_discovery:discover_packages(recursive) discover
[0.246s] INFO:colcon.colcon_core.package_discovery:Crawling recursively for packages in '/home/tony/autonav_software_2024/autonav_ws'
[0.246s] Level 1:colcon.colcon_core.package_identification:_identify(.) by extensions ['ignore', 'ignore_ament_install']
[0.246s] Level 1:colcon.colcon_core.package_identification:_identify(.) by extension 'ignore'
[0.246s] Level 1:colcon.colcon_core.package_identification:_identify(.) by extension 'ignore_ament_install'
[0.247s] Level 1:colcon.colcon_core.package_identification:_identify(.) by extensions ['colcon_pkg']
[0.247s] Level 1:colcon.colcon_core.package_identification:_identify(.) by extension 'colcon_pkg'
[0.247s] Level 1:colcon.colcon_core.package_identification:_identify(.) by extensions ['colcon_meta']
[0.247s] Level 1:colcon.colcon_core.package_identification:_identify(.) by extension 'colcon_meta'
[0.247s] Level 1:colcon.colcon_core.package_identification:_identify(.) by extensions ['ros']
[0.247s] Level 1:colcon.colcon_core.package_identification:_identify(.) by extension 'ros'
[0.255s] Level 1:colcon.colcon_core.package_identification:_identify(.) by extensions ['cmake', 'python']
[0.255s] Level 1:colcon.colcon_core.package_identification:_identify(.) by extension 'cmake'
[0.255s] Level 1:colcon.colcon_core.package_identification:_identify(.) by extension 'python'
[0.255s] Level 1:colcon.colcon_core.package_identification:_identify(.) by extensions ['python_setup_py']
[0.255s] Level 1:colcon.colcon_core.package_identification:_identify(.) by extension 'python_setup_py'
[0.255s] Level 1:colcon.colcon_core.package_identification:_identify(autonav_filters) by extensions ['ignore', 'ignore_ament_install']
[0.255s] Level 1:colcon.colcon_core.package_identification:_identify(autonav_filters) by extension 'ignore'
[0.255s] Level 1:colcon.colcon_core.package_identification:_identify(autonav_filters) by extension 'ignore_ament_install'
[0.255s] Level 1:colcon.colcon_core.package_identification:_identify(autonav_filters) by extensions ['colcon_pkg']
[0.255s] Level 1:colcon.colcon_core.package_identification:_identify(autonav_filters) by extension 'colcon_pkg'
[0.255s] Level 1:colcon.colcon_core.package_identification:_identify(autonav_filters) by extensions ['colcon_meta']
[0.255s] Level 1:colcon.colcon_core.package_identification:_identify(autonav_filters) by extension 'colcon_meta'
[0.256s] Level 1:colcon.colcon_core.package_identification:_identify(autonav_filters) by extensions ['ros']
[0.256s] Level 1:colcon.colcon_core.package_identification:_identify(autonav_filters) by extension 'ros'
[0.257s] DEBUG:colcon.colcon_core.package_identification:Package 'autonav_filters' with type 'ros.ament_cmake' and name 'autonav_filters'
[0.257s] Level 1:colcon.colcon_core.package_identification:_identify(build) by extensions ['ignore', 'ignore_ament_install']
[0.258s] Level 1:colcon.colcon_core.package_identification:_identify(build) by extension 'ignore'
[0.258s] Level 1:colcon.colcon_core.package_identification:_identify(build) ignored
[0.258s] Level 1:colcon.colcon_core.package_identification:_identify(install) by extensions ['ignore', 'ignore_ament_install']
[0.258s] Level 1:colcon.colcon_core.package_identification:_identify(install) by extension 'ignore'
[0.258s] Level 1:colcon.colcon_core.package_identification:_identify(install) ignored
[0.258s] Level 1:colcon.colcon_core.package_identification:_identify(log) by extensions ['ignore', 'ignore_ament_install']
[0.258s] Level 1:colcon.colcon_core.package_identification:_identify(log) by extension 'ignore'
[0.258s] Level 1:colcon.colcon_core.package_identification:_identify(log) ignored
[0.258s] Level 1:colcon.colcon_core.package_identification:_identify(test_pkg) by extensions ['ignore', 'ignore_ament_install']
[0.258s] Level 1:colcon.colcon_core.package_identification:_identify(test_pkg) by extension 'ignore'
[0.258s] Level 1:colcon.colcon_core.package_identification:_identify(test_pkg) by extension 'ignore_ament_install'
[0.258s] Level 1:colcon.colcon_core.package_identification:_identify(test_pkg) by extensions ['colcon_pkg']
[0.258s] Level 1:colcon.colcon_core.package_identification:_identify(test_pkg) by extension 'colcon_pkg'
[0.258s] Level 1:colcon.colcon_core.package_identification:_identify(test_pkg) by extensions ['colcon_meta']
[0.258s] Level 1:colcon.colcon_core.package_identification:_identify(test_pkg) by extension 'colcon_meta'
[0.258s] Level 1:colcon.colcon_core.package_identification:_identify(test_pkg) by extensions ['ros']
[0.258s] Level 1:colcon.colcon_core.package_identification:_identify(test_pkg) by extension 'ros'
[0.259s] DEBUG:colcon.colcon_core.package_identification:Package 'test_pkg' with type 'ros.ament_cmake' and name 'add_your_package_name_here'
[0.259s] Level 1:colcon.colcon_core.package_discovery:discover_packages(recursive) using defaults
[0.259s] Level 1:colcon.colcon_core.package_discovery:discover_packages(ignore) discover
[0.259s] Level 1:colcon.colcon_core.package_discovery:discover_packages(ignore) using defaults
[0.259s] Level 1:colcon.colcon_core.package_discovery:discover_packages(path) discover
[0.259s] Level 1:colcon.colcon_core.package_discovery:discover_packages(path) using defaults
[0.276s] Level 1:colcon.colcon_core.package_discovery:discover_packages(prefix_path) check parameters
[0.276s] Level 1:colcon.colcon_core.package_discovery:discover_packages(prefix_path) discover
[0.277s] DEBUG:colcon.colcon_installed_package_information.package_discovery:Found 3 installed packages in /home/tony/autonav_software_2024/autonav_ws/install
[0.279s] DEBUG:colcon.colcon_installed_package_information.package_discovery:Found 275 installed packages in /opt/ros/humble
[0.280s] Level 1:colcon.colcon_core.package_discovery:discover_packages(prefix_path) using defaults
[0.323s] Level 5:colcon.colcon_core.verb:set package 'add_your_package_name_here' build argument 'cmake_args' from command line to 'None'
[0.323s] Level 5:colcon.colcon_core.verb:set package 'add_your_package_name_here' build argument 'cmake_target' from command line to 'None'
[0.323s] Level 5:colcon.colcon_core.verb:set package 'add_your_package_name_here' build argument 'cmake_target_skip_unavailable' from command line to 'False'
[0.324s] Level 5:colcon.colcon_core.verb:set package 'add_your_package_name_here' build argument 'cmake_clean_cache' from command line to 'False'
[0.324s] Level 5:colcon.colcon_core.verb:set package 'add_your_package_name_here' build argument 'cmake_clean_first' from command line to 'False'
[0.324s] Level 5:colcon.colcon_core.verb:set package 'add_your_package_name_here' build argument 'cmake_force_configure' from command line to 'False'
[0.324s] Level 5:colcon.colcon_core.verb:set package 'add_your_package_name_here' build argument 'ament_cmake_args' from command line to 'None'
[0.324s] Level 5:colcon.colcon_core.verb:set package 'add_your_package_name_here' build argument 'catkin_cmake_args' from command line to 'None'
[0.324s] Level 5:colcon.colcon_core.verb:set package 'add_your_package_name_here' build argument 'catkin_skip_building_tests' from command line to 'False'
[0.324s] DEBUG:colcon.colcon_core.verb:Building package 'add_your_package_name_here' with the following arguments: {'ament_cmake_args': None, 'build_base': '/home/tony/autonav_software_2024/autonav_ws/build/add_your_package_name_here', 'catkin_cmake_args': None, 'catkin_skip_building_tests': False, 'cmake_args': None, 'cmake_clean_cache': False, 'cmake_clean_first': False, 'cmake_force_configure': False, 'cmake_target': None, 'cmake_target_skip_unavailable': False, 'install_base': '/home/tony/autonav_software_2024/autonav_ws/install/add_your_package_name_here', 'merge_install': False, 'path': '/home/tony/autonav_software_2024/autonav_ws/test_pkg', 'symlink_install': False, 'test_result_base': None}
[0.324s] Level 5:colcon.colcon_core.verb:set package 'autonav_filters' build argument 'cmake_args' from command line to 'None'
[0.324s] Level 5:colcon.colcon_core.verb:set package 'autonav_filters' build argument 'cmake_target' from command line to 'None'
[0.325s] Level 5:colcon.colcon_core.verb:set package 'autonav_filters' build argument 'cmake_target_skip_unavailable' from command line to 'False'
[0.325s] Level 5:colcon.colcon_core.verb:set package 'autonav_filters' build argument 'cmake_clean_cache' from command line to 'False'
[0.325s] Level 5:colcon.colcon_core.verb:set package 'autonav_filters' build argument 'cmake_clean_first' from command line to 'False'
[0.325s] Level 5:colcon.colcon_core.verb:set package 'autonav_filters' build argument 'cmake_force_configure' from command line to 'False'
[0.325s] Level 5:colcon.colcon_core.verb:set package 'autonav_filters' build argument 'ament_cmake_args' from command line to 'None'
[0.325s] Level 5:colcon.colcon_core.verb:set package 'autonav_filters' build argument 'catkin_cmake_args' from command line to 'None'
[0.325s] Level 5:colcon.colcon_core.verb:set package 'autonav_filters' build argument 'catkin_skip_building_tests' from command line to 'False'
[0.325s] DEBUG:colcon.colcon_core.verb:Building package 'autonav_filters' with the following arguments: {'ament_cmake_args': None, 'build_base': '/home/tony/autonav_software_2024/autonav_ws/build/autonav_filters', 'catkin_cmake_args': None, 'catkin_skip_building_tests': False, 'cmake_args': None, 'cmake_clean_cache': False, 'cmake_clean_first': False, 'cmake_force_configure': False, 'cmake_target': None, 'cmake_target_skip_unavailable': False, 'install_base': '/home/tony/autonav_software_2024/autonav_ws/install/autonav_filters', 'merge_install': False, 'path': '/home/tony/autonav_software_2024/autonav_ws/autonav_filters', 'symlink_install': False, 'test_result_base': None}
[0.325s] INFO:colcon.colcon_core.executor:Executing jobs using 'parallel' executor
[0.328s] DEBUG:colcon.colcon_parallel_executor.executor.parallel:run_until_complete
[0.328s] INFO:colcon.colcon_ros.task.ament_cmake.build:Building ROS package in '/home/tony/autonav_software_2024/autonav_ws/test_pkg' with build type 'ament_cmake'
[0.328s] INFO:colcon.colcon_cmake.task.cmake.build:Building CMake package in '/home/tony/autonav_software_2024/autonav_ws/test_pkg'
[0.331s] INFO:colcon.colcon_core.plugin_system:Skipping extension 'colcon_core.shell.bat': Not used on non-Windows systems
[0.331s] INFO:colcon.colcon_core.shell:Skip shell extension 'powershell' for command environment: Not usable outside of PowerShell
[0.331s] DEBUG:colcon.colcon_core.shell:Skip shell extension 'dsv' for command environment
[0.334s] INFO:colcon.colcon_ros.task.ament_cmake.build:Building ROS package in '/home/tony/autonav_software_2024/autonav_ws/autonav_filters' with build type 'ament_cmake'
[0.334s] INFO:colcon.colcon_cmake.task.cmake.build:Building CMake package in '/home/tony/autonav_software_2024/autonav_ws/autonav_filters'
[0.335s] INFO:colcon.colcon_core.shell:Skip shell extension 'powershell' for command environment: Not usable outside of PowerShell
[0.335s] DEBUG:colcon.colcon_core.shell:Skip shell extension 'dsv' for command environment
[0.341s] DEBUG:colcon.colcon_core.event_handler.log_command:Invoking command in '/home/tony/autonav_software_2024/autonav_ws/build/add_your_package_name_here': CMAKE_PREFIX_PATH=${CMAKE_PREFIX_PATH}:/opt/ros/humble /usr/bin/cmake /home/tony/autonav_software_2024/autonav_ws/test_pkg -DCMAKE_INSTALL_PREFIX=/home/tony/autonav_software_2024/autonav_ws/install/add_your_package_name_here
[0.344s] DEBUG:colcon.colcon_core.event_handler.log_command:Invoking command in '/home/tony/autonav_software_2024/autonav_ws/build/autonav_filters': CMAKE_PREFIX_PATH=${CMAKE_PREFIX_PATH}:/opt/ros/humble /usr/bin/cmake --build /home/tony/autonav_software_2024/autonav_ws/build/autonav_filters -- -j12 -l12
[0.381s] DEBUG:colcon.colcon_core.event_handler.log_command:Invoked command in '/home/tony/autonav_software_2024/autonav_ws/build/autonav_filters' returned '0': CMAKE_PREFIX_PATH=${CMAKE_PREFIX_PATH}:/opt/ros/humble /usr/bin/cmake --build /home/tony/autonav_software_2024/autonav_ws/build/autonav_filters -- -j12 -l12
[0.401s] DEBUG:colcon.colcon_core.event_handler.log_command:Invoking command in '/home/tony/autonav_software_2024/autonav_ws/build/autonav_filters': CMAKE_PREFIX_PATH=${CMAKE_PREFIX_PATH}:/opt/ros/humble /usr/bin/cmake --install /home/tony/autonav_software_2024/autonav_ws/build/autonav_filters
[0.407s] Level 1:colcon.colcon_core.environment:create_environment_scripts_only(autonav_filters)
[0.408s] DEBUG:colcon.colcon_core.event_handler.log_command:Invoked command in '/home/tony/autonav_software_2024/autonav_ws/build/autonav_filters' returned '0': CMAKE_PREFIX_PATH=${CMAKE_PREFIX_PATH}:/opt/ros/humble /usr/bin/cmake --install /home/tony/autonav_software_2024/autonav_ws/build/autonav_filters
[0.410s] Level 1:colcon.colcon_core.environment:checking '/home/tony/autonav_software_2024/autonav_ws/install/autonav_filters' for CMake module files
[0.411s] Level 1:colcon.colcon_core.environment:checking '/home/tony/autonav_software_2024/autonav_ws/install/autonav_filters' for CMake config files
[0.411s] Level 1:colcon.colcon_core.shell:create_environment_hook('autonav_filters', 'cmake_prefix_path')
[0.412s] INFO:colcon.colcon_core.shell:Creating environment hook '/home/tony/autonav_software_2024/autonav_ws/install/autonav_filters/share/autonav_filters/hook/cmake_prefix_path.ps1'
[0.412s] INFO:colcon.colcon_core.shell:Creating environment descriptor '/home/tony/autonav_software_2024/autonav_ws/install/autonav_filters/share/autonav_filters/hook/cmake_prefix_path.dsv'
[0.413s] INFO:colcon.colcon_core.shell:Creating environment hook '/home/tony/autonav_software_2024/autonav_ws/install/autonav_filters/share/autonav_filters/hook/cmake_prefix_path.sh'
[0.413s] Level 1:colcon.colcon_core.environment:checking '/home/tony/autonav_software_2024/autonav_ws/install/autonav_filters/lib'
[0.413s] Level 1:colcon.colcon_core.environment:checking '/home/tony/autonav_software_2024/autonav_ws/install/autonav_filters/bin'
[0.413s] Level 1:colcon.colcon_core.environment:checking '/home/tony/autonav_software_2024/autonav_ws/install/autonav_filters/lib/pkgconfig/autonav_filters.pc'
[0.413s] Level 1:colcon.colcon_core.environment:checking '/home/tony/autonav_software_2024/autonav_ws/install/autonav_filters/lib/python3.10/site-packages'
[0.414s] Level 1:colcon.colcon_core.environment:checking '/home/tony/autonav_software_2024/autonav_ws/install/autonav_filters/bin'
[0.414s] INFO:colcon.colcon_core.shell:Creating package script '/home/tony/autonav_software_2024/autonav_ws/install/autonav_filters/share/autonav_filters/package.ps1'
[0.415s] INFO:colcon.colcon_core.shell:Creating package descriptor '/home/tony/autonav_software_2024/autonav_ws/install/autonav_filters/share/autonav_filters/package.dsv'
[0.415s] INFO:colcon.colcon_core.shell:Creating package script '/home/tony/autonav_software_2024/autonav_ws/install/autonav_filters/share/autonav_filters/package.sh'
[0.416s] INFO:colcon.colcon_core.shell:Creating package script '/home/tony/autonav_software_2024/autonav_ws/install/autonav_filters/share/autonav_filters/package.bash'
[0.416s] INFO:colcon.colcon_core.shell:Creating package script '/home/tony/autonav_software_2024/autonav_ws/install/autonav_filters/share/autonav_filters/package.zsh'
[0.417s] Level 1:colcon.colcon_core.environment:create_file_with_runtime_dependencies(/home/tony/autonav_software_2024/autonav_ws/install/autonav_filters/share/colcon-core/packages/autonav_filters)
[0.431s] Level 1:colcon.colcon_core.environment:create_environment_scripts_only(autonav_filters)
[0.433s] Level 1:colcon.colcon_core.environment:checking '/home/tony/autonav_software_2024/autonav_ws/install/autonav_filters' for CMake module files
[0.433s] Level 1:colcon.colcon_core.environment:checking '/home/tony/autonav_software_2024/autonav_ws/install/autonav_filters' for CMake config files
[0.433s] Level 1:colcon.colcon_core.shell:create_environment_hook('autonav_filters', 'cmake_prefix_path')
[0.434s] INFO:colcon.colcon_core.shell:Creating environment hook '/home/tony/autonav_software_2024/autonav_ws/install/autonav_filters/share/autonav_filters/hook/cmake_prefix_path.ps1'
[0.434s] INFO:colcon.colcon_core.shell:Creating environment descriptor '/home/tony/autonav_software_2024/autonav_ws/install/autonav_filters/share/autonav_filters/hook/cmake_prefix_path.dsv'
[0.435s] INFO:colcon.colcon_core.shell:Creating environment hook '/home/tony/autonav_software_2024/autonav_ws/install/autonav_filters/share/autonav_filters/hook/cmake_prefix_path.sh'
[0.435s] Level 1:colcon.colcon_core.environment:checking '/home/tony/autonav_software_2024/autonav_ws/install/autonav_filters/lib'
[0.435s] Level 1:colcon.colcon_core.environment:checking '/home/tony/autonav_software_2024/autonav_ws/install/autonav_filters/bin'
[0.435s] Level 1:colcon.colcon_core.environment:checking '/home/tony/autonav_software_2024/autonav_ws/install/autonav_filters/lib/pkgconfig/autonav_filters.pc'
[0.435s] Level 1:colcon.colcon_core.environment:checking '/home/tony/autonav_software_2024/autonav_ws/install/autonav_filters/lib/python3.10/site-packages'
[0.435s] Level 1:colcon.colcon_core.environment:checking '/home/tony/autonav_software_2024/autonav_ws/install/autonav_filters/bin'
[0.436s] INFO:colcon.colcon_core.shell:Creating package script '/home/tony/autonav_software_2024/autonav_ws/install/autonav_filters/share/autonav_filters/package.ps1'
[0.437s] INFO:colcon.colcon_core.shell:Creating package descriptor '/home/tony/autonav_software_2024/autonav_ws/install/autonav_filters/share/autonav_filters/package.dsv'
[0.437s] INFO:colcon.colcon_core.shell:Creating package script '/home/tony/autonav_software_2024/autonav_ws/install/autonav_filters/share/autonav_filters/package.sh'
[0.437s] INFO:colcon.colcon_core.shell:Creating package script '/home/tony/autonav_software_2024/autonav_ws/install/autonav_filters/share/autonav_filters/package.bash'
[0.437s] INFO:colcon.colcon_core.shell:Creating package script '/home/tony/autonav_software_2024/autonav_ws/install/autonav_filters/share/autonav_filters/package.zsh'
[0.438s] Level 1:colcon.colcon_core.environment:create_file_with_runtime_dependencies(/home/tony/autonav_software_2024/autonav_ws/install/autonav_filters/share/colcon-core/packages/autonav_filters)
[0.860s] DEBUG:colcon.colcon_core.event_handler.log_command:Invoked command in '/home/tony/autonav_software_2024/autonav_ws/build/add_your_package_name_here' returned '0': CMAKE_PREFIX_PATH=${CMAKE_PREFIX_PATH}:/opt/ros/humble /usr/bin/cmake /home/tony/autonav_software_2024/autonav_ws/test_pkg -DCMAKE_INSTALL_PREFIX=/home/tony/autonav_software_2024/autonav_ws/install/add_your_package_name_here
[0.861s] DEBUG:colcon.colcon_core.event_handler.log_command:Invoking command in '/home/tony/autonav_software_2024/autonav_ws/build/add_your_package_name_here': CMAKE_PREFIX_PATH=${CMAKE_PREFIX_PATH}:/opt/ros/humble /usr/bin/cmake --build /home/tony/autonav_software_2024/autonav_ws/build/add_your_package_name_here -- -j12 -l12
[0.888s] DEBUG:colcon.colcon_core.event_handler.log_command:Invoked command in '/home/tony/autonav_software_2024/autonav_ws/build/add_your_package_name_here' returned '0': CMAKE_PREFIX_PATH=${CMAKE_PREFIX_PATH}:/opt/ros/humble /usr/bin/cmake --build /home/tony/autonav_software_2024/autonav_ws/build/add_your_package_name_here -- -j12 -l12
[0.902s] DEBUG:colcon.colcon_core.event_handler.log_command:Invoking command in '/home/tony/autonav_software_2024/autonav_ws/build/add_your_package_name_here': CMAKE_PREFIX_PATH=${CMAKE_PREFIX_PATH}:/opt/ros/humble /usr/bin/cmake --install /home/tony/autonav_software_2024/autonav_ws/build/add_your_package_name_here
[0.909s] Level 1:colcon.colcon_core.environment:create_environment_scripts_only(add_your_package_name_here)
[0.911s] Level 1:colcon.colcon_core.environment:checking '/home/tony/autonav_software_2024/autonav_ws/install/add_your_package_name_here' for CMake module files
[0.911s] DEBUG:colcon.colcon_core.event_handler.log_command:Invoked command in '/home/tony/autonav_software_2024/autonav_ws/build/add_your_package_name_here' returned '0': CMAKE_PREFIX_PATH=${CMAKE_PREFIX_PATH}:/opt/ros/humble /usr/bin/cmake --install /home/tony/autonav_software_2024/autonav_ws/build/add_your_package_name_here
[0.912s] Level 1:colcon.colcon_core.environment:checking '/home/tony/autonav_software_2024/autonav_ws/install/add_your_package_name_here' for CMake config files
[0.912s] Level 1:colcon.colcon_core.shell:create_environment_hook('add_your_package_name_here', 'cmake_prefix_path')
[0.913s] INFO:colcon.colcon_core.shell:Creating environment hook '/home/tony/autonav_software_2024/autonav_ws/install/add_your_package_name_here/share/add_your_package_name_here/hook/cmake_prefix_path.ps1'
[0.913s] INFO:colcon.colcon_core.shell:Creating environment descriptor '/home/tony/autonav_software_2024/autonav_ws/install/add_your_package_name_here/share/add_your_package_name_here/hook/cmake_prefix_path.dsv'
[0.913s] INFO:colcon.colcon_core.shell:Creating environment hook '/home/tony/autonav_software_2024/autonav_ws/install/add_your_package_name_here/share/add_your_package_name_here/hook/cmake_prefix_path.sh'
[0.914s] Level 1:colcon.colcon_core.environment:checking '/home/tony/autonav_software_2024/autonav_ws/install/add_your_package_name_here/bin'
[0.914s] Level 1:colcon.colcon_core.environment:checking '/home/tony/autonav_software_2024/autonav_ws/install/add_your_package_name_here/lib/pkgconfig/add_your_package_name_here.pc'
[0.914s] Level 1:colcon.colcon_core.environment:checking '/home/tony/autonav_software_2024/autonav_ws/install/add_your_package_name_here/lib/python3.10/site-packages'
[0.914s] Level 1:colcon.colcon_core.environment:checking '/home/tony/autonav_software_2024/autonav_ws/install/add_your_package_name_here/bin'
[0.915s] INFO:colcon.colcon_core.shell:Creating package script '/home/tony/autonav_software_2024/autonav_ws/install/add_your_package_name_here/share/add_your_package_name_here/package.ps1'
[0.915s] INFO:colcon.colcon_core.shell:Creating package descriptor '/home/tony/autonav_software_2024/autonav_ws/install/add_your_package_name_here/share/add_your_package_name_here/package.dsv'
[0.915s] INFO:colcon.colcon_core.shell:Creating package script '/home/tony/autonav_software_2024/autonav_ws/install/add_your_package_name_here/share/add_your_package_name_here/package.sh'
[0.916s] INFO:colcon.colcon_core.shell:Creating package script '/home/tony/autonav_software_2024/autonav_ws/install/add_your_package_name_here/share/add_your_package_name_here/package.bash'
[0.916s] INFO:colcon.colcon_core.shell:Creating package script '/home/tony/autonav_software_2024/autonav_ws/install/add_your_package_name_here/share/add_your_package_name_here/package.zsh'
[0.916s] Level 1:colcon.colcon_core.environment:create_file_with_runtime_dependencies(/home/tony/autonav_software_2024/autonav_ws/install/add_your_package_name_here/share/colcon-core/packages/add_your_package_name_here)
[0.931s] Level 1:colcon.colcon_core.environment:create_environment_scripts_only(add_your_package_name_here)
[0.932s] Level 1:colcon.colcon_core.environment:checking '/home/tony/autonav_software_2024/autonav_ws/install/add_your_package_name_here' for CMake module files
[0.932s] Level 1:colcon.colcon_core.environment:checking '/home/tony/autonav_software_2024/autonav_ws/install/add_your_package_name_here' for CMake config files
[0.932s] Level 1:colcon.colcon_core.shell:create_environment_hook('add_your_package_name_here', 'cmake_prefix_path')
[0.933s] INFO:colcon.colcon_core.shell:Creating environment hook '/home/tony/autonav_software_2024/autonav_ws/install/add_your_package_name_here/share/add_your_package_name_here/hook/cmake_prefix_path.ps1'
[0.933s] INFO:colcon.colcon_core.shell:Creating environment descriptor '/home/tony/autonav_software_2024/autonav_ws/install/add_your_package_name_here/share/add_your_package_name_here/hook/cmake_prefix_path.dsv'
[0.934s] INFO:colcon.colcon_core.shell:Creating environment hook '/home/tony/autonav_software_2024/autonav_ws/install/add_your_package_name_here/share/add_your_package_name_here/hook/cmake_prefix_path.sh'
[0.934s] Level 1:colcon.colcon_core.environment:checking '/home/tony/autonav_software_2024/autonav_ws/install/add_your_package_name_here/bin'
[0.934s] Level 1:colcon.colcon_core.environment:checking '/home/tony/autonav_software_2024/autonav_ws/install/add_your_package_name_here/lib/pkgconfig/add_your_package_name_here.pc'
[0.934s] Level 1:colcon.colcon_core.environment:checking '/home/tony/autonav_software_2024/autonav_ws/install/add_your_package_name_here/lib/python3.10/site-packages'
[0.934s] Level 1:colcon.colcon_core.environment:checking '/home/tony/autonav_software_2024/autonav_ws/install/add_your_package_name_here/bin'
[0.935s] INFO:colcon.colcon_core.shell:Creating package script '/home/tony/autonav_software_2024/autonav_ws/install/add_your_package_name_here/share/add_your_package_name_here/package.ps1'
[0.935s] INFO:colcon.colcon_core.shell:Creating package descriptor '/home/tony/autonav_software_2024/autonav_ws/install/add_your_package_name_here/share/add_your_package_name_here/package.dsv'
[0.936s] INFO:colcon.colcon_core.shell:Creating package script '/home/tony/autonav_software_2024/autonav_ws/install/add_your_package_name_here/share/add_your_package_name_here/package.sh'
[0.936s] INFO:colcon.colcon_core.shell:Creating package script '/home/tony/autonav_software_2024/autonav_ws/install/add_your_package_name_here/share/add_your_package_name_here/package.bash'
[0.936s] INFO:colcon.colcon_core.shell:Creating package script '/home/tony/autonav_software_2024/autonav_ws/install/add_your_package_name_here/share/add_your_package_name_here/package.zsh'
[0.936s] Level 1:colcon.colcon_core.environment:create_file_with_runtime_dependencies(/home/tony/autonav_software_2024/autonav_ws/install/add_your_package_name_here/share/colcon-core/packages/add_your_package_name_here)
[0.937s] DEBUG:colcon.colcon_parallel_executor.executor.parallel:closing loop
[0.937s] DEBUG:colcon.colcon_parallel_executor.executor.parallel:loop closed
[0.937s] DEBUG:colcon.colcon_parallel_executor.executor.parallel:run_until_complete finished with '0'
[0.937s] DEBUG:colcon.colcon_core.event_reactor:joining thread
[0.940s] INFO:colcon.colcon_core.plugin_system:Skipping extension 'colcon_notification.desktop_notification.terminal_notifier': Not used on non-Darwin systems
[0.940s] INFO:colcon.colcon_core.plugin_system:Skipping extension 'colcon_notification.desktop_notification.win32': Not used on non-Windows systems
[0.940s] INFO:colcon.colcon_notification.desktop_notification:Sending desktop notification using 'notify2'
[0.955s] DEBUG:colcon.colcon_core.event_reactor:joined thread
[0.956s] INFO:colcon.colcon_core.shell:Creating prefix script '/home/tony/autonav_software_2024/autonav_ws/install/local_setup.ps1'
[0.957s] INFO:colcon.colcon_core.shell:Creating prefix util module '/home/tony/autonav_software_2024/autonav_ws/install/_local_setup_util_ps1.py'
[0.958s] INFO:colcon.colcon_core.shell:Creating prefix chain script '/home/tony/autonav_software_2024/autonav_ws/install/setup.ps1'
[0.958s] INFO:colcon.colcon_core.shell:Creating prefix script '/home/tony/autonav_software_2024/autonav_ws/install/local_setup.sh'
[0.959s] INFO:colcon.colcon_core.shell:Creating prefix util module '/home/tony/autonav_software_2024/autonav_ws/install/_local_setup_util_sh.py'
[0.959s] INFO:colcon.colcon_core.shell:Creating prefix chain script '/home/tony/autonav_software_2024/autonav_ws/install/setup.sh'
[0.960s] INFO:colcon.colcon_core.shell:Creating prefix script '/home/tony/autonav_software_2024/autonav_ws/install/local_setup.bash'
[0.960s] INFO:colcon.colcon_core.shell:Creating prefix chain script '/home/tony/autonav_software_2024/autonav_ws/install/setup.bash'
[0.961s] INFO:colcon.colcon_core.shell:Creating prefix script '/home/tony/autonav_software_2024/autonav_ws/install/local_setup.zsh'
[0.961s] INFO:colcon.colcon_core.shell:Creating prefix chain script '/home/tony/autonav_software_2024/autonav_ws/install/setup.zsh'
