-- Found ament_cmake: 1.3.5 (/opt/ros/humble/share/ament_cmake/cmake)
-- Found rclcpp: 16.0.5 (/opt/ros/humble/share/rclcpp/cmake)
-- Found rosidl_generator_c: 3.1.5 (/opt/ros/humble/share/rosidl_generator_c/cmake)
-- Found rosidl_adapter: 3.1.5 (/opt/ros/humble/share/rosidl_adapter/cmake)
-- Found rosidl_generator_cpp: 3.1.5 (/opt/ros/humble/share/rosidl_generator_cpp/cmake)
-- Using all available rosidl_typesupport_c: rosidl_typesupport_fastrtps_c;rosidl_typesupport_introspection_c
-- Using all available rosidl_typesupport_cpp: rosidl_typesupport_fastrtps_cpp;rosidl_typesupport_introspection_cpp
-- Found rmw_implementation_cmake: 6.1.1 (/opt/ros/humble/share/rmw_implementation_cmake/cmake)
-- Found rmw_fastrtps_cpp: 6.2.3 (/opt/ros/humble/share/rmw_fastrtps_cpp/cmake)
-- Using RMW implementation 'rmw_fastrtps_cpp' as default
-- Found rclpy: 3.3.9 (/opt/ros/humble/share/rclpy/cmake)
-- Found rosidl_default_generators: 1.2.0 (/opt/ros/humble/share/rosidl_default_generators/cmake)
-- Found ament_lint_auto: 0.12.7 (/opt/ros/humble/share/ament_lint_auto/cmake)
-- Added test 'cppcheck' to perform static code analysis on C / C++ code
-- Configured cppcheck include dirs: /home/tony/autonav_software_2024/autonav_ws/test_pkg/include
-- Configured cppcheck exclude dirs and/or files: 
-- Added test 'lint_cmake' to check CMake code style
-- Added test 'uncrustify' to check C / C++ code style
-- Configured uncrustify additional arguments: 
-- Added test 'xmllint' to check XML markup files
-- Configuring done
-- Generating done
-- Build files have been written to: /home/tony/autonav_software_2024/autonav_ws/build/add_your_package_name_here
-- Install configuration: ""
-- Installing: /home/tony/autonav_software_2024/autonav_ws/install/add_your_package_name_here/share/ament_index/resource_index/package_run_dependencies/add_your_package_name_here
-- Installing: /home/tony/autonav_software_2024/autonav_ws/install/add_your_package_name_here/share/ament_index/resource_index/parent_prefix_path/add_your_package_name_here
-- Installing: /home/tony/autonav_software_2024/autonav_ws/install/add_your_package_name_here/share/add_your_package_name_here/environment/ament_prefix_path.sh
-- Installing: /home/tony/autonav_software_2024/autonav_ws/install/add_your_package_name_here/share/add_your_package_name_here/environment/ament_prefix_path.dsv
-- Installing: /home/tony/autonav_software_2024/autonav_ws/install/add_your_package_name_here/share/add_your_package_name_here/environment/path.sh
-- Installing: /home/tony/autonav_software_2024/autonav_ws/install/add_your_package_name_here/share/add_your_package_name_here/environment/path.dsv
-- Installing: /home/tony/autonav_software_2024/autonav_ws/install/add_your_package_name_here/share/add_your_package_name_here/local_setup.bash
-- Installing: /home/tony/autonav_software_2024/autonav_ws/install/add_your_package_name_here/share/add_your_package_name_here/local_setup.sh
-- Installing: /home/tony/autonav_software_2024/autonav_ws/install/add_your_package_name_here/share/add_your_package_name_here/local_setup.zsh
-- Installing: /home/tony/autonav_software_2024/autonav_ws/install/add_your_package_name_here/share/add_your_package_name_here/local_setup.dsv
-- Installing: /home/tony/autonav_software_2024/autonav_ws/install/add_your_package_name_here/share/add_your_package_name_here/package.dsv
-- Installing: /home/tony/autonav_software_2024/autonav_ws/install/add_your_package_name_here/share/ament_index/resource_index/packages/add_your_package_name_here
-- Installing: /home/tony/autonav_software_2024/autonav_ws/install/add_your_package_name_here/share/add_your_package_name_here/cmake/add_your_package_name_hereConfig.cmake
-- Installing: /home/tony/autonav_software_2024/autonav_ws/install/add_your_package_name_here/share/add_your_package_name_here/cmake/add_your_package_name_hereConfig-version.cmake
-- Installing: /home/tony/autonav_software_2024/autonav_ws/install/add_your_package_name_here/share/add_your_package_name_here/package.xml
