[0.013s] Invoking command in '/home/tony/autonav_software_2024/autonav_ws/build/add_your_package_name_here': CMAKE_PREFIX_PATH=${CMAKE_PREFIX_PATH}:/opt/ros/humble /usr/bin/cmake /home/tony/autonav_software_2024/autonav_ws/test_pkg -DCMAKE_INSTALL_PREFIX=/home/tony/autonav_software_2024/autonav_ws/install/add_your_package_name_here
[0.021s] -- Found ament_cmake: 1.3.5 (/opt/ros/humble/share/ament_cmake/cmake)
[0.117s] -- Found rclcpp: 16.0.5 (/opt/ros/humble/share/rclcpp/cmake)
[0.138s] -- Found rosidl_generator_c: 3.1.5 (/opt/ros/humble/share/rosidl_generator_c/cmake)
[0.140s] -- Found rosidl_adapter: 3.1.5 (/opt/ros/humble/share/rosidl_adapter/cmake)
[0.145s] -- Found rosidl_generator_cpp: 3.1.5 (/opt/ros/humble/share/rosidl_generator_cpp/cmake)
[0.154s] -- Using all available rosidl_typesupport_c: rosidl_typesupport_fastrtps_c;rosidl_typesupport_introspection_c
[0.166s] -- Using all available rosidl_typesupport_cpp: rosidl_typesupport_fastrtps_cpp;rosidl_typesupport_introspection_cpp
[0.215s] -- Found rmw_implementation_cmake: 6.1.1 (/opt/ros/humble/share/rmw_implementation_cmake/cmake)
[0.216s] -- Found rmw_fastrtps_cpp: 6.2.3 (/opt/ros/humble/share/rmw_fastrtps_cpp/cmake)
[0.305s] -- Using RMW implementation 'rmw_fastrtps_cpp' as default
[0.448s] -- Found rclpy: 3.3.9 (/opt/ros/humble/share/rclpy/cmake)
[0.448s] -- Found rosidl_default_generators: 1.2.0 (/opt/ros/humble/share/rosidl_default_generators/cmake)
[0.454s] -- Found ament_lint_auto: 0.12.7 (/opt/ros/humble/share/ament_lint_auto/cmake)
[0.511s] -- Added test 'cppcheck' to perform static code analysis on C / C++ code
[0.511s] -- Configured cppcheck include dirs: /home/tony/autonav_software_2024/autonav_ws/test_pkg/include
[0.511s] -- Configured cppcheck exclude dirs and/or files: 
[0.512s] -- Added test 'lint_cmake' to check CMake code style
[0.512s] -- Added test 'uncrustify' to check C / C++ code style
[0.513s] -- Configured uncrustify additional arguments: 
[0.513s] -- Added test 'xmllint' to check XML markup files
[0.514s] -- Configuring done
[0.518s] -- Generating done
[0.526s] -- Build files have been written to: /home/tony/autonav_software_2024/autonav_ws/build/add_your_package_name_here
[0.532s] Invoked command in '/home/tony/autonav_software_2024/autonav_ws/build/add_your_package_name_here' returned '0': CMAKE_PREFIX_PATH=${CMAKE_PREFIX_PATH}:/opt/ros/humble /usr/bin/cmake /home/tony/autonav_software_2024/autonav_ws/test_pkg -DCMAKE_INSTALL_PREFIX=/home/tony/autonav_software_2024/autonav_ws/install/add_your_package_name_here
[0.533s] Invoking command in '/home/tony/autonav_software_2024/autonav_ws/build/add_your_package_name_here': CMAKE_PREFIX_PATH=${CMAKE_PREFIX_PATH}:/opt/ros/humble /usr/bin/cmake --build /home/tony/autonav_software_2024/autonav_ws/build/add_your_package_name_here -- -j12 -l12
[0.560s] Invoked command in '/home/tony/autonav_software_2024/autonav_ws/build/add_your_package_name_here' returned '0': CMAKE_PREFIX_PATH=${CMAKE_PREFIX_PATH}:/opt/ros/humble /usr/bin/cmake --build /home/tony/autonav_software_2024/autonav_ws/build/add_your_package_name_here -- -j12 -l12
[0.574s] Invoking command in '/home/tony/autonav_software_2024/autonav_ws/build/add_your_package_name_here': CMAKE_PREFIX_PATH=${CMAKE_PREFIX_PATH}:/opt/ros/humble /usr/bin/cmake --install /home/tony/autonav_software_2024/autonav_ws/build/add_your_package_name_here
[0.579s] -- Install configuration: ""
[0.579s] -- Installing: /home/tony/autonav_software_2024/autonav_ws/install/add_your_package_name_here/share/ament_index/resource_index/package_run_dependencies/add_your_package_name_here
[0.579s] -- Installing: /home/tony/autonav_software_2024/autonav_ws/install/add_your_package_name_here/share/ament_index/resource_index/parent_prefix_path/add_your_package_name_here
[0.579s] -- Installing: /home/tony/autonav_software_2024/autonav_ws/install/add_your_package_name_here/share/add_your_package_name_here/environment/ament_prefix_path.sh
[0.579s] -- Installing: /home/tony/autonav_software_2024/autonav_ws/install/add_your_package_name_here/share/add_your_package_name_here/environment/ament_prefix_path.dsv
[0.579s] -- Installing: /home/tony/autonav_software_2024/autonav_ws/install/add_your_package_name_here/share/add_your_package_name_here/environment/path.sh
[0.579s] -- Installing: /home/tony/autonav_software_2024/autonav_ws/install/add_your_package_name_here/share/add_your_package_name_here/environment/path.dsv
[0.580s] -- Installing: /home/tony/autonav_software_2024/autonav_ws/install/add_your_package_name_here/share/add_your_package_name_here/local_setup.bash
[0.580s] -- Installing: /home/tony/autonav_software_2024/autonav_ws/install/add_your_package_name_here/share/add_your_package_name_here/local_setup.sh
[0.580s] -- Installing: /home/tony/autonav_software_2024/autonav_ws/install/add_your_package_name_here/share/add_your_package_name_here/local_setup.zsh
[0.580s] -- Installing: /home/tony/autonav_software_2024/autonav_ws/install/add_your_package_name_here/share/add_your_package_name_here/local_setup.dsv
[0.580s] -- Installing: /home/tony/autonav_software_2024/autonav_ws/install/add_your_package_name_here/share/add_your_package_name_here/package.dsv
[0.580s] -- Installing: /home/tony/autonav_software_2024/autonav_ws/install/add_your_package_name_here/share/ament_index/resource_index/packages/add_your_package_name_here
[0.580s] -- Installing: /home/tony/autonav_software_2024/autonav_ws/install/add_your_package_name_here/share/add_your_package_name_here/cmake/add_your_package_name_hereConfig.cmake
[0.580s] -- Installing: /home/tony/autonav_software_2024/autonav_ws/install/add_your_package_name_here/share/add_your_package_name_here/cmake/add_your_package_name_hereConfig-version.cmake
[0.580s] -- Installing: /home/tony/autonav_software_2024/autonav_ws/install/add_your_package_name_here/share/add_your_package_name_here/package.xml
[0.583s] Invoked command in '/home/tony/autonav_software_2024/autonav_ws/build/add_your_package_name_here' returned '0': CMAKE_PREFIX_PATH=${CMAKE_PREFIX_PATH}:/opt/ros/humble /usr/bin/cmake --install /home/tony/autonav_software_2024/autonav_ws/build/add_your_package_name_here
