previous:
SYSTEM STATE TRANSITION
GOT CONFIG SPACE
STARTING A*
START NODE: (0, 0)
UPDATING THE GRID DATA
PERFORMING SMELLIFICATION
TIME USE WAYPOINTS
GETTING WAYPOINTS VECTOR
SOUTH
System mode:
0
WAYPOINTS SIZE:
6
SMELLING THE WAYPOINTS
ACTUAL SMELLY BITS
FRONTIER SIZE:
1
SMELLY FRONTIER SIZE:
1
SMELLIFICATION DEPTH:
0
SMELLING NODE: (0, 0)
NODES:
GETTING NEIGBORS OF: (0, 0)
LOOPING THROUGH NEIGHBOR ADDRESSES
(X, Y) => (-1, 0)
LOOPING THROUGH NEIGHBOR ADDRESSES
(X, Y) => (1, 0)
LOOPING THROUGH NEIGHBOR ADDRESSES
(X, Y) => (0, 1)
NUM NEIGHBORS:
0
NUM SMELLY ITERATIONS:
1
STARTING SEARCH
FOUND GOAL
RECONSTRUCTING PATH
RECONSTRUCT INITIALIZED

current:
GOT CONFIG SPACE
STARTING A*
START NODE: (40, 80)
UPDATING THE GRID DATA
GRID SIZE: 6400
(0, 0)