[0.013s] Invoking command in '/home/tony/autonav_software_2024/autonav_ws/build/add_your_package_name_in_cmakelists_and_packagexml': CMAKE_PREFIX_PATH=${CMAKE_PREFIX_PATH}:/opt/ros/humble /usr/bin/cmake --build /home/tony/autonav_software_2024/autonav_ws/build/add_your_package_name_in_cmakelists_and_packagexml -- -j12 -l12
[0.080s] Invoked command in '/home/tony/autonav_software_2024/autonav_ws/build/add_your_package_name_in_cmakelists_and_packagexml' returned '0': CMAKE_PREFIX_PATH=${CMAKE_PREFIX_PATH}:/opt/ros/humble /usr/bin/cmake --build /home/tony/autonav_software_2024/autonav_ws/build/add_your_package_name_in_cmakelists_and_packagexml -- -j12 -l12
[0.098s] Invoking command in '/home/tony/autonav_software_2024/autonav_ws/build/add_your_package_name_in_cmakelists_and_packagexml': CMAKE_PREFIX_PATH=${CMAKE_PREFIX_PATH}:/opt/ros/humble /usr/bin/cmake --install /home/tony/autonav_software_2024/autonav_ws/build/add_your_package_name_in_cmakelists_and_packagexml
[0.103s] -- Install configuration: ""
[0.103s] -- Up-to-date: /home/tony/autonav_software_2024/autonav_ws/install/add_your_package_name_in_cmakelists_and_packagexml/share/ament_index/resource_index/package_run_dependencies/add_your_package_name_in_cmakelists_and_packagexml
[0.103s] -- Up-to-date: /home/tony/autonav_software_2024/autonav_ws/install/add_your_package_name_in_cmakelists_and_packagexml/share/ament_index/resource_index/parent_prefix_path/add_your_package_name_in_cmakelists_and_packagexml
[0.103s] -- Up-to-date: /home/tony/autonav_software_2024/autonav_ws/install/add_your_package_name_in_cmakelists_and_packagexml/share/add_your_package_name_in_cmakelists_and_packagexml/environment/ament_prefix_path.sh
[0.104s] -- Up-to-date: /home/tony/autonav_software_2024/autonav_ws/install/add_your_package_name_in_cmakelists_and_packagexml/share/add_your_package_name_in_cmakelists_and_packagexml/environment/ament_prefix_path.dsv
[0.104s] -- Up-to-date: /home/tony/autonav_software_2024/autonav_ws/install/add_your_package_name_in_cmakelists_and_packagexml/share/add_your_package_name_in_cmakelists_and_packagexml/environment/path.sh
[0.104s] -- Up-to-date: /home/tony/autonav_software_2024/autonav_ws/install/add_your_package_name_in_cmakelists_and_packagexml/share/add_your_package_name_in_cmakelists_and_packagexml/environment/path.dsv
[0.104s] -- Up-to-date: /home/tony/autonav_software_2024/autonav_ws/install/add_your_package_name_in_cmakelists_and_packagexml/share/add_your_package_name_in_cmakelists_and_packagexml/local_setup.bash
[0.104s] -- Up-to-date: /home/tony/autonav_software_2024/autonav_ws/install/add_your_package_name_in_cmakelists_and_packagexml/share/add_your_package_name_in_cmakelists_and_packagexml/local_setup.sh
[0.104s] -- Up-to-date: /home/tony/autonav_software_2024/autonav_ws/install/add_your_package_name_in_cmakelists_and_packagexml/share/add_your_package_name_in_cmakelists_and_packagexml/local_setup.zsh
[0.104s] -- Up-to-date: /home/tony/autonav_software_2024/autonav_ws/install/add_your_package_name_in_cmakelists_and_packagexml/share/add_your_package_name_in_cmakelists_and_packagexml/local_setup.dsv
[0.104s] -- Up-to-date: /home/tony/autonav_software_2024/autonav_ws/install/add_your_package_name_in_cmakelists_and_packagexml/share/add_your_package_name_in_cmakelists_and_packagexml/package.dsv
[0.104s] -- Up-to-date: /home/tony/autonav_software_2024/autonav_ws/install/add_your_package_name_in_cmakelists_and_packagexml/share/ament_index/resource_index/packages/add_your_package_name_in_cmakelists_and_packagexml
[0.104s] -- Up-to-date: /home/tony/autonav_software_2024/autonav_ws/install/add_your_package_name_in_cmakelists_and_packagexml/share/add_your_package_name_in_cmakelists_and_packagexml/cmake/add_your_package_name_in_cmakelists_and_packagexmlConfig.cmake
[0.104s] -- Up-to-date: /home/tony/autonav_software_2024/autonav_ws/install/add_your_package_name_in_cmakelists_and_packagexml/share/add_your_package_name_in_cmakelists_and_packagexml/cmake/add_your_package_name_in_cmakelists_and_packagexmlConfig-version.cmake
[0.104s] -- Up-to-date: /home/tony/autonav_software_2024/autonav_ws/install/add_your_package_name_in_cmakelists_and_packagexml/share/add_your_package_name_in_cmakelists_and_packagexml/package.xml
[0.105s] Invoked command in '/home/tony/autonav_software_2024/autonav_ws/build/add_your_package_name_in_cmakelists_and_packagexml' returned '0': CMAKE_PREFIX_PATH=${CMAKE_PREFIX_PATH}:/opt/ros/humble /usr/bin/cmake --install /home/tony/autonav_software_2024/autonav_ws/build/add_your_package_name_in_cmakelists_and_packagexml
