[0.011s] Invoking command in '/home/tony/autonav_software_2024/autonav_ws/build/ADD_YOUR_PACKAGE_NAME_HERE': CMAKE_PREFIX_PATH=${CMAKE_PREFIX_PATH}:/opt/ros/humble /usr/bin/cmake /home/tony/autonav_software_2024/autonav_ws/test_pkg -DCMAKE_INSTALL_PREFIX=/home/tony/autonav_software_2024/autonav_ws/install/ADD_YOUR_PACKAGE_NAME_HERE
[0.045s] -- The C compiler identification is GNU 11.4.0
[0.083s] -- The CXX compiler identification is GNU 11.4.0
[0.088s] -- Detecting C compiler ABI info
[0.132s] -- Detecting C compiler ABI info - done
[0.138s] -- Check for working C compiler: /usr/bin/cc - skipped
[0.138s] -- Detecting C compile features
[0.138s] -- Detecting C compile features - done
[0.140s] -- Detecting CXX compiler ABI info
[0.191s] -- Detecting CXX compiler ABI info - done
[0.197s] -- Check for working CXX compiler: /usr/bin/c++ - skipped
[0.197s] -- Detecting CXX compile features
[0.198s] -- Detecting CXX compile features - done
[0.199s] -- Found ament_cmake: 1.3.5 (/opt/ros/humble/share/ament_cmake/cmake)
[0.312s] -- Found Python3: /usr/bin/python3.10 (found version "3.10.12") found components: Interpreter 
[0.359s] [31mCMake Error at /opt/ros/humble/share/ament_cmake_core/cmake/ament_cmake_uninstall_target-extras.cmake:40 (add_custom_target):
[0.359s]   add_custom_target called with target name containing a "<".  This character
[0.359s]   is not allowed.
[0.359s] Call Stack (most recent call first):
[0.359s]   /opt/ros/humble/share/ament_cmake_core/cmake/ament_cmake_coreConfig.cmake:41 (include)
[0.359s]   /opt/ros/humble/share/ament_cmake/cmake/ament_cmake_export_dependencies-extras.cmake:15 (find_package)
[0.359s]   /opt/ros/humble/share/ament_cmake/cmake/ament_cmakeConfig.cmake:41 (include)
[0.359s]   CMakeLists.txt:10 (find_package)
[0.359s] 
[0.359s] [0m
[0.375s] -- Found rclcpp: 16.0.5 (/opt/ros/humble/share/rclcpp/cmake)
[0.404s] -- Found rosidl_generator_c: 3.1.5 (/opt/ros/humble/share/rosidl_generator_c/cmake)
[0.408s] -- Found rosidl_adapter: 3.1.5 (/opt/ros/humble/share/rosidl_adapter/cmake)
[0.414s] -- Found rosidl_generator_cpp: 3.1.5 (/opt/ros/humble/share/rosidl_generator_cpp/cmake)
[0.424s] -- Using all available rosidl_typesupport_c: rosidl_typesupport_fastrtps_c;rosidl_typesupport_introspection_c
[0.439s] -- Using all available rosidl_typesupport_cpp: rosidl_typesupport_fastrtps_cpp;rosidl_typesupport_introspection_cpp
[0.494s] -- Found rmw_implementation_cmake: 6.1.1 (/opt/ros/humble/share/rmw_implementation_cmake/cmake)
[0.496s] -- Found rmw_fastrtps_cpp: 6.2.3 (/opt/ros/humble/share/rmw_fastrtps_cpp/cmake)
[0.568s] -- Found OpenSSL: /usr/lib/x86_64-linux-gnu/libcrypto.so (found version "3.0.2")  
[0.586s] -- Found FastRTPS: /opt/ros/humble/include  
[0.621s] -- Using RMW implementation 'rmw_fastrtps_cpp' as default
[0.627s] -- Looking for pthread.h
[0.672s] -- Looking for pthread.h - found
[0.672s] -- Performing Test CMAKE_HAVE_LIBC_PTHREAD
[0.718s] -- Performing Test CMAKE_HAVE_LIBC_PTHREAD - Success
[0.719s] -- Found Threads: TRUE  
[0.854s] -- Found rclpy: 3.3.9 (/opt/ros/humble/share/rclpy/cmake)
[0.855s] -- Found rosidl_default_generators: 1.2.0 (/opt/ros/humble/share/rosidl_default_generators/cmake)
[0.861s] [31mCMake Error at /opt/ros/humble/share/rosidl_cmake/cmake/rosidl_generate_interfaces.cmake:59 (message):
[0.861s]   rosidl_generate_interfaces() called without any interface files
[0.861s] Call Stack (most recent call first):
[0.861s]   CMakeLists.txt:19 (rosidl_generate_interfaces)
[0.861s] 
[0.861s] [0m
[0.861s] -- Configuring incomplete, errors occurred!
[0.861s] See also "/home/tony/autonav_software_2024/autonav_ws/build/ADD_YOUR_PACKAGE_NAME_HERE/CMakeFiles/CMakeOutput.log".
[0.867s] Invoked command in '/home/tony/autonav_software_2024/autonav_ws/build/ADD_YOUR_PACKAGE_NAME_HERE' returned '1': CMAKE_PREFIX_PATH=${CMAKE_PREFIX_PATH}:/opt/ros/humble /usr/bin/cmake /home/tony/autonav_software_2024/autonav_ws/test_pkg -DCMAKE_INSTALL_PREFIX=/home/tony/autonav_software_2024/autonav_ws/install/ADD_YOUR_PACKAGE_NAME_HERE
