[0.216s] DEBUG:colcon:Command line arguments: ['/usr/bin/colcon', 'build']
[0.216s] DEBUG:colcon:Parsed command line arguments: Namespace(log_base=None, log_level=None, verb_name='build', build_base='build', install_base='install', merge_install=False, symlink_install=False, test_result_base=None, continue_on_error=False, executor='parallel', parallel_workers=12, event_handlers=None, ignore_user_meta=False, metas=['./colcon.meta'], base_paths=['.'], packages_ignore=None, packages_ignore_regex=None, paths=None, packages_up_to=None, packages_up_to_regex=None, packages_above=None, packages_above_and_dependencies=None, packages_above_depth=None, packages_select_by_dep=None, packages_skip_by_dep=None, packages_skip_up_to=None, packages_select_build_failed=False, packages_skip_build_finished=False, packages_select_test_failures=False, packages_skip_test_passed=False, packages_select=None, packages_skip=None, packages_select_regex=None, packages_skip_regex=None, packages_start=None, packages_end=None, allow_overriding=[], cmake_args=None, cmake_target=None, cmake_target_skip_unavailable=False, cmake_clean_cache=False, cmake_clean_first=False, cmake_force_configure=False, ament_cmake_args=None, catkin_cmake_args=None, catkin_skip_building_tests=False, verb_parser=<colcon_defaults.argument_parser.defaults.DefaultArgumentsDecorator object at 0x7fecfa3c2da0>, verb_extension=<colcon_core.verb.build.BuildVerb object at 0x7fecfabfcc70>, main=<bound method BuildVerb.main of <colcon_core.verb.build.BuildVerb object at 0x7fecfabfcc70>>)
[0.236s] Level 1:colcon.colcon_core.package_discovery:discover_packages(colcon_meta) check parameters
[0.237s] Level 1:colcon.colcon_core.package_discovery:discover_packages(recursive) check parameters
[0.237s] Level 1:colcon.colcon_core.package_discovery:discover_packages(ignore) check parameters
[0.237s] Level 1:colcon.colcon_core.package_discovery:discover_packages(path) check parameters
[0.237s] Level 1:colcon.colcon_core.package_discovery:discover_packages(colcon_meta) discover
[0.237s] Level 1:colcon.colcon_core.package_discovery:discover_packages(recursive) discover
[0.237s] INFO:colcon.colcon_core.package_discovery:Crawling recursively for packages in '/home/tony/autonav_software_2024/autonav_ws'
[0.237s] Level 1:colcon.colcon_core.package_identification:_identify(.) by extensions ['ignore', 'ignore_ament_install']
[0.237s] Level 1:colcon.colcon_core.package_identification:_identify(.) by extension 'ignore'
[0.237s] Level 1:colcon.colcon_core.package_identification:_identify(.) by extension 'ignore_ament_install'
[0.237s] Level 1:colcon.colcon_core.package_identification:_identify(.) by extensions ['colcon_pkg']
[0.237s] Level 1:colcon.colcon_core.package_identification:_identify(.) by extension 'colcon_pkg'
[0.237s] Level 1:colcon.colcon_core.package_identification:_identify(.) by extensions ['colcon_meta']
[0.237s] Level 1:colcon.colcon_core.package_identification:_identify(.) by extension 'colcon_meta'
[0.237s] Level 1:colcon.colcon_core.package_identification:_identify(.) by extensions ['ros']
[0.237s] Level 1:colcon.colcon_core.package_identification:_identify(.) by extension 'ros'
[0.245s] Level 1:colcon.colcon_core.package_identification:_identify(.) by extensions ['cmake', 'python']
[0.245s] Level 1:colcon.colcon_core.package_identification:_identify(.) by extension 'cmake'
[0.245s] Level 1:colcon.colcon_core.package_identification:_identify(.) by extension 'python'
[0.245s] Level 1:colcon.colcon_core.package_identification:_identify(.) by extensions ['python_setup_py']
[0.245s] Level 1:colcon.colcon_core.package_identification:_identify(.) by extension 'python_setup_py'
[0.245s] Level 1:colcon.colcon_core.package_identification:_identify(autonav_filters) by extensions ['ignore', 'ignore_ament_install']
[0.245s] Level 1:colcon.colcon_core.package_identification:_identify(autonav_filters) by extension 'ignore'
[0.245s] Level 1:colcon.colcon_core.package_identification:_identify(autonav_filters) by extension 'ignore_ament_install'
[0.245s] Level 1:colcon.colcon_core.package_identification:_identify(autonav_filters) by extensions ['colcon_pkg']
[0.245s] Level 1:colcon.colcon_core.package_identification:_identify(autonav_filters) by extension 'colcon_pkg'
[0.245s] Level 1:colcon.colcon_core.package_identification:_identify(autonav_filters) by extensions ['colcon_meta']
[0.245s] Level 1:colcon.colcon_core.package_identification:_identify(autonav_filters) by extension 'colcon_meta'
[0.245s] Level 1:colcon.colcon_core.package_identification:_identify(autonav_filters) by extensions ['ros']
[0.245s] Level 1:colcon.colcon_core.package_identification:_identify(autonav_filters) by extension 'ros'
[0.247s] DEBUG:colcon.colcon_core.package_identification:Package 'autonav_filters' with type 'ros.ament_cmake' and name 'autonav_filters'
[0.247s] Level 1:colcon.colcon_core.package_identification:_identify(build) by extensions ['ignore', 'ignore_ament_install']
[0.247s] Level 1:colcon.colcon_core.package_identification:_identify(build) by extension 'ignore'
[0.247s] Level 1:colcon.colcon_core.package_identification:_identify(build) ignored
[0.247s] Level 1:colcon.colcon_core.package_identification:_identify(install) by extensions ['ignore', 'ignore_ament_install']
[0.247s] Level 1:colcon.colcon_core.package_identification:_identify(install) by extension 'ignore'
[0.247s] Level 1:colcon.colcon_core.package_identification:_identify(install) ignored
[0.247s] Level 1:colcon.colcon_core.package_identification:_identify(log) by extensions ['ignore', 'ignore_ament_install']
[0.247s] Level 1:colcon.colcon_core.package_identification:_identify(log) by extension 'ignore'
[0.247s] Level 1:colcon.colcon_core.package_identification:_identify(log) ignored
[0.247s] Level 1:colcon.colcon_core.package_discovery:discover_packages(recursive) using defaults
[0.248s] Level 1:colcon.colcon_core.package_discovery:discover_packages(ignore) discover
[0.248s] Level 1:colcon.colcon_core.package_discovery:discover_packages(ignore) using defaults
[0.248s] Level 1:colcon.colcon_core.package_discovery:discover_packages(path) discover
[0.248s] Level 1:colcon.colcon_core.package_discovery:discover_packages(path) using defaults
[0.263s] Level 1:colcon.colcon_core.package_discovery:discover_packages(prefix_path) check parameters
[0.263s] Level 1:colcon.colcon_core.package_discovery:discover_packages(prefix_path) discover
[0.265s] DEBUG:colcon.colcon_installed_package_information.package_discovery:Found 3 installed packages in /home/tony/autonav_software_2024/autonav_ws/install
[0.266s] DEBUG:colcon.colcon_installed_package_information.package_discovery:Found 275 installed packages in /opt/ros/humble
[0.267s] Level 1:colcon.colcon_core.package_discovery:discover_packages(prefix_path) using defaults
[0.308s] Level 5:colcon.colcon_core.verb:set package 'autonav_filters' build argument 'cmake_args' from command line to 'None'
[0.308s] Level 5:colcon.colcon_core.verb:set package 'autonav_filters' build argument 'cmake_target' from command line to 'None'
[0.308s] Level 5:colcon.colcon_core.verb:set package 'autonav_filters' build argument 'cmake_target_skip_unavailable' from command line to 'False'
[0.308s] Level 5:colcon.colcon_core.verb:set package 'autonav_filters' build argument 'cmake_clean_cache' from command line to 'False'
[0.308s] Level 5:colcon.colcon_core.verb:set package 'autonav_filters' build argument 'cmake_clean_first' from command line to 'False'
[0.308s] Level 5:colcon.colcon_core.verb:set package 'autonav_filters' build argument 'cmake_force_configure' from command line to 'False'
[0.309s] Level 5:colcon.colcon_core.verb:set package 'autonav_filters' build argument 'ament_cmake_args' from command line to 'None'
[0.309s] Level 5:colcon.colcon_core.verb:set package 'autonav_filters' build argument 'catkin_cmake_args' from command line to 'None'
[0.309s] Level 5:colcon.colcon_core.verb:set package 'autonav_filters' build argument 'catkin_skip_building_tests' from command line to 'False'
[0.309s] DEBUG:colcon.colcon_core.verb:Building package 'autonav_filters' with the following arguments: {'ament_cmake_args': None, 'build_base': '/home/tony/autonav_software_2024/autonav_ws/build/autonav_filters', 'catkin_cmake_args': None, 'catkin_skip_building_tests': False, 'cmake_args': None, 'cmake_clean_cache': False, 'cmake_clean_first': False, 'cmake_force_configure': False, 'cmake_target': None, 'cmake_target_skip_unavailable': False, 'install_base': '/home/tony/autonav_software_2024/autonav_ws/install/autonav_filters', 'merge_install': False, 'path': '/home/tony/autonav_software_2024/autonav_ws/autonav_filters', 'symlink_install': False, 'test_result_base': None}
[0.309s] INFO:colcon.colcon_core.executor:Executing jobs using 'parallel' executor
[0.311s] DEBUG:colcon.colcon_parallel_executor.executor.parallel:run_until_complete
[0.311s] INFO:colcon.colcon_ros.task.ament_cmake.build:Building ROS package in '/home/tony/autonav_software_2024/autonav_ws/autonav_filters' with build type 'ament_cmake'
[0.312s] INFO:colcon.colcon_cmake.task.cmake.build:Building CMake package in '/home/tony/autonav_software_2024/autonav_ws/autonav_filters'
[0.314s] INFO:colcon.colcon_core.plugin_system:Skipping extension 'colcon_core.shell.bat': Not used on non-Windows systems
[0.314s] INFO:colcon.colcon_core.shell:Skip shell extension 'powershell' for command environment: Not usable outside of PowerShell
[0.314s] DEBUG:colcon.colcon_core.shell:Skip shell extension 'dsv' for command environment
[0.321s] DEBUG:colcon.colcon_core.event_handler.log_command:Invoking command in '/home/tony/autonav_software_2024/autonav_ws/build/autonav_filters': CMAKE_PREFIX_PATH=${CMAKE_PREFIX_PATH}:/opt/ros/humble /usr/bin/cmake --build /home/tony/autonav_software_2024/autonav_ws/build/autonav_filters -- -j12 -l12
[0.357s] DEBUG:colcon.colcon_core.event_handler.log_command:Invoked command in '/home/tony/autonav_software_2024/autonav_ws/build/autonav_filters' returned '0': CMAKE_PREFIX_PATH=${CMAKE_PREFIX_PATH}:/opt/ros/humble /usr/bin/cmake --build /home/tony/autonav_software_2024/autonav_ws/build/autonav_filters -- -j12 -l12
[0.377s] DEBUG:colcon.colcon_core.event_handler.log_command:Invoking command in '/home/tony/autonav_software_2024/autonav_ws/build/autonav_filters': CMAKE_PREFIX_PATH=${CMAKE_PREFIX_PATH}:/opt/ros/humble /usr/bin/cmake --install /home/tony/autonav_software_2024/autonav_ws/build/autonav_filters
[0.382s] Level 1:colcon.colcon_core.environment:create_environment_scripts_only(autonav_filters)
[0.383s] DEBUG:colcon.colcon_core.event_handler.log_command:Invoked command in '/home/tony/autonav_software_2024/autonav_ws/build/autonav_filters' returned '0': CMAKE_PREFIX_PATH=${CMAKE_PREFIX_PATH}:/opt/ros/humble /usr/bin/cmake --install /home/tony/autonav_software_2024/autonav_ws/build/autonav_filters
[0.385s] Level 1:colcon.colcon_core.environment:checking '/home/tony/autonav_software_2024/autonav_ws/install/autonav_filters' for CMake module files
[0.386s] Level 1:colcon.colcon_core.environment:checking '/home/tony/autonav_software_2024/autonav_ws/install/autonav_filters' for CMake config files
[0.386s] Level 1:colcon.colcon_core.shell:create_environment_hook('autonav_filters', 'cmake_prefix_path')
[0.387s] INFO:colcon.colcon_core.shell:Creating environment hook '/home/tony/autonav_software_2024/autonav_ws/install/autonav_filters/share/autonav_filters/hook/cmake_prefix_path.ps1'
[0.387s] INFO:colcon.colcon_core.shell:Creating environment descriptor '/home/tony/autonav_software_2024/autonav_ws/install/autonav_filters/share/autonav_filters/hook/cmake_prefix_path.dsv'
[0.387s] INFO:colcon.colcon_core.shell:Creating environment hook '/home/tony/autonav_software_2024/autonav_ws/install/autonav_filters/share/autonav_filters/hook/cmake_prefix_path.sh'
[0.388s] Level 1:colcon.colcon_core.environment:checking '/home/tony/autonav_software_2024/autonav_ws/install/autonav_filters/lib'
[0.388s] Level 1:colcon.colcon_core.environment:checking '/home/tony/autonav_software_2024/autonav_ws/install/autonav_filters/bin'
[0.388s] Level 1:colcon.colcon_core.environment:checking '/home/tony/autonav_software_2024/autonav_ws/install/autonav_filters/lib/pkgconfig/autonav_filters.pc'
[0.388s] Level 1:colcon.colcon_core.environment:checking '/home/tony/autonav_software_2024/autonav_ws/install/autonav_filters/lib/python3.10/site-packages'
[0.388s] Level 1:colcon.colcon_core.environment:checking '/home/tony/autonav_software_2024/autonav_ws/install/autonav_filters/bin'
[0.389s] INFO:colcon.colcon_core.shell:Creating package script '/home/tony/autonav_software_2024/autonav_ws/install/autonav_filters/share/autonav_filters/package.ps1'
[0.390s] INFO:colcon.colcon_core.shell:Creating package descriptor '/home/tony/autonav_software_2024/autonav_ws/install/autonav_filters/share/autonav_filters/package.dsv'
[0.390s] INFO:colcon.colcon_core.shell:Creating package script '/home/tony/autonav_software_2024/autonav_ws/install/autonav_filters/share/autonav_filters/package.sh'
[0.391s] INFO:colcon.colcon_core.shell:Creating package script '/home/tony/autonav_software_2024/autonav_ws/install/autonav_filters/share/autonav_filters/package.bash'
[0.391s] INFO:colcon.colcon_core.shell:Creating package script '/home/tony/autonav_software_2024/autonav_ws/install/autonav_filters/share/autonav_filters/package.zsh'
[0.391s] Level 1:colcon.colcon_core.environment:create_file_with_runtime_dependencies(/home/tony/autonav_software_2024/autonav_ws/install/autonav_filters/share/colcon-core/packages/autonav_filters)
[0.406s] Level 1:colcon.colcon_core.environment:create_environment_scripts_only(autonav_filters)
[0.407s] Level 1:colcon.colcon_core.environment:checking '/home/tony/autonav_software_2024/autonav_ws/install/autonav_filters' for CMake module files
[0.407s] Level 1:colcon.colcon_core.environment:checking '/home/tony/autonav_software_2024/autonav_ws/install/autonav_filters' for CMake config files
[0.407s] Level 1:colcon.colcon_core.shell:create_environment_hook('autonav_filters', 'cmake_prefix_path')
[0.408s] INFO:colcon.colcon_core.shell:Creating environment hook '/home/tony/autonav_software_2024/autonav_ws/install/autonav_filters/share/autonav_filters/hook/cmake_prefix_path.ps1'
[0.408s] INFO:colcon.colcon_core.shell:Creating environment descriptor '/home/tony/autonav_software_2024/autonav_ws/install/autonav_filters/share/autonav_filters/hook/cmake_prefix_path.dsv'
[0.409s] INFO:colcon.colcon_core.shell:Creating environment hook '/home/tony/autonav_software_2024/autonav_ws/install/autonav_filters/share/autonav_filters/hook/cmake_prefix_path.sh'
[0.409s] Level 1:colcon.colcon_core.environment:checking '/home/tony/autonav_software_2024/autonav_ws/install/autonav_filters/lib'
[0.409s] Level 1:colcon.colcon_core.environment:checking '/home/tony/autonav_software_2024/autonav_ws/install/autonav_filters/bin'
[0.409s] Level 1:colcon.colcon_core.environment:checking '/home/tony/autonav_software_2024/autonav_ws/install/autonav_filters/lib/pkgconfig/autonav_filters.pc'
[0.409s] Level 1:colcon.colcon_core.environment:checking '/home/tony/autonav_software_2024/autonav_ws/install/autonav_filters/lib/python3.10/site-packages'
[0.409s] Level 1:colcon.colcon_core.environment:checking '/home/tony/autonav_software_2024/autonav_ws/install/autonav_filters/bin'
[0.410s] INFO:colcon.colcon_core.shell:Creating package script '/home/tony/autonav_software_2024/autonav_ws/install/autonav_filters/share/autonav_filters/package.ps1'
[0.410s] INFO:colcon.colcon_core.shell:Creating package descriptor '/home/tony/autonav_software_2024/autonav_ws/install/autonav_filters/share/autonav_filters/package.dsv'
[0.411s] INFO:colcon.colcon_core.shell:Creating package script '/home/tony/autonav_software_2024/autonav_ws/install/autonav_filters/share/autonav_filters/package.sh'
[0.411s] INFO:colcon.colcon_core.shell:Creating package script '/home/tony/autonav_software_2024/autonav_ws/install/autonav_filters/share/autonav_filters/package.bash'
[0.411s] INFO:colcon.colcon_core.shell:Creating package script '/home/tony/autonav_software_2024/autonav_ws/install/autonav_filters/share/autonav_filters/package.zsh'
[0.411s] Level 1:colcon.colcon_core.environment:create_file_with_runtime_dependencies(/home/tony/autonav_software_2024/autonav_ws/install/autonav_filters/share/colcon-core/packages/autonav_filters)
[0.412s] DEBUG:colcon.colcon_parallel_executor.executor.parallel:closing loop
[0.412s] DEBUG:colcon.colcon_parallel_executor.executor.parallel:loop closed
[0.412s] DEBUG:colcon.colcon_parallel_executor.executor.parallel:run_until_complete finished with '0'
[0.412s] DEBUG:colcon.colcon_core.event_reactor:joining thread
[0.415s] INFO:colcon.colcon_core.plugin_system:Skipping extension 'colcon_notification.desktop_notification.terminal_notifier': Not used on non-Darwin systems
[0.415s] INFO:colcon.colcon_core.plugin_system:Skipping extension 'colcon_notification.desktop_notification.win32': Not used on non-Windows systems
[0.415s] INFO:colcon.colcon_notification.desktop_notification:Sending desktop notification using 'notify2'
[0.422s] DEBUG:colcon.colcon_core.event_reactor:joined thread
[0.423s] INFO:colcon.colcon_core.shell:Creating prefix script '/home/tony/autonav_software_2024/autonav_ws/install/local_setup.ps1'
[0.424s] INFO:colcon.colcon_core.shell:Creating prefix util module '/home/tony/autonav_software_2024/autonav_ws/install/_local_setup_util_ps1.py'
[0.424s] INFO:colcon.colcon_core.shell:Creating prefix chain script '/home/tony/autonav_software_2024/autonav_ws/install/setup.ps1'
[0.425s] INFO:colcon.colcon_core.shell:Creating prefix script '/home/tony/autonav_software_2024/autonav_ws/install/local_setup.sh'
[0.426s] INFO:colcon.colcon_core.shell:Creating prefix util module '/home/tony/autonav_software_2024/autonav_ws/install/_local_setup_util_sh.py'
[0.426s] INFO:colcon.colcon_core.shell:Creating prefix chain script '/home/tony/autonav_software_2024/autonav_ws/install/setup.sh'
[0.427s] INFO:colcon.colcon_core.shell:Creating prefix script '/home/tony/autonav_software_2024/autonav_ws/install/local_setup.bash'
[0.427s] INFO:colcon.colcon_core.shell:Creating prefix chain script '/home/tony/autonav_software_2024/autonav_ws/install/setup.bash'
[0.428s] INFO:colcon.colcon_core.shell:Creating prefix script '/home/tony/autonav_software_2024/autonav_ws/install/local_setup.zsh'
[0.428s] INFO:colcon.colcon_core.shell:Creating prefix chain script '/home/tony/autonav_software_2024/autonav_ws/install/setup.zsh'
