[0.012s] Invoking command in '/home/tony/autonav_software_2024/autonav_ws/build/add_your_package_name_here': CMAKE_PREFIX_PATH=${CMAKE_PREFIX_PATH}:/opt/ros/humble /usr/bin/cmake --build /home/tony/autonav_software_2024/autonav_ws/build/add_your_package_name_here -- -j12 -l12
[0.037s] [35m[1mConsolidate compiler generated dependencies of target my_node[0m
[0.043s] [100%] Built target my_node
[0.050s] Invoked command in '/home/tony/autonav_software_2024/autonav_ws/build/add_your_package_name_here' returned '0': CMAKE_PREFIX_PATH=${CMAKE_PREFIX_PATH}:/opt/ros/humble /usr/bin/cmake --build /home/tony/autonav_software_2024/autonav_ws/build/add_your_package_name_here -- -j12 -l12
[0.070s] Invoking command in '/home/tony/autonav_software_2024/autonav_ws/build/add_your_package_name_here': CMAKE_PREFIX_PATH=${CMAKE_PREFIX_PATH}:/opt/ros/humble /usr/bin/cmake --install /home/tony/autonav_software_2024/autonav_ws/build/add_your_package_name_here
[0.075s] -- Install configuration: ""
[0.075s] -- Up-to-date: /home/tony/autonav_software_2024/autonav_ws/install/add_your_package_name_here/lib/add_your_package_name_here/my_node
[0.075s] -- Up-to-date: /home/tony/autonav_software_2024/autonav_ws/install/add_your_package_name_here/share/ament_index/resource_index/package_run_dependencies/add_your_package_name_here
[0.075s] -- Up-to-date: /home/tony/autonav_software_2024/autonav_ws/install/add_your_package_name_here/share/ament_index/resource_index/parent_prefix_path/add_your_package_name_here
[0.075s] -- Up-to-date: /home/tony/autonav_software_2024/autonav_ws/install/add_your_package_name_here/share/add_your_package_name_here/environment/ament_prefix_path.sh
[0.075s] -- Up-to-date: /home/tony/autonav_software_2024/autonav_ws/install/add_your_package_name_here/share/add_your_package_name_here/environment/ament_prefix_path.dsv
[0.075s] -- Up-to-date: /home/tony/autonav_software_2024/autonav_ws/install/add_your_package_name_here/share/add_your_package_name_here/environment/path.sh
[0.076s] -- Up-to-date: /home/tony/autonav_software_2024/autonav_ws/install/add_your_package_name_here/share/add_your_package_name_here/environment/path.dsv
[0.076s] -- Up-to-date: /home/tony/autonav_software_2024/autonav_ws/install/add_your_package_name_here/share/add_your_package_name_here/local_setup.bash
[0.076s] -- Up-to-date: /home/tony/autonav_software_2024/autonav_ws/install/add_your_package_name_here/share/add_your_package_name_here/local_setup.sh
[0.076s] -- Up-to-date: /home/tony/autonav_software_2024/autonav_ws/install/add_your_package_name_here/share/add_your_package_name_here/local_setup.zsh
[0.076s] -- Up-to-date: /home/tony/autonav_software_2024/autonav_ws/install/add_your_package_name_here/share/add_your_package_name_here/local_setup.dsv
[0.076s] -- Up-to-date: /home/tony/autonav_software_2024/autonav_ws/install/add_your_package_name_here/share/add_your_package_name_here/package.dsv
[0.076s] -- Up-to-date: /home/tony/autonav_software_2024/autonav_ws/install/add_your_package_name_here/share/ament_index/resource_index/packages/add_your_package_name_here
[0.076s] -- Up-to-date: /home/tony/autonav_software_2024/autonav_ws/install/add_your_package_name_here/share/add_your_package_name_here/cmake/add_your_package_name_hereConfig.cmake
[0.076s] -- Up-to-date: /home/tony/autonav_software_2024/autonav_ws/install/add_your_package_name_here/share/add_your_package_name_here/cmake/add_your_package_name_hereConfig-version.cmake
[0.076s] -- Up-to-date: /home/tony/autonav_software_2024/autonav_ws/install/add_your_package_name_here/share/add_your_package_name_here/package.xml
[0.077s] Invoked command in '/home/tony/autonav_software_2024/autonav_ws/build/add_your_package_name_here' returned '0': CMAKE_PREFIX_PATH=${CMAKE_PREFIX_PATH}:/opt/ros/humble /usr/bin/cmake --install /home/tony/autonav_software_2024/autonav_ws/build/add_your_package_name_here
