[0.013s] Invoking command in '/home/tony/autonav_software_2024/autonav_ws/build/add_your_package_name_here': CMAKE_PREFIX_PATH=${CMAKE_PREFIX_PATH}:/opt/ros/humble /usr/bin/cmake --build /home/tony/autonav_software_2024/autonav_ws/build/add_your_package_name_here -- -j12 -l12
[0.028s] -- Found ament_cmake: 1.3.5 (/opt/ros/humble/share/ament_cmake/cmake)
[0.126s] -- Found rclcpp: 16.0.5 (/opt/ros/humble/share/rclcpp/cmake)
[0.148s] -- Found rosidl_generator_c: 3.1.5 (/opt/ros/humble/share/rosidl_generator_c/cmake)
[0.150s] -- Found rosidl_adapter: 3.1.5 (/opt/ros/humble/share/rosidl_adapter/cmake)
[0.155s] -- Found rosidl_generator_cpp: 3.1.5 (/opt/ros/humble/share/rosidl_generator_cpp/cmake)
[0.164s] -- Using all available rosidl_typesupport_c: rosidl_typesupport_fastrtps_c;rosidl_typesupport_introspection_c
[0.177s] -- Using all available rosidl_typesupport_cpp: rosidl_typesupport_fastrtps_cpp;rosidl_typesupport_introspection_cpp
[0.225s] -- Found rmw_implementation_cmake: 6.1.1 (/opt/ros/humble/share/rmw_implementation_cmake/cmake)
[0.226s] -- Found rmw_fastrtps_cpp: 6.2.3 (/opt/ros/humble/share/rmw_fastrtps_cpp/cmake)
[0.315s] -- Using RMW implementation 'rmw_fastrtps_cpp' as default
[0.449s] -- Found rclpy: 3.3.9 (/opt/ros/humble/share/rclpy/cmake)
[0.449s] -- Found rosidl_default_generators: 1.2.0 (/opt/ros/humble/share/rosidl_default_generators/cmake)
[0.454s] -- Found ament_lint_auto: 0.12.7 (/opt/ros/humble/share/ament_lint_auto/cmake)
[0.510s] -- Added test 'cppcheck' to perform static code analysis on C / C++ code
[0.510s] -- Configured cppcheck include dirs: /home/tony/autonav_software_2024/autonav_ws/test_pkg/include
[0.510s] -- Configured cppcheck exclude dirs and/or files: 
[0.510s] -- Added test 'lint_cmake' to check CMake code style
[0.511s] -- Added test 'uncrustify' to check C / C++ code style
[0.511s] -- Configured uncrustify additional arguments: 
[0.511s] -- Added test 'xmllint' to check XML markup files
[0.512s] -- Configuring done
[0.516s] -- Generating done
[0.517s] -- Build files have been written to: /home/tony/autonav_software_2024/autonav_ws/build/add_your_package_name_here
[0.542s] [ 50%] [32mBuilding CXX object CMakeFiles/my_node.dir/src/my_node.cpp.o[0m
[0.561s] [100%] [32m[1mLinking CXX executable my_node[0m
[0.596s] [100%] Built target my_node
[0.604s] Invoked command in '/home/tony/autonav_software_2024/autonav_ws/build/add_your_package_name_here' returned '0': CMAKE_PREFIX_PATH=${CMAKE_PREFIX_PATH}:/opt/ros/humble /usr/bin/cmake --build /home/tony/autonav_software_2024/autonav_ws/build/add_your_package_name_here -- -j12 -l12
[0.620s] Invoking command in '/home/tony/autonav_software_2024/autonav_ws/build/add_your_package_name_here': CMAKE_PREFIX_PATH=${CMAKE_PREFIX_PATH}:/opt/ros/humble /usr/bin/cmake --install /home/tony/autonav_software_2024/autonav_ws/build/add_your_package_name_here
[0.625s] -- Install configuration: ""
[0.625s] -- Installing: /home/tony/autonav_software_2024/autonav_ws/install/add_your_package_name_here/lib/add_your_package_name_here/my_node
[0.625s] -- Up-to-date: /home/tony/autonav_software_2024/autonav_ws/install/add_your_package_name_here/share/ament_index/resource_index/package_run_dependencies/add_your_package_name_here
[0.625s] -- Up-to-date: /home/tony/autonav_software_2024/autonav_ws/install/add_your_package_name_here/share/ament_index/resource_index/parent_prefix_path/add_your_package_name_here
[0.625s] -- Up-to-date: /home/tony/autonav_software_2024/autonav_ws/install/add_your_package_name_here/share/add_your_package_name_here/environment/ament_prefix_path.sh
[0.625s] -- Installing: /home/tony/autonav_software_2024/autonav_ws/install/add_your_package_name_here/share/add_your_package_name_here/environment/ament_prefix_path.dsv
[0.625s] -- Up-to-date: /home/tony/autonav_software_2024/autonav_ws/install/add_your_package_name_here/share/add_your_package_name_here/environment/path.sh
[0.625s] -- Installing: /home/tony/autonav_software_2024/autonav_ws/install/add_your_package_name_here/share/add_your_package_name_here/environment/path.dsv
[0.625s] -- Up-to-date: /home/tony/autonav_software_2024/autonav_ws/install/add_your_package_name_here/share/add_your_package_name_here/local_setup.bash
[0.625s] -- Up-to-date: /home/tony/autonav_software_2024/autonav_ws/install/add_your_package_name_here/share/add_your_package_name_here/local_setup.sh
[0.625s] -- Up-to-date: /home/tony/autonav_software_2024/autonav_ws/install/add_your_package_name_here/share/add_your_package_name_here/local_setup.zsh
[0.625s] -- Installing: /home/tony/autonav_software_2024/autonav_ws/install/add_your_package_name_here/share/add_your_package_name_here/local_setup.dsv
[0.625s] -- Installing: /home/tony/autonav_software_2024/autonav_ws/install/add_your_package_name_here/share/add_your_package_name_here/package.dsv
[0.626s] -- Up-to-date: /home/tony/autonav_software_2024/autonav_ws/install/add_your_package_name_here/share/ament_index/resource_index/packages/add_your_package_name_here
[0.626s] -- Up-to-date: /home/tony/autonav_software_2024/autonav_ws/install/add_your_package_name_here/share/add_your_package_name_here/cmake/add_your_package_name_hereConfig.cmake
[0.626s] -- Up-to-date: /home/tony/autonav_software_2024/autonav_ws/install/add_your_package_name_here/share/add_your_package_name_here/cmake/add_your_package_name_hereConfig-version.cmake
[0.626s] -- Up-to-date: /home/tony/autonav_software_2024/autonav_ws/install/add_your_package_name_here/share/add_your_package_name_here/package.xml
[0.628s] Invoked command in '/home/tony/autonav_software_2024/autonav_ws/build/add_your_package_name_here' returned '0': CMAKE_PREFIX_PATH=${CMAKE_PREFIX_PATH}:/opt/ros/humble /usr/bin/cmake --install /home/tony/autonav_software_2024/autonav_ws/build/add_your_package_name_here
