[0.012s] Invoking command in '/home/tony/autonav_software_2024/autonav_ws/build/add_your_package_name_in_cmakelists_and_packagexml': CMAKE_PREFIX_PATH=${CMAKE_PREFIX_PATH}:/opt/ros/humble /usr/bin/cmake --build /home/tony/autonav_software_2024/autonav_ws/build/add_your_package_name_in_cmakelists_and_packagexml -- -j12 -l12
[0.028s] -- Found ament_cmake: 1.3.5 (/opt/ros/humble/share/ament_cmake/cmake)
[0.124s] -- Found rclcpp: 16.0.5 (/opt/ros/humble/share/rclcpp/cmake)
[0.146s] -- Found rosidl_generator_c: 3.1.5 (/opt/ros/humble/share/rosidl_generator_c/cmake)
[0.148s] -- Found rosidl_adapter: 3.1.5 (/opt/ros/humble/share/rosidl_adapter/cmake)
[0.152s] -- Found rosidl_generator_cpp: 3.1.5 (/opt/ros/humble/share/rosidl_generator_cpp/cmake)
[0.161s] -- Using all available rosidl_typesupport_c: rosidl_typesupport_fastrtps_c;rosidl_typesupport_introspection_c
[0.174s] -- Using all available rosidl_typesupport_cpp: rosidl_typesupport_fastrtps_cpp;rosidl_typesupport_introspection_cpp
[0.221s] -- Found rmw_implementation_cmake: 6.1.1 (/opt/ros/humble/share/rmw_implementation_cmake/cmake)
[0.222s] -- Found rmw_fastrtps_cpp: 6.2.3 (/opt/ros/humble/share/rmw_fastrtps_cpp/cmake)
[0.311s] -- Using RMW implementation 'rmw_fastrtps_cpp' as default
[0.444s] -- Found rclpy: 3.3.9 (/opt/ros/humble/share/rclpy/cmake)
[0.444s] -- Found rosidl_default_generators: 1.2.0 (/opt/ros/humble/share/rosidl_default_generators/cmake)
[0.450s] -- Found ament_lint_auto: 0.12.7 (/opt/ros/humble/share/ament_lint_auto/cmake)
[0.495s] -- Added test 'cppcheck' to perform static code analysis on C / C++ code
[0.495s] -- Configured cppcheck include dirs: /home/tony/autonav_software_2024/autonav_ws/my_package/include
[0.495s] -- Configured cppcheck exclude dirs and/or files: 
[0.496s] -- Added test 'lint_cmake' to check CMake code style
[0.496s] -- Added test 'uncrustify' to check C / C++ code style
[0.496s] -- Configured uncrustify additional arguments: 
[0.496s] -- Added test 'xmllint' to check XML markup files
[0.497s] -- Configuring done
[0.500s] -- Generating done
[0.501s] -- Build files have been written to: /home/tony/autonav_software_2024/autonav_ws/build/add_your_package_name_in_cmakelists_and_packagexml
[0.517s] Invoked command in '/home/tony/autonav_software_2024/autonav_ws/build/add_your_package_name_in_cmakelists_and_packagexml' returned '0': CMAKE_PREFIX_PATH=${CMAKE_PREFIX_PATH}:/opt/ros/humble /usr/bin/cmake --build /home/tony/autonav_software_2024/autonav_ws/build/add_your_package_name_in_cmakelists_and_packagexml -- -j12 -l12
[0.530s] Invoking command in '/home/tony/autonav_software_2024/autonav_ws/build/add_your_package_name_in_cmakelists_and_packagexml': CMAKE_PREFIX_PATH=${CMAKE_PREFIX_PATH}:/opt/ros/humble /usr/bin/cmake --install /home/tony/autonav_software_2024/autonav_ws/build/add_your_package_name_in_cmakelists_and_packagexml
[0.534s] -- Install configuration: ""
[0.534s] -- Up-to-date: /home/tony/autonav_software_2024/autonav_ws/install/add_your_package_name_in_cmakelists_and_packagexml/share/ament_index/resource_index/package_run_dependencies/add_your_package_name_in_cmakelists_and_packagexml
[0.534s] -- Up-to-date: /home/tony/autonav_software_2024/autonav_ws/install/add_your_package_name_in_cmakelists_and_packagexml/share/ament_index/resource_index/parent_prefix_path/add_your_package_name_in_cmakelists_and_packagexml
[0.534s] -- Up-to-date: /home/tony/autonav_software_2024/autonav_ws/install/add_your_package_name_in_cmakelists_and_packagexml/share/add_your_package_name_in_cmakelists_and_packagexml/environment/ament_prefix_path.sh
[0.534s] -- Installing: /home/tony/autonav_software_2024/autonav_ws/install/add_your_package_name_in_cmakelists_and_packagexml/share/add_your_package_name_in_cmakelists_and_packagexml/environment/ament_prefix_path.dsv
[0.535s] -- Up-to-date: /home/tony/autonav_software_2024/autonav_ws/install/add_your_package_name_in_cmakelists_and_packagexml/share/add_your_package_name_in_cmakelists_and_packagexml/environment/path.sh
[0.535s] -- Installing: /home/tony/autonav_software_2024/autonav_ws/install/add_your_package_name_in_cmakelists_and_packagexml/share/add_your_package_name_in_cmakelists_and_packagexml/environment/path.dsv
[0.535s] -- Up-to-date: /home/tony/autonav_software_2024/autonav_ws/install/add_your_package_name_in_cmakelists_and_packagexml/share/add_your_package_name_in_cmakelists_and_packagexml/local_setup.bash
[0.535s] -- Up-to-date: /home/tony/autonav_software_2024/autonav_ws/install/add_your_package_name_in_cmakelists_and_packagexml/share/add_your_package_name_in_cmakelists_and_packagexml/local_setup.sh
[0.535s] -- Up-to-date: /home/tony/autonav_software_2024/autonav_ws/install/add_your_package_name_in_cmakelists_and_packagexml/share/add_your_package_name_in_cmakelists_and_packagexml/local_setup.zsh
[0.535s] -- Installing: /home/tony/autonav_software_2024/autonav_ws/install/add_your_package_name_in_cmakelists_and_packagexml/share/add_your_package_name_in_cmakelists_and_packagexml/local_setup.dsv
[0.535s] -- Installing: /home/tony/autonav_software_2024/autonav_ws/install/add_your_package_name_in_cmakelists_and_packagexml/share/add_your_package_name_in_cmakelists_and_packagexml/package.dsv
[0.535s] -- Up-to-date: /home/tony/autonav_software_2024/autonav_ws/install/add_your_package_name_in_cmakelists_and_packagexml/share/ament_index/resource_index/packages/add_your_package_name_in_cmakelists_and_packagexml
[0.535s] -- Up-to-date: /home/tony/autonav_software_2024/autonav_ws/install/add_your_package_name_in_cmakelists_and_packagexml/share/add_your_package_name_in_cmakelists_and_packagexml/cmake/add_your_package_name_in_cmakelists_and_packagexmlConfig.cmake
[0.535s] -- Up-to-date: /home/tony/autonav_software_2024/autonav_ws/install/add_your_package_name_in_cmakelists_and_packagexml/share/add_your_package_name_in_cmakelists_and_packagexml/cmake/add_your_package_name_in_cmakelists_and_packagexmlConfig-version.cmake
[0.535s] -- Installing: /home/tony/autonav_software_2024/autonav_ws/install/add_your_package_name_in_cmakelists_and_packagexml/share/add_your_package_name_in_cmakelists_and_packagexml/package.xml
[0.537s] Invoked command in '/home/tony/autonav_software_2024/autonav_ws/build/add_your_package_name_in_cmakelists_and_packagexml' returned '0': CMAKE_PREFIX_PATH=${CMAKE_PREFIX_PATH}:/opt/ros/humble /usr/bin/cmake --install /home/tony/autonav_software_2024/autonav_ws/build/add_your_package_name_in_cmakelists_and_packagexml
