[0.012s] Invoking command in '/home/tony/autonav_software_2024/autonav_ws/build/add_your_package_name_in_cmakelists_and_packagexml': CMAKE_PREFIX_PATH=${CMAKE_PREFIX_PATH}:/opt/ros/humble /usr/bin/cmake /home/tony/autonav_software_2024/autonav_ws/my_package -DCMAKE_INSTALL_PREFIX=/home/tony/autonav_software_2024/autonav_ws/install/add_your_package_name_in_cmakelists_and_packagexml
[0.046s] -- The C compiler identification is GNU 11.4.0
[0.084s] -- The CXX compiler identification is GNU 11.4.0
[0.088s] -- Detecting C compiler ABI info
[0.132s] -- Detecting C compiler ABI info - done
[0.138s] -- Check for working C compiler: /usr/bin/cc - skipped
[0.139s] -- Detecting C compile features
[0.139s] -- Detecting C compile features - done
[0.141s] -- Detecting CXX compiler ABI info
[0.191s] -- Detecting CXX compiler ABI info - done
[0.198s] -- Check for working CXX compiler: /usr/bin/c++ - skipped
[0.198s] -- Detecting CXX compile features
[0.198s] -- Detecting CXX compile features - done
[0.200s] -- Found ament_cmake: 1.3.5 (/opt/ros/humble/share/ament_cmake/cmake)
[0.314s] -- Found Python3: /usr/bin/python3.10 (found version "3.10.12") found components: Interpreter 
[0.372s] -- Found rclcpp: 16.0.5 (/opt/ros/humble/share/rclcpp/cmake)
[0.402s] -- Found rosidl_generator_c: 3.1.5 (/opt/ros/humble/share/rosidl_generator_c/cmake)
[0.405s] -- Found rosidl_adapter: 3.1.5 (/opt/ros/humble/share/rosidl_adapter/cmake)
[0.411s] -- Found rosidl_generator_cpp: 3.1.5 (/opt/ros/humble/share/rosidl_generator_cpp/cmake)
[0.422s] -- Using all available rosidl_typesupport_c: rosidl_typesupport_fastrtps_c;rosidl_typesupport_introspection_c
[0.437s] -- Using all available rosidl_typesupport_cpp: rosidl_typesupport_fastrtps_cpp;rosidl_typesupport_introspection_cpp
[0.493s] -- Found rmw_implementation_cmake: 6.1.1 (/opt/ros/humble/share/rmw_implementation_cmake/cmake)
[0.494s] -- Found rmw_fastrtps_cpp: 6.2.3 (/opt/ros/humble/share/rmw_fastrtps_cpp/cmake)
[0.564s] -- Found OpenSSL: /usr/lib/x86_64-linux-gnu/libcrypto.so (found version "3.0.2")  
[0.582s] -- Found FastRTPS: /opt/ros/humble/include  
[0.617s] -- Using RMW implementation 'rmw_fastrtps_cpp' as default
[0.623s] -- Looking for pthread.h
[0.669s] -- Looking for pthread.h - found
[0.669s] -- Performing Test CMAKE_HAVE_LIBC_PTHREAD
[0.716s] -- Performing Test CMAKE_HAVE_LIBC_PTHREAD - Success
[0.716s] -- Found Threads: TRUE  
[0.851s] -- Found rclpy: 3.3.9 (/opt/ros/humble/share/rclpy/cmake)
[0.852s] -- Found rosidl_default_generators: 1.2.0 (/opt/ros/humble/share/rosidl_default_generators/cmake)
[0.859s] -- Found ament_lint_auto: 0.12.7 (/opt/ros/humble/share/ament_lint_auto/cmake)
[0.911s] -- Added test 'cppcheck' to perform static code analysis on C / C++ code
[0.911s] -- Configured cppcheck include dirs: /home/tony/autonav_software_2024/autonav_ws/my_package/include
[0.911s] -- Configured cppcheck exclude dirs and/or files: 
[0.912s] -- Added test 'lint_cmake' to check CMake code style
[0.912s] -- Added test 'uncrustify' to check C / C++ code style
[0.912s] -- Configured uncrustify additional arguments: 
[0.913s] -- Added test 'xmllint' to check XML markup files
[0.913s] -- Configuring done
[0.916s] -- Generating done
[0.917s] -- Build files have been written to: /home/tony/autonav_software_2024/autonav_ws/build/add_your_package_name_in_cmakelists_and_packagexml
[0.923s] Invoked command in '/home/tony/autonav_software_2024/autonav_ws/build/add_your_package_name_in_cmakelists_and_packagexml' returned '0': CMAKE_PREFIX_PATH=${CMAKE_PREFIX_PATH}:/opt/ros/humble /usr/bin/cmake /home/tony/autonav_software_2024/autonav_ws/my_package -DCMAKE_INSTALL_PREFIX=/home/tony/autonav_software_2024/autonav_ws/install/add_your_package_name_in_cmakelists_and_packagexml
[0.924s] Invoking command in '/home/tony/autonav_software_2024/autonav_ws/build/add_your_package_name_in_cmakelists_and_packagexml': CMAKE_PREFIX_PATH=${CMAKE_PREFIX_PATH}:/opt/ros/humble /usr/bin/cmake --build /home/tony/autonav_software_2024/autonav_ws/build/add_your_package_name_in_cmakelists_and_packagexml -- -j12 -l12
[0.948s] Invoked command in '/home/tony/autonav_software_2024/autonav_ws/build/add_your_package_name_in_cmakelists_and_packagexml' returned '0': CMAKE_PREFIX_PATH=${CMAKE_PREFIX_PATH}:/opt/ros/humble /usr/bin/cmake --build /home/tony/autonav_software_2024/autonav_ws/build/add_your_package_name_in_cmakelists_and_packagexml -- -j12 -l12
[0.960s] Invoking command in '/home/tony/autonav_software_2024/autonav_ws/build/add_your_package_name_in_cmakelists_and_packagexml': CMAKE_PREFIX_PATH=${CMAKE_PREFIX_PATH}:/opt/ros/humble /usr/bin/cmake --install /home/tony/autonav_software_2024/autonav_ws/build/add_your_package_name_in_cmakelists_and_packagexml
[0.964s] -- Install configuration: ""
[0.965s] -- Installing: /home/tony/autonav_software_2024/autonav_ws/install/add_your_package_name_in_cmakelists_and_packagexml/share/ament_index/resource_index/package_run_dependencies/add_your_package_name_in_cmakelists_and_packagexml
[0.965s] -- Installing: /home/tony/autonav_software_2024/autonav_ws/install/add_your_package_name_in_cmakelists_and_packagexml/share/ament_index/resource_index/parent_prefix_path/add_your_package_name_in_cmakelists_and_packagexml
[0.965s] -- Installing: /home/tony/autonav_software_2024/autonav_ws/install/add_your_package_name_in_cmakelists_and_packagexml/share/add_your_package_name_in_cmakelists_and_packagexml/environment/ament_prefix_path.sh
[0.965s] -- Installing: /home/tony/autonav_software_2024/autonav_ws/install/add_your_package_name_in_cmakelists_and_packagexml/share/add_your_package_name_in_cmakelists_and_packagexml/environment/ament_prefix_path.dsv
[0.965s] -- Installing: /home/tony/autonav_software_2024/autonav_ws/install/add_your_package_name_in_cmakelists_and_packagexml/share/add_your_package_name_in_cmakelists_and_packagexml/environment/path.sh
[0.965s] -- Installing: /home/tony/autonav_software_2024/autonav_ws/install/add_your_package_name_in_cmakelists_and_packagexml/share/add_your_package_name_in_cmakelists_and_packagexml/environment/path.dsv
[0.965s] -- Installing: /home/tony/autonav_software_2024/autonav_ws/install/add_your_package_name_in_cmakelists_and_packagexml/share/add_your_package_name_in_cmakelists_and_packagexml/local_setup.bash
[0.965s] -- Installing: /home/tony/autonav_software_2024/autonav_ws/install/add_your_package_name_in_cmakelists_and_packagexml/share/add_your_package_name_in_cmakelists_and_packagexml/local_setup.sh
[0.965s] -- Installing: /home/tony/autonav_software_2024/autonav_ws/install/add_your_package_name_in_cmakelists_and_packagexml/share/add_your_package_name_in_cmakelists_and_packagexml/local_setup.zsh
[0.966s] -- Installing: /home/tony/autonav_software_2024/autonav_ws/install/add_your_package_name_in_cmakelists_and_packagexml/share/add_your_package_name_in_cmakelists_and_packagexml/local_setup.dsv
[0.966s] -- Installing: /home/tony/autonav_software_2024/autonav_ws/install/add_your_package_name_in_cmakelists_and_packagexml/share/add_your_package_name_in_cmakelists_and_packagexml/package.dsv
[0.966s] -- Installing: /home/tony/autonav_software_2024/autonav_ws/install/add_your_package_name_in_cmakelists_and_packagexml/share/ament_index/resource_index/packages/add_your_package_name_in_cmakelists_and_packagexml
[0.966s] -- Installing: /home/tony/autonav_software_2024/autonav_ws/install/add_your_package_name_in_cmakelists_and_packagexml/share/add_your_package_name_in_cmakelists_and_packagexml/cmake/add_your_package_name_in_cmakelists_and_packagexmlConfig.cmake
[0.966s] -- Installing: /home/tony/autonav_software_2024/autonav_ws/install/add_your_package_name_in_cmakelists_and_packagexml/share/add_your_package_name_in_cmakelists_and_packagexml/cmake/add_your_package_name_in_cmakelists_and_packagexmlConfig-version.cmake
[0.966s] -- Installing: /home/tony/autonav_software_2024/autonav_ws/install/add_your_package_name_in_cmakelists_and_packagexml/share/add_your_package_name_in_cmakelists_and_packagexml/package.xml
[0.968s] Invoked command in '/home/tony/autonav_software_2024/autonav_ws/build/add_your_package_name_in_cmakelists_and_packagexml' returned '0': CMAKE_PREFIX_PATH=${CMAKE_PREFIX_PATH}:/opt/ros/humble /usr/bin/cmake --install /home/tony/autonav_software_2024/autonav_ws/build/add_your_package_name_in_cmakelists_and_packagexml
