[0.221s] DEBUG:colcon:Command line arguments: ['/usr/bin/colcon', 'build']
[0.221s] DEBUG:colcon:Parsed command line arguments: Namespace(log_base=None, log_level=None, verb_name='build', build_base='build', install_base='install', merge_install=False, symlink_install=False, test_result_base=None, continue_on_error=False, executor='parallel', parallel_workers=12, event_handlers=None, ignore_user_meta=False, metas=['./colcon.meta'], base_paths=['.'], packages_ignore=None, packages_ignore_regex=None, paths=None, packages_up_to=None, packages_up_to_regex=None, packages_above=None, packages_above_and_dependencies=None, packages_above_depth=None, packages_select_by_dep=None, packages_skip_by_dep=None, packages_skip_up_to=None, packages_select_build_failed=False, packages_skip_build_finished=False, packages_select_test_failures=False, packages_skip_test_passed=False, packages_select=None, packages_skip=None, packages_select_regex=None, packages_skip_regex=None, packages_start=None, packages_end=None, allow_overriding=[], cmake_args=None, cmake_target=None, cmake_target_skip_unavailable=False, cmake_clean_cache=False, cmake_clean_first=False, cmake_force_configure=False, ament_cmake_args=None, catkin_cmake_args=None, catkin_skip_building_tests=False, verb_parser=<colcon_defaults.argument_parser.defaults.DefaultArgumentsDecorator object at 0x7f582e8b6d40>, verb_extension=<colcon_core.verb.build.BuildVerb object at 0x7f582f153460>, main=<bound method BuildVerb.main of <colcon_core.verb.build.BuildVerb object at 0x7f582f153460>>)
[0.241s] Level 1:colcon.colcon_core.package_discovery:discover_packages(colcon_meta) check parameters
[0.242s] Level 1:colcon.colcon_core.package_discovery:discover_packages(recursive) check parameters
[0.242s] Level 1:colcon.colcon_core.package_discovery:discover_packages(ignore) check parameters
[0.242s] Level 1:colcon.colcon_core.package_discovery:discover_packages(path) check parameters
[0.242s] Level 1:colcon.colcon_core.package_discovery:discover_packages(colcon_meta) discover
[0.242s] Level 1:colcon.colcon_core.package_discovery:discover_packages(recursive) discover
[0.242s] INFO:colcon.colcon_core.package_discovery:Crawling recursively for packages in '/home/tony/autonav_software_2024/autonav_ws'
[0.242s] Level 1:colcon.colcon_core.package_identification:_identify(.) by extensions ['ignore', 'ignore_ament_install']
[0.242s] Level 1:colcon.colcon_core.package_identification:_identify(.) by extension 'ignore'
[0.242s] Level 1:colcon.colcon_core.package_identification:_identify(.) by extension 'ignore_ament_install'
[0.242s] Level 1:colcon.colcon_core.package_identification:_identify(.) by extensions ['colcon_pkg']
[0.242s] Level 1:colcon.colcon_core.package_identification:_identify(.) by extension 'colcon_pkg'
[0.242s] Level 1:colcon.colcon_core.package_identification:_identify(.) by extensions ['colcon_meta']
[0.242s] Level 1:colcon.colcon_core.package_identification:_identify(.) by extension 'colcon_meta'
[0.242s] Level 1:colcon.colcon_core.package_identification:_identify(.) by extensions ['ros']
[0.242s] Level 1:colcon.colcon_core.package_identification:_identify(.) by extension 'ros'
[0.250s] Level 1:colcon.colcon_core.package_identification:_identify(.) by extensions ['cmake', 'python']
[0.250s] Level 1:colcon.colcon_core.package_identification:_identify(.) by extension 'cmake'
[0.250s] Level 1:colcon.colcon_core.package_identification:_identify(.) by extension 'python'
[0.250s] Level 1:colcon.colcon_core.package_identification:_identify(.) by extensions ['python_setup_py']
[0.250s] Level 1:colcon.colcon_core.package_identification:_identify(.) by extension 'python_setup_py'
[0.250s] Level 1:colcon.colcon_core.package_identification:_identify(autonav_filters) by extensions ['ignore', 'ignore_ament_install']
[0.250s] Level 1:colcon.colcon_core.package_identification:_identify(autonav_filters) by extension 'ignore'
[0.250s] Level 1:colcon.colcon_core.package_identification:_identify(autonav_filters) by extension 'ignore_ament_install'
[0.250s] Level 1:colcon.colcon_core.package_identification:_identify(autonav_filters) by extensions ['colcon_pkg']
[0.250s] Level 1:colcon.colcon_core.package_identification:_identify(autonav_filters) by extension 'colcon_pkg'
[0.250s] Level 1:colcon.colcon_core.package_identification:_identify(autonav_filters) by extensions ['colcon_meta']
[0.250s] Level 1:colcon.colcon_core.package_identification:_identify(autonav_filters) by extension 'colcon_meta'
[0.250s] Level 1:colcon.colcon_core.package_identification:_identify(autonav_filters) by extensions ['ros']
[0.250s] Level 1:colcon.colcon_core.package_identification:_identify(autonav_filters) by extension 'ros'
[0.252s] DEBUG:colcon.colcon_core.package_identification:Package 'autonav_filters' with type 'ros.ament_cmake' and name 'autonav_filters'
[0.252s] Level 1:colcon.colcon_core.package_identification:_identify(build) by extensions ['ignore', 'ignore_ament_install']
[0.252s] Level 1:colcon.colcon_core.package_identification:_identify(build) by extension 'ignore'
[0.252s] Level 1:colcon.colcon_core.package_identification:_identify(build) ignored
[0.252s] Level 1:colcon.colcon_core.package_identification:_identify(install) by extensions ['ignore', 'ignore_ament_install']
[0.252s] Level 1:colcon.colcon_core.package_identification:_identify(install) by extension 'ignore'
[0.252s] Level 1:colcon.colcon_core.package_identification:_identify(install) ignored
[0.252s] Level 1:colcon.colcon_core.package_identification:_identify(log) by extensions ['ignore', 'ignore_ament_install']
[0.252s] Level 1:colcon.colcon_core.package_identification:_identify(log) by extension 'ignore'
[0.253s] Level 1:colcon.colcon_core.package_identification:_identify(log) ignored
[0.253s] Level 1:colcon.colcon_core.package_identification:_identify(my_package) by extensions ['ignore', 'ignore_ament_install']
[0.253s] Level 1:colcon.colcon_core.package_identification:_identify(my_package) by extension 'ignore'
[0.253s] Level 1:colcon.colcon_core.package_identification:_identify(my_package) by extension 'ignore_ament_install'
[0.253s] Level 1:colcon.colcon_core.package_identification:_identify(my_package) by extensions ['colcon_pkg']
[0.253s] Level 1:colcon.colcon_core.package_identification:_identify(my_package) by extension 'colcon_pkg'
[0.253s] Level 1:colcon.colcon_core.package_identification:_identify(my_package) by extensions ['colcon_meta']
[0.253s] Level 1:colcon.colcon_core.package_identification:_identify(my_package) by extension 'colcon_meta'
[0.253s] Level 1:colcon.colcon_core.package_identification:_identify(my_package) by extensions ['ros']
[0.253s] Level 1:colcon.colcon_core.package_identification:_identify(my_package) by extension 'ros'
[0.253s] DEBUG:colcon.colcon_core.package_identification:Package 'my_package' with type 'ros.ament_cmake' and name 'add_your_package_name_in_cmakelists_and_packagexml'
[0.253s] Level 1:colcon.colcon_core.package_discovery:discover_packages(recursive) using defaults
[0.253s] Level 1:colcon.colcon_core.package_discovery:discover_packages(ignore) discover
[0.253s] Level 1:colcon.colcon_core.package_discovery:discover_packages(ignore) using defaults
[0.253s] Level 1:colcon.colcon_core.package_discovery:discover_packages(path) discover
[0.253s] Level 1:colcon.colcon_core.package_discovery:discover_packages(path) using defaults
[0.269s] Level 1:colcon.colcon_core.package_discovery:discover_packages(prefix_path) check parameters
[0.269s] Level 1:colcon.colcon_core.package_discovery:discover_packages(prefix_path) discover
[0.271s] DEBUG:colcon.colcon_installed_package_information.package_discovery:Found 4 installed packages in /home/tony/autonav_software_2024/autonav_ws/install
[0.272s] DEBUG:colcon.colcon_installed_package_information.package_discovery:Found 275 installed packages in /opt/ros/humble
[0.273s] Level 1:colcon.colcon_core.package_discovery:discover_packages(prefix_path) using defaults
[0.315s] Level 5:colcon.colcon_core.verb:set package 'add_your_package_name_in_cmakelists_and_packagexml' build argument 'cmake_args' from command line to 'None'
[0.315s] Level 5:colcon.colcon_core.verb:set package 'add_your_package_name_in_cmakelists_and_packagexml' build argument 'cmake_target' from command line to 'None'
[0.315s] Level 5:colcon.colcon_core.verb:set package 'add_your_package_name_in_cmakelists_and_packagexml' build argument 'cmake_target_skip_unavailable' from command line to 'False'
[0.315s] Level 5:colcon.colcon_core.verb:set package 'add_your_package_name_in_cmakelists_and_packagexml' build argument 'cmake_clean_cache' from command line to 'False'
[0.315s] Level 5:colcon.colcon_core.verb:set package 'add_your_package_name_in_cmakelists_and_packagexml' build argument 'cmake_clean_first' from command line to 'False'
[0.315s] Level 5:colcon.colcon_core.verb:set package 'add_your_package_name_in_cmakelists_and_packagexml' build argument 'cmake_force_configure' from command line to 'False'
[0.315s] Level 5:colcon.colcon_core.verb:set package 'add_your_package_name_in_cmakelists_and_packagexml' build argument 'ament_cmake_args' from command line to 'None'
[0.315s] Level 5:colcon.colcon_core.verb:set package 'add_your_package_name_in_cmakelists_and_packagexml' build argument 'catkin_cmake_args' from command line to 'None'
[0.315s] Level 5:colcon.colcon_core.verb:set package 'add_your_package_name_in_cmakelists_and_packagexml' build argument 'catkin_skip_building_tests' from command line to 'False'
[0.315s] DEBUG:colcon.colcon_core.verb:Building package 'add_your_package_name_in_cmakelists_and_packagexml' with the following arguments: {'ament_cmake_args': None, 'build_base': '/home/tony/autonav_software_2024/autonav_ws/build/add_your_package_name_in_cmakelists_and_packagexml', 'catkin_cmake_args': None, 'catkin_skip_building_tests': False, 'cmake_args': None, 'cmake_clean_cache': False, 'cmake_clean_first': False, 'cmake_force_configure': False, 'cmake_target': None, 'cmake_target_skip_unavailable': False, 'install_base': '/home/tony/autonav_software_2024/autonav_ws/install/add_your_package_name_in_cmakelists_and_packagexml', 'merge_install': False, 'path': '/home/tony/autonav_software_2024/autonav_ws/my_package', 'symlink_install': False, 'test_result_base': None}
[0.316s] Level 5:colcon.colcon_core.verb:set package 'autonav_filters' build argument 'cmake_args' from command line to 'None'
[0.316s] Level 5:colcon.colcon_core.verb:set package 'autonav_filters' build argument 'cmake_target' from command line to 'None'
[0.316s] Level 5:colcon.colcon_core.verb:set package 'autonav_filters' build argument 'cmake_target_skip_unavailable' from command line to 'False'
[0.316s] Level 5:colcon.colcon_core.verb:set package 'autonav_filters' build argument 'cmake_clean_cache' from command line to 'False'
[0.316s] Level 5:colcon.colcon_core.verb:set package 'autonav_filters' build argument 'cmake_clean_first' from command line to 'False'
[0.316s] Level 5:colcon.colcon_core.verb:set package 'autonav_filters' build argument 'cmake_force_configure' from command line to 'False'
[0.316s] Level 5:colcon.colcon_core.verb:set package 'autonav_filters' build argument 'ament_cmake_args' from command line to 'None'
[0.316s] Level 5:colcon.colcon_core.verb:set package 'autonav_filters' build argument 'catkin_cmake_args' from command line to 'None'
[0.316s] Level 5:colcon.colcon_core.verb:set package 'autonav_filters' build argument 'catkin_skip_building_tests' from command line to 'False'
[0.316s] DEBUG:colcon.colcon_core.verb:Building package 'autonav_filters' with the following arguments: {'ament_cmake_args': None, 'build_base': '/home/tony/autonav_software_2024/autonav_ws/build/autonav_filters', 'catkin_cmake_args': None, 'catkin_skip_building_tests': False, 'cmake_args': None, 'cmake_clean_cache': False, 'cmake_clean_first': False, 'cmake_force_configure': False, 'cmake_target': None, 'cmake_target_skip_unavailable': False, 'install_base': '/home/tony/autonav_software_2024/autonav_ws/install/autonav_filters', 'merge_install': False, 'path': '/home/tony/autonav_software_2024/autonav_ws/autonav_filters', 'symlink_install': False, 'test_result_base': None}
[0.317s] INFO:colcon.colcon_core.executor:Executing jobs using 'parallel' executor
[0.319s] DEBUG:colcon.colcon_parallel_executor.executor.parallel:run_until_complete
[0.319s] INFO:colcon.colcon_ros.task.ament_cmake.build:Building ROS package in '/home/tony/autonav_software_2024/autonav_ws/my_package' with build type 'ament_cmake'
[0.319s] INFO:colcon.colcon_cmake.task.cmake.build:Building CMake package in '/home/tony/autonav_software_2024/autonav_ws/my_package'
[0.322s] INFO:colcon.colcon_core.plugin_system:Skipping extension 'colcon_core.shell.bat': Not used on non-Windows systems
[0.322s] INFO:colcon.colcon_core.shell:Skip shell extension 'powershell' for command environment: Not usable outside of PowerShell
[0.322s] DEBUG:colcon.colcon_core.shell:Skip shell extension 'dsv' for command environment
[0.325s] INFO:colcon.colcon_ros.task.ament_cmake.build:Building ROS package in '/home/tony/autonav_software_2024/autonav_ws/autonav_filters' with build type 'ament_cmake'
[0.325s] INFO:colcon.colcon_cmake.task.cmake.build:Building CMake package in '/home/tony/autonav_software_2024/autonav_ws/autonav_filters'
[0.326s] INFO:colcon.colcon_core.shell:Skip shell extension 'powershell' for command environment: Not usable outside of PowerShell
[0.326s] DEBUG:colcon.colcon_core.shell:Skip shell extension 'dsv' for command environment
[0.332s] DEBUG:colcon.colcon_core.event_handler.log_command:Invoking command in '/home/tony/autonav_software_2024/autonav_ws/build/add_your_package_name_in_cmakelists_and_packagexml': CMAKE_PREFIX_PATH=${CMAKE_PREFIX_PATH}:/opt/ros/humble /usr/bin/cmake --build /home/tony/autonav_software_2024/autonav_ws/build/add_your_package_name_in_cmakelists_and_packagexml -- -j12 -l12
[0.334s] DEBUG:colcon.colcon_core.event_handler.log_command:Invoking command in '/home/tony/autonav_software_2024/autonav_ws/build/autonav_filters': CMAKE_PREFIX_PATH=${CMAKE_PREFIX_PATH}:/opt/ros/humble /usr/bin/cmake --build /home/tony/autonav_software_2024/autonav_ws/build/autonav_filters -- -j12 -l12
[0.372s] DEBUG:colcon.colcon_core.event_handler.log_command:Invoked command in '/home/tony/autonav_software_2024/autonav_ws/build/autonav_filters' returned '0': CMAKE_PREFIX_PATH=${CMAKE_PREFIX_PATH}:/opt/ros/humble /usr/bin/cmake --build /home/tony/autonav_software_2024/autonav_ws/build/autonav_filters -- -j12 -l12
[0.391s] DEBUG:colcon.colcon_core.event_handler.log_command:Invoking command in '/home/tony/autonav_software_2024/autonav_ws/build/autonav_filters': CMAKE_PREFIX_PATH=${CMAKE_PREFIX_PATH}:/opt/ros/humble /usr/bin/cmake --install /home/tony/autonav_software_2024/autonav_ws/build/autonav_filters
[0.397s] Level 1:colcon.colcon_core.environment:create_environment_scripts_only(autonav_filters)
[0.397s] DEBUG:colcon.colcon_core.event_handler.log_command:Invoked command in '/home/tony/autonav_software_2024/autonav_ws/build/autonav_filters' returned '0': CMAKE_PREFIX_PATH=${CMAKE_PREFIX_PATH}:/opt/ros/humble /usr/bin/cmake --install /home/tony/autonav_software_2024/autonav_ws/build/autonav_filters
[0.400s] Level 1:colcon.colcon_core.environment:checking '/home/tony/autonav_software_2024/autonav_ws/install/autonav_filters' for CMake module files
[0.400s] Level 1:colcon.colcon_core.environment:checking '/home/tony/autonav_software_2024/autonav_ws/install/autonav_filters' for CMake config files
[0.400s] Level 1:colcon.colcon_core.shell:create_environment_hook('autonav_filters', 'cmake_prefix_path')
[0.401s] INFO:colcon.colcon_core.shell:Creating environment hook '/home/tony/autonav_software_2024/autonav_ws/install/autonav_filters/share/autonav_filters/hook/cmake_prefix_path.ps1'
[0.402s] INFO:colcon.colcon_core.shell:Creating environment descriptor '/home/tony/autonav_software_2024/autonav_ws/install/autonav_filters/share/autonav_filters/hook/cmake_prefix_path.dsv'
[0.402s] INFO:colcon.colcon_core.shell:Creating environment hook '/home/tony/autonav_software_2024/autonav_ws/install/autonav_filters/share/autonav_filters/hook/cmake_prefix_path.sh'
[0.402s] Level 1:colcon.colcon_core.environment:checking '/home/tony/autonav_software_2024/autonav_ws/install/autonav_filters/lib'
[0.403s] Level 1:colcon.colcon_core.environment:checking '/home/tony/autonav_software_2024/autonav_ws/install/autonav_filters/bin'
[0.403s] Level 1:colcon.colcon_core.environment:checking '/home/tony/autonav_software_2024/autonav_ws/install/autonav_filters/lib/pkgconfig/autonav_filters.pc'
[0.403s] Level 1:colcon.colcon_core.environment:checking '/home/tony/autonav_software_2024/autonav_ws/install/autonav_filters/lib/python3.10/site-packages'
[0.403s] Level 1:colcon.colcon_core.environment:checking '/home/tony/autonav_software_2024/autonav_ws/install/autonav_filters/bin'
[0.404s] INFO:colcon.colcon_core.shell:Creating package script '/home/tony/autonav_software_2024/autonav_ws/install/autonav_filters/share/autonav_filters/package.ps1'
[0.404s] INFO:colcon.colcon_core.shell:Creating package descriptor '/home/tony/autonav_software_2024/autonav_ws/install/autonav_filters/share/autonav_filters/package.dsv'
[0.404s] INFO:colcon.colcon_core.shell:Creating package script '/home/tony/autonav_software_2024/autonav_ws/install/autonav_filters/share/autonav_filters/package.sh'
[0.405s] INFO:colcon.colcon_core.shell:Creating package script '/home/tony/autonav_software_2024/autonav_ws/install/autonav_filters/share/autonav_filters/package.bash'
[0.405s] INFO:colcon.colcon_core.shell:Creating package script '/home/tony/autonav_software_2024/autonav_ws/install/autonav_filters/share/autonav_filters/package.zsh'
[0.406s] Level 1:colcon.colcon_core.environment:create_file_with_runtime_dependencies(/home/tony/autonav_software_2024/autonav_ws/install/autonav_filters/share/colcon-core/packages/autonav_filters)
[0.420s] Level 1:colcon.colcon_core.environment:create_environment_scripts_only(autonav_filters)
[0.421s] Level 1:colcon.colcon_core.environment:checking '/home/tony/autonav_software_2024/autonav_ws/install/autonav_filters' for CMake module files
[0.422s] Level 1:colcon.colcon_core.environment:checking '/home/tony/autonav_software_2024/autonav_ws/install/autonav_filters' for CMake config files
[0.422s] Level 1:colcon.colcon_core.shell:create_environment_hook('autonav_filters', 'cmake_prefix_path')
[0.423s] INFO:colcon.colcon_core.shell:Creating environment hook '/home/tony/autonav_software_2024/autonav_ws/install/autonav_filters/share/autonav_filters/hook/cmake_prefix_path.ps1'
[0.423s] INFO:colcon.colcon_core.shell:Creating environment descriptor '/home/tony/autonav_software_2024/autonav_ws/install/autonav_filters/share/autonav_filters/hook/cmake_prefix_path.dsv'
[0.423s] INFO:colcon.colcon_core.shell:Creating environment hook '/home/tony/autonav_software_2024/autonav_ws/install/autonav_filters/share/autonav_filters/hook/cmake_prefix_path.sh'
[0.424s] Level 1:colcon.colcon_core.environment:checking '/home/tony/autonav_software_2024/autonav_ws/install/autonav_filters/lib'
[0.424s] Level 1:colcon.colcon_core.environment:checking '/home/tony/autonav_software_2024/autonav_ws/install/autonav_filters/bin'
[0.424s] Level 1:colcon.colcon_core.environment:checking '/home/tony/autonav_software_2024/autonav_ws/install/autonav_filters/lib/pkgconfig/autonav_filters.pc'
[0.424s] Level 1:colcon.colcon_core.environment:checking '/home/tony/autonav_software_2024/autonav_ws/install/autonav_filters/lib/python3.10/site-packages'
[0.424s] Level 1:colcon.colcon_core.environment:checking '/home/tony/autonav_software_2024/autonav_ws/install/autonav_filters/bin'
[0.425s] INFO:colcon.colcon_core.shell:Creating package script '/home/tony/autonav_software_2024/autonav_ws/install/autonav_filters/share/autonav_filters/package.ps1'
[0.425s] INFO:colcon.colcon_core.shell:Creating package descriptor '/home/tony/autonav_software_2024/autonav_ws/install/autonav_filters/share/autonav_filters/package.dsv'
[0.426s] INFO:colcon.colcon_core.shell:Creating package script '/home/tony/autonav_software_2024/autonav_ws/install/autonav_filters/share/autonav_filters/package.sh'
[0.426s] INFO:colcon.colcon_core.shell:Creating package script '/home/tony/autonav_software_2024/autonav_ws/install/autonav_filters/share/autonav_filters/package.bash'
[0.426s] INFO:colcon.colcon_core.shell:Creating package script '/home/tony/autonav_software_2024/autonav_ws/install/autonav_filters/share/autonav_filters/package.zsh'
[0.426s] Level 1:colcon.colcon_core.environment:create_file_with_runtime_dependencies(/home/tony/autonav_software_2024/autonav_ws/install/autonav_filters/share/colcon-core/packages/autonav_filters)
[0.836s] DEBUG:colcon.colcon_core.event_handler.log_command:Invoked command in '/home/tony/autonav_software_2024/autonav_ws/build/add_your_package_name_in_cmakelists_and_packagexml' returned '0': CMAKE_PREFIX_PATH=${CMAKE_PREFIX_PATH}:/opt/ros/humble /usr/bin/cmake --build /home/tony/autonav_software_2024/autonav_ws/build/add_your_package_name_in_cmakelists_and_packagexml -- -j12 -l12
[0.850s] DEBUG:colcon.colcon_core.event_handler.log_command:Invoking command in '/home/tony/autonav_software_2024/autonav_ws/build/add_your_package_name_in_cmakelists_and_packagexml': CMAKE_PREFIX_PATH=${CMAKE_PREFIX_PATH}:/opt/ros/humble /usr/bin/cmake --install /home/tony/autonav_software_2024/autonav_ws/build/add_your_package_name_in_cmakelists_and_packagexml
[0.855s] Level 1:colcon.colcon_core.environment:create_environment_scripts_only(add_your_package_name_in_cmakelists_and_packagexml)
[0.857s] Level 1:colcon.colcon_core.environment:checking '/home/tony/autonav_software_2024/autonav_ws/install/add_your_package_name_in_cmakelists_and_packagexml' for CMake module files
[0.857s] DEBUG:colcon.colcon_core.event_handler.log_command:Invoked command in '/home/tony/autonav_software_2024/autonav_ws/build/add_your_package_name_in_cmakelists_and_packagexml' returned '0': CMAKE_PREFIX_PATH=${CMAKE_PREFIX_PATH}:/opt/ros/humble /usr/bin/cmake --install /home/tony/autonav_software_2024/autonav_ws/build/add_your_package_name_in_cmakelists_and_packagexml
[0.857s] Level 1:colcon.colcon_core.environment:checking '/home/tony/autonav_software_2024/autonav_ws/install/add_your_package_name_in_cmakelists_and_packagexml' for CMake config files
[0.857s] Level 1:colcon.colcon_core.shell:create_environment_hook('add_your_package_name_in_cmakelists_and_packagexml', 'cmake_prefix_path')
[0.858s] INFO:colcon.colcon_core.shell:Creating environment hook '/home/tony/autonav_software_2024/autonav_ws/install/add_your_package_name_in_cmakelists_and_packagexml/share/add_your_package_name_in_cmakelists_and_packagexml/hook/cmake_prefix_path.ps1'
[0.859s] INFO:colcon.colcon_core.shell:Creating environment descriptor '/home/tony/autonav_software_2024/autonav_ws/install/add_your_package_name_in_cmakelists_and_packagexml/share/add_your_package_name_in_cmakelists_and_packagexml/hook/cmake_prefix_path.dsv'
[0.859s] INFO:colcon.colcon_core.shell:Creating environment hook '/home/tony/autonav_software_2024/autonav_ws/install/add_your_package_name_in_cmakelists_and_packagexml/share/add_your_package_name_in_cmakelists_and_packagexml/hook/cmake_prefix_path.sh'
[0.859s] Level 1:colcon.colcon_core.environment:checking '/home/tony/autonav_software_2024/autonav_ws/install/add_your_package_name_in_cmakelists_and_packagexml/bin'
[0.859s] Level 1:colcon.colcon_core.environment:checking '/home/tony/autonav_software_2024/autonav_ws/install/add_your_package_name_in_cmakelists_and_packagexml/lib/pkgconfig/add_your_package_name_in_cmakelists_and_packagexml.pc'
[0.859s] Level 1:colcon.colcon_core.environment:checking '/home/tony/autonav_software_2024/autonav_ws/install/add_your_package_name_in_cmakelists_and_packagexml/lib/python3.10/site-packages'
[0.859s] Level 1:colcon.colcon_core.environment:checking '/home/tony/autonav_software_2024/autonav_ws/install/add_your_package_name_in_cmakelists_and_packagexml/bin'
[0.860s] INFO:colcon.colcon_core.shell:Creating package script '/home/tony/autonav_software_2024/autonav_ws/install/add_your_package_name_in_cmakelists_and_packagexml/share/add_your_package_name_in_cmakelists_and_packagexml/package.ps1'
[0.861s] INFO:colcon.colcon_core.shell:Creating package descriptor '/home/tony/autonav_software_2024/autonav_ws/install/add_your_package_name_in_cmakelists_and_packagexml/share/add_your_package_name_in_cmakelists_and_packagexml/package.dsv'
[0.861s] INFO:colcon.colcon_core.shell:Creating package script '/home/tony/autonav_software_2024/autonav_ws/install/add_your_package_name_in_cmakelists_and_packagexml/share/add_your_package_name_in_cmakelists_and_packagexml/package.sh'
[0.861s] INFO:colcon.colcon_core.shell:Creating package script '/home/tony/autonav_software_2024/autonav_ws/install/add_your_package_name_in_cmakelists_and_packagexml/share/add_your_package_name_in_cmakelists_and_packagexml/package.bash'
[0.861s] INFO:colcon.colcon_core.shell:Creating package script '/home/tony/autonav_software_2024/autonav_ws/install/add_your_package_name_in_cmakelists_and_packagexml/share/add_your_package_name_in_cmakelists_and_packagexml/package.zsh'
[0.861s] Level 1:colcon.colcon_core.environment:create_file_with_runtime_dependencies(/home/tony/autonav_software_2024/autonav_ws/install/add_your_package_name_in_cmakelists_and_packagexml/share/colcon-core/packages/add_your_package_name_in_cmakelists_and_packagexml)
[0.874s] Level 1:colcon.colcon_core.environment:create_environment_scripts_only(add_your_package_name_in_cmakelists_and_packagexml)
[0.875s] Level 1:colcon.colcon_core.environment:checking '/home/tony/autonav_software_2024/autonav_ws/install/add_your_package_name_in_cmakelists_and_packagexml' for CMake module files
[0.876s] Level 1:colcon.colcon_core.environment:checking '/home/tony/autonav_software_2024/autonav_ws/install/add_your_package_name_in_cmakelists_and_packagexml' for CMake config files
[0.876s] Level 1:colcon.colcon_core.shell:create_environment_hook('add_your_package_name_in_cmakelists_and_packagexml', 'cmake_prefix_path')
[0.877s] INFO:colcon.colcon_core.shell:Creating environment hook '/home/tony/autonav_software_2024/autonav_ws/install/add_your_package_name_in_cmakelists_and_packagexml/share/add_your_package_name_in_cmakelists_and_packagexml/hook/cmake_prefix_path.ps1'
[0.877s] INFO:colcon.colcon_core.shell:Creating environment descriptor '/home/tony/autonav_software_2024/autonav_ws/install/add_your_package_name_in_cmakelists_and_packagexml/share/add_your_package_name_in_cmakelists_and_packagexml/hook/cmake_prefix_path.dsv'
[0.877s] INFO:colcon.colcon_core.shell:Creating environment hook '/home/tony/autonav_software_2024/autonav_ws/install/add_your_package_name_in_cmakelists_and_packagexml/share/add_your_package_name_in_cmakelists_and_packagexml/hook/cmake_prefix_path.sh'
[0.877s] Level 1:colcon.colcon_core.environment:checking '/home/tony/autonav_software_2024/autonav_ws/install/add_your_package_name_in_cmakelists_and_packagexml/bin'
[0.877s] Level 1:colcon.colcon_core.environment:checking '/home/tony/autonav_software_2024/autonav_ws/install/add_your_package_name_in_cmakelists_and_packagexml/lib/pkgconfig/add_your_package_name_in_cmakelists_and_packagexml.pc'
[0.878s] Level 1:colcon.colcon_core.environment:checking '/home/tony/autonav_software_2024/autonav_ws/install/add_your_package_name_in_cmakelists_and_packagexml/lib/python3.10/site-packages'
[0.878s] Level 1:colcon.colcon_core.environment:checking '/home/tony/autonav_software_2024/autonav_ws/install/add_your_package_name_in_cmakelists_and_packagexml/bin'
[0.879s] INFO:colcon.colcon_core.shell:Creating package script '/home/tony/autonav_software_2024/autonav_ws/install/add_your_package_name_in_cmakelists_and_packagexml/share/add_your_package_name_in_cmakelists_and_packagexml/package.ps1'
[0.879s] INFO:colcon.colcon_core.shell:Creating package descriptor '/home/tony/autonav_software_2024/autonav_ws/install/add_your_package_name_in_cmakelists_and_packagexml/share/add_your_package_name_in_cmakelists_and_packagexml/package.dsv'
[0.879s] INFO:colcon.colcon_core.shell:Creating package script '/home/tony/autonav_software_2024/autonav_ws/install/add_your_package_name_in_cmakelists_and_packagexml/share/add_your_package_name_in_cmakelists_and_packagexml/package.sh'
[0.879s] INFO:colcon.colcon_core.shell:Creating package script '/home/tony/autonav_software_2024/autonav_ws/install/add_your_package_name_in_cmakelists_and_packagexml/share/add_your_package_name_in_cmakelists_and_packagexml/package.bash'
[0.880s] INFO:colcon.colcon_core.shell:Creating package script '/home/tony/autonav_software_2024/autonav_ws/install/add_your_package_name_in_cmakelists_and_packagexml/share/add_your_package_name_in_cmakelists_and_packagexml/package.zsh'
[0.880s] Level 1:colcon.colcon_core.environment:create_file_with_runtime_dependencies(/home/tony/autonav_software_2024/autonav_ws/install/add_your_package_name_in_cmakelists_and_packagexml/share/colcon-core/packages/add_your_package_name_in_cmakelists_and_packagexml)
[0.880s] DEBUG:colcon.colcon_parallel_executor.executor.parallel:closing loop
[0.880s] DEBUG:colcon.colcon_parallel_executor.executor.parallel:loop closed
[0.880s] DEBUG:colcon.colcon_parallel_executor.executor.parallel:run_until_complete finished with '0'
[0.880s] DEBUG:colcon.colcon_core.event_reactor:joining thread
[0.884s] INFO:colcon.colcon_core.plugin_system:Skipping extension 'colcon_notification.desktop_notification.terminal_notifier': Not used on non-Darwin systems
[0.884s] INFO:colcon.colcon_core.plugin_system:Skipping extension 'colcon_notification.desktop_notification.win32': Not used on non-Windows systems
[0.884s] INFO:colcon.colcon_notification.desktop_notification:Sending desktop notification using 'notify2'
[0.891s] DEBUG:colcon.colcon_core.event_reactor:joined thread
[0.892s] INFO:colcon.colcon_core.shell:Creating prefix script '/home/tony/autonav_software_2024/autonav_ws/install/local_setup.ps1'
[0.893s] INFO:colcon.colcon_core.shell:Creating prefix util module '/home/tony/autonav_software_2024/autonav_ws/install/_local_setup_util_ps1.py'
[0.894s] INFO:colcon.colcon_core.shell:Creating prefix chain script '/home/tony/autonav_software_2024/autonav_ws/install/setup.ps1'
[0.895s] INFO:colcon.colcon_core.shell:Creating prefix script '/home/tony/autonav_software_2024/autonav_ws/install/local_setup.sh'
[0.895s] INFO:colcon.colcon_core.shell:Creating prefix util module '/home/tony/autonav_software_2024/autonav_ws/install/_local_setup_util_sh.py'
[0.896s] INFO:colcon.colcon_core.shell:Creating prefix chain script '/home/tony/autonav_software_2024/autonav_ws/install/setup.sh'
[0.896s] INFO:colcon.colcon_core.shell:Creating prefix script '/home/tony/autonav_software_2024/autonav_ws/install/local_setup.bash'
[0.897s] INFO:colcon.colcon_core.shell:Creating prefix chain script '/home/tony/autonav_software_2024/autonav_ws/install/setup.bash'
[0.897s] INFO:colcon.colcon_core.shell:Creating prefix script '/home/tony/autonav_software_2024/autonav_ws/install/local_setup.zsh'
[0.898s] INFO:colcon.colcon_core.shell:Creating prefix chain script '/home/tony/autonav_software_2024/autonav_ws/install/setup.zsh'
